{"/Users/lorenzocataldi/Desktop/School/King's College London/YEAR 2/SEG/SEG-Large_Group/CloudChasers/.eslintrc.js": {"path":"/Users/lorenzocataldi/Desktop/School/King's College London/YEAR 2/SEG/SEG-Large_Group/CloudChasers/.eslintrc.js","statementMap":{"0":{"start":{"line":1,"column":0},"end":{"line":50,"column":1}}},"fnMap":{},"branchMap":{},"s":{"0":0},"f":{},"b":{}}
,"/Users/lorenzocataldi/Desktop/School/King's College London/YEAR 2/SEG/SEG-Large_Group/CloudChasers/App.js": {"path":"/Users/lorenzocataldi/Desktop/School/King's College London/YEAR 2/SEG/SEG-Large_Group/CloudChasers/App.js","statementMap":{"0":{"start":{"line":39,"column":14},"end":{"line":39,"column":36}},"1":{"start":{"line":51,"column":23},"end":{"line":61,"column":3}},"2":{"start":{"line":63,"column":41},"end":{"line":63,"column":55}},"3":{"start":{"line":66,"column":1},"end":{"line":70,"column":8}},"4":{"start":{"line":67,"column":2},"end":{"line":69,"column":3}},"5":{"start":{"line":68,"column":3},"end":{"line":68,"column":49}},"6":{"start":{"line":72,"column":1},"end":{"line":84,"column":8}},"7":{"start":{"line":73,"column":21},"end":{"line":80,"column":3}},"8":{"start":{"line":74,"column":3},"end":{"line":79,"column":4}},"9":{"start":{"line":75,"column":18},"end":{"line":75,"column":53}},"10":{"start":{"line":76,"column":4},"end":{"line":76,"column":45}},"11":{"start":{"line":78,"column":4},"end":{"line":78,"column":23}},"12":{"start":{"line":82,"column":2},"end":{"line":82,"column":15}},"13":{"start":{"line":83,"column":2},"end":{"line":83,"column":23}},"14":{"start":{"line":86,"column":1},"end":{"line":88,"column":2}},"15":{"start":{"line":87,"column":2},"end":{"line":87,"column":14}},"16":{"start":{"line":92,"column":1},"end":{"line":113,"column":3}}},"fnMap":{"0":{"name":"App","decl":{"start":{"line":50,"column":24},"end":{"line":50,"column":27}},"loc":{"start":{"line":50,"column":30},"end":{"line":114,"column":1}},"line":50},"1":{"name":"(anonymous_1)","decl":{"start":{"line":66,"column":11},"end":{"line":66,"column":12}},"loc":{"start":{"line":66,"column":17},"end":{"line":70,"column":2}},"line":66},"2":{"name":"(anonymous_2)","decl":{"start":{"line":72,"column":11},"end":{"line":72,"column":12}},"loc":{"start":{"line":72,"column":17},"end":{"line":84,"column":2}},"line":72},"3":{"name":"(anonymous_3)","decl":{"start":{"line":73,"column":21},"end":{"line":73,"column":22}},"loc":{"start":{"line":73,"column":33},"end":{"line":80,"column":3}},"line":73}},"branchMap":{"0":{"loc":{"start":{"line":67,"column":2},"end":{"line":69,"column":3}},"type":"if","locations":[{"start":{"line":67,"column":2},"end":{"line":69,"column":3}},{"start":{},"end":{}}],"line":67},"1":{"loc":{"start":{"line":76,"column":20},"end":{"line":76,"column":43}},"type":"cond-expr","locations":[{"start":{"line":76,"column":28},"end":{"line":76,"column":34}},{"start":{"line":76,"column":37},"end":{"line":76,"column":43}}],"line":76},"2":{"loc":{"start":{"line":86,"column":1},"end":{"line":88,"column":2}},"type":"if","locations":[{"start":{"line":86,"column":1},"end":{"line":88,"column":2}},{"start":{},"end":{}}],"line":86},"3":{"loc":{"start":{"line":86,"column":5},"end":{"line":86,"column":34}},"type":"binary-expr","locations":[{"start":{"line":86,"column":5},"end":{"line":86,"column":17}},{"start":{"line":86,"column":21},"end":{"line":86,"column":34}}],"line":86}},"s":{"0":0,"1":0,"2":0,"3":0,"4":0,"5":0,"6":0,"7":0,"8":0,"9":0,"10":0,"11":0,"12":0,"13":0,"14":0,"15":0,"16":0},"f":{"0":0,"1":0,"2":0,"3":0},"b":{"0":[0,0],"1":[0,0],"2":[0,0],"3":[0,0]}}
,"/Users/lorenzocataldi/Desktop/School/King's College London/YEAR 2/SEG/SEG-Large_Group/CloudChasers/backend/server.js": {"path":"/Users/lorenzocataldi/Desktop/School/King's College London/YEAR 2/SEG/SEG-Large_Group/CloudChasers/backend/server.js","statementMap":{"0":{"start":{"line":2,"column":11},"end":{"line":2,"column":24}},"1":{"start":{"line":3,"column":13},"end":{"line":3,"column":28}},"2":{"start":{"line":4,"column":16},"end":{"line":4,"column":34}},"3":{"start":{"line":5,"column":28},"end":{"line":5,"column":50}},"4":{"start":{"line":6,"column":17},"end":{"line":6,"column":36}},"5":{"start":{"line":7,"column":11},"end":{"line":7,"column":24}},"6":{"start":{"line":8,"column":19},"end":{"line":8,"column":49}},"7":{"start":{"line":9,"column":19},"end":{"line":9,"column":49}},"8":{"start":{"line":10,"column":24},"end":{"line":10,"column":59}},"9":{"start":{"line":11,"column":20},"end":{"line":11,"column":51}},"10":{"start":{"line":12,"column":20},"end":{"line":12,"column":51}},"11":{"start":{"line":13,"column":19},"end":{"line":13,"column":49}},"12":{"start":{"line":14,"column":20},"end":{"line":14,"column":51}},"13":{"start":{"line":17,"column":0},"end":{"line":17,"column":27}},"14":{"start":{"line":19,"column":12},"end":{"line":19,"column":21}},"15":{"start":{"line":20,"column":0},"end":{"line":20,"column":24}},"16":{"start":{"line":22,"column":24},"end":{"line":25,"column":2}},"17":{"start":{"line":27,"column":12},"end":{"line":27,"column":36}},"18":{"start":{"line":29,"column":0},"end":{"line":35,"column":4}},"19":{"start":{"line":31,"column":2},"end":{"line":31,"column":44}},"20":{"start":{"line":34,"column":2},"end":{"line":34,"column":61}},"21":{"start":{"line":39,"column":0},"end":{"line":39,"column":29}},"22":{"start":{"line":40,"column":0},"end":{"line":40,"column":25}},"23":{"start":{"line":41,"column":0},"end":{"line":41,"column":39}},"24":{"start":{"line":42,"column":0},"end":{"line":42,"column":31}},"25":{"start":{"line":43,"column":0},"end":{"line":43,"column":31}},"26":{"start":{"line":44,"column":0},"end":{"line":44,"column":30}},"27":{"start":{"line":45,"column":0},"end":{"line":45,"column":32}},"28":{"start":{"line":47,"column":18},"end":{"line":47,"column":57}},"29":{"start":{"line":49,"column":26},"end":{"line":49,"column":48}},"30":{"start":{"line":60,"column":0},"end":{"line":60,"column":21}}},"fnMap":{"0":{"name":"(anonymous_0)","decl":{"start":{"line":30,"column":7},"end":{"line":30,"column":8}},"loc":{"start":{"line":30,"column":13},"end":{"line":32,"column":2}},"line":30},"1":{"name":"(anonymous_1)","decl":{"start":{"line":33,"column":8},"end":{"line":33,"column":9}},"loc":{"start":{"line":33,"column":17},"end":{"line":35,"column":2}},"line":33}},"branchMap":{},"s":{"0":0,"1":0,"2":0,"3":0,"4":0,"5":0,"6":0,"7":0,"8":0,"9":0,"10":0,"11":0,"12":0,"13":0,"14":0,"15":0,"16":0,"17":0,"18":0,"19":0,"20":0,"21":0,"22":0,"23":0,"24":0,"25":0,"26":0,"27":0,"28":0,"29":0,"30":0},"f":{"0":0,"1":0},"b":{}}
,"/Users/lorenzocataldi/Desktop/School/King's College London/YEAR 2/SEG/SEG-Large_Group/CloudChasers/backend/startServer.js": {"path":"/Users/lorenzocataldi/Desktop/School/King's College London/YEAR 2/SEG/SEG-Large_Group/CloudChasers/backend/startServer.js","statementMap":{"0":{"start":{"line":1,"column":12},"end":{"line":1,"column":31}},"1":{"start":{"line":2,"column":11},"end":{"line":2,"column":24}},"2":{"start":{"line":3,"column":13},"end":{"line":3,"column":28}},"3":{"start":{"line":4,"column":11},"end":{"line":4,"column":24}},"4":{"start":{"line":6,"column":13},"end":{"line":6,"column":37}},"5":{"start":{"line":7,"column":26},"end":{"line":7,"column":48}},"6":{"start":{"line":10,"column":0},"end":{"line":18,"column":1}},"7":{"start":{"line":11,"column":1},"end":{"line":16,"column":2}},"8":{"start":{"line":12,"column":2},"end":{"line":15,"column":3}},"9":{"start":{"line":13,"column":3},"end":{"line":13,"column":39}},"10":{"start":{"line":14,"column":3},"end":{"line":14,"column":9}},"11":{"start":{"line":17,"column":1},"end":{"line":17,"column":21}},"12":{"start":{"line":17,"column":15},"end":{"line":17,"column":21}},"13":{"start":{"line":19,"column":0},"end":{"line":26,"column":3}},"14":{"start":{"line":20,"column":1},"end":{"line":20,"column":65}},"15":{"start":{"line":22,"column":1},"end":{"line":25,"column":3}}},"fnMap":{"0":{"name":"(anonymous_0)","decl":{"start":{"line":19,"column":17},"end":{"line":19,"column":18}},"loc":{"start":{"line":19,"column":23},"end":{"line":26,"column":1}},"line":19}},"branchMap":{"0":{"loc":{"start":{"line":6,"column":13},"end":{"line":6,"column":37}},"type":"binary-expr","locations":[{"start":{"line":6,"column":13},"end":{"line":6,"column":29}},{"start":{"line":6,"column":33},"end":{"line":6,"column":37}}],"line":6},"1":{"loc":{"start":{"line":12,"column":2},"end":{"line":15,"column":3}},"type":"if","locations":[{"start":{"line":12,"column":2},"end":{"line":15,"column":3}},{"start":{},"end":{}}],"line":12},"2":{"loc":{"start":{"line":12,"column":6},"end":{"line":12,"column":70}},"type":"binary-expr","locations":[{"start":{"line":12,"column":6},"end":{"line":12,"column":40}},{"start":{"line":12,"column":44},"end":{"line":12,"column":70}}],"line":12},"3":{"loc":{"start":{"line":17,"column":1},"end":{"line":17,"column":21}},"type":"if","locations":[{"start":{"line":17,"column":1},"end":{"line":17,"column":21}},{"start":{},"end":{}}],"line":17}},"s":{"0":0,"1":0,"2":0,"3":0,"4":0,"5":0,"6":0,"7":0,"8":0,"9":0,"10":0,"11":0,"12":0,"13":0,"14":0,"15":0},"f":{"0":0},"b":{"0":[0,0],"1":[0,0],"2":[0,0],"3":[0,0]}}
,"/Users/lorenzocataldi/Desktop/School/King's College London/YEAR 2/SEG/SEG-Large_Group/CloudChasers/backend/controllers/awardController.js": {"path":"/Users/lorenzocataldi/Desktop/School/King's College London/YEAR 2/SEG/SEG-Large_Group/CloudChasers/backend/controllers/awardController.js","statementMap":{"0":{"start":{"line":3,"column":16},"end":{"line":3,"column":35}},"1":{"start":{"line":4,"column":22},"end":{"line":4,"column":56}},"2":{"start":{"line":5,"column":26},"end":{"line":5,"column":64}},"3":{"start":{"line":6,"column":13},"end":{"line":6,"column":38}},"4":{"start":{"line":7,"column":22},"end":{"line":7,"column":56}},"5":{"start":{"line":8,"column":23},"end":{"line":8,"column":57}},"6":{"start":{"line":10,"column":0},"end":{"line":26,"column":1}},"7":{"start":{"line":11,"column":1},"end":{"line":25,"column":2}},"8":{"start":{"line":12,"column":42},"end":{"line":12,"column":50}},"9":{"start":{"line":13,"column":15},"end":{"line":13,"column":23}},"10":{"start":{"line":14,"column":2},"end":{"line":16,"column":3}},"11":{"start":{"line":15,"column":3},"end":{"line":15,"column":73}},"12":{"start":{"line":17,"column":19},"end":{"line":20,"column":4}},"13":{"start":{"line":21,"column":2},"end":{"line":21,"column":24}},"14":{"start":{"line":22,"column":2},"end":{"line":22,"column":77}},"15":{"start":{"line":24,"column":2},"end":{"line":24,"column":59}},"16":{"start":{"line":28,"column":0},"end":{"line":35,"column":1}},"17":{"start":{"line":29,"column":1},"end":{"line":34,"column":2}},"18":{"start":{"line":30,"column":17},"end":{"line":30,"column":37}},"19":{"start":{"line":31,"column":2},"end":{"line":31,"column":50}},"20":{"start":{"line":33,"column":2},"end":{"line":33,"column":59}},"21":{"start":{"line":37,"column":0},"end":{"line":45,"column":1}},"22":{"start":{"line":38,"column":1},"end":{"line":44,"column":2}},"23":{"start":{"line":39,"column":22},"end":{"line":39,"column":30}},"24":{"start":{"line":40,"column":16},"end":{"line":40,"column":53}},"25":{"start":{"line":41,"column":2},"end":{"line":41,"column":48}},"26":{"start":{"line":43,"column":2},"end":{"line":43,"column":59}},"27":{"start":{"line":47,"column":0},"end":{"line":63,"column":1}},"28":{"start":{"line":48,"column":1},"end":{"line":62,"column":2}},"29":{"start":{"line":49,"column":22},"end":{"line":49,"column":30}},"30":{"start":{"line":50,"column":15},"end":{"line":50,"column":23}},"31":{"start":{"line":51,"column":16},"end":{"line":51,"column":53}},"32":{"start":{"line":52,"column":2},"end":{"line":54,"column":3}},"33":{"start":{"line":53,"column":3},"end":{"line":53,"column":68}},"34":{"start":{"line":55,"column":2},"end":{"line":57,"column":3}},"35":{"start":{"line":56,"column":3},"end":{"line":56,"column":75}},"36":{"start":{"line":58,"column":20},"end":{"line":58,"column":74}},"37":{"start":{"line":59,"column":2},"end":{"line":59,"column":76}},"38":{"start":{"line":61,"column":2},"end":{"line":61,"column":59}},"39":{"start":{"line":65,"column":0},"end":{"line":73,"column":1}},"40":{"start":{"line":66,"column":1},"end":{"line":72,"column":2}},"41":{"start":{"line":67,"column":15},"end":{"line":67,"column":23}},"42":{"start":{"line":68,"column":17},"end":{"line":68,"column":67}},"43":{"start":{"line":69,"column":2},"end":{"line":69,"column":50}},"44":{"start":{"line":71,"column":2},"end":{"line":71,"column":59}},"45":{"start":{"line":75,"column":0},"end":{"line":112,"column":1}},"46":{"start":{"line":77,"column":1},"end":{"line":111,"column":2}},"47":{"start":{"line":78,"column":15},"end":{"line":78,"column":23}},"48":{"start":{"line":79,"column":2},"end":{"line":79,"column":17}},"49":{"start":{"line":80,"column":2},"end":{"line":82,"column":3}},"50":{"start":{"line":81,"column":3},"end":{"line":81,"column":34}},"51":{"start":{"line":83,"column":2},"end":{"line":85,"column":3}},"52":{"start":{"line":84,"column":3},"end":{"line":84,"column":35}},"53":{"start":{"line":86,"column":2},"end":{"line":88,"column":3}},"54":{"start":{"line":87,"column":3},"end":{"line":87,"column":35}},"55":{"start":{"line":89,"column":2},"end":{"line":91,"column":3}},"56":{"start":{"line":90,"column":3},"end":{"line":90,"column":36}},"57":{"start":{"line":92,"column":2},"end":{"line":94,"column":3}},"58":{"start":{"line":93,"column":3},"end":{"line":93,"column":33}},"59":{"start":{"line":95,"column":2},"end":{"line":97,"column":3}},"60":{"start":{"line":96,"column":3},"end":{"line":96,"column":34}},"61":{"start":{"line":98,"column":2},"end":{"line":100,"column":3}},"62":{"start":{"line":99,"column":3},"end":{"line":99,"column":35}},"63":{"start":{"line":101,"column":26},"end":{"line":101,"column":28}},"64":{"start":{"line":103,"column":2},"end":{"line":107,"column":3}},"65":{"start":{"line":104,"column":17},"end":{"line":104,"column":64}},"66":{"start":{"line":105,"column":22},"end":{"line":105,"column":76}},"67":{"start":{"line":106,"column":3},"end":{"line":106,"column":55}},"68":{"start":{"line":108,"column":2},"end":{"line":108,"column":49}},"69":{"start":{"line":110,"column":2},"end":{"line":110,"column":59}},"70":{"start":{"line":114,"column":0},"end":{"line":124,"column":1}},"71":{"start":{"line":115,"column":1},"end":{"line":123,"column":2}},"72":{"start":{"line":116,"column":15},"end":{"line":116,"column":23}},"73":{"start":{"line":117,"column":17},"end":{"line":117,"column":52}},"74":{"start":{"line":118,"column":26},"end":{"line":118,"column":39}},"75":{"start":{"line":119,"column":22},"end":{"line":119,"column":65}},"76":{"start":{"line":120,"column":2},"end":{"line":120,"column":135}},"77":{"start":{"line":122,"column":2},"end":{"line":122,"column":59}},"78":{"start":{"line":127,"column":16},"end":{"line":127,"column":33}},"79":{"start":{"line":128,"column":1},"end":{"line":131,"column":21}},"80":{"start":{"line":129,"column":16},"end":{"line":129,"column":97}},"81":{"start":{"line":130,"column":2},"end":{"line":130,"column":15}},"82":{"start":{"line":131,"column":8},"end":{"line":131,"column":21}},"83":{"start":{"line":135,"column":16},"end":{"line":135,"column":30}},"84":{"start":{"line":136,"column":24},"end":{"line":136,"column":68}},"85":{"start":{"line":137,"column":1},"end":{"line":140,"column":2}},"86":{"start":{"line":138,"column":38},"end":{"line":138,"column":118}},"87":{"start":{"line":139,"column":2},"end":{"line":139,"column":38}},"88":{"start":{"line":141,"column":1},"end":{"line":141,"column":14}},"89":{"start":{"line":145,"column":16},"end":{"line":145,"column":30}},"90":{"start":{"line":146,"column":24},"end":{"line":146,"column":69}},"91":{"start":{"line":147,"column":1},"end":{"line":152,"column":2}},"92":{"start":{"line":148,"column":2},"end":{"line":150,"column":3}},"93":{"start":{"line":149,"column":3},"end":{"line":149,"column":89}},"94":{"start":{"line":151,"column":2},"end":{"line":151,"column":97}},"95":{"start":{"line":153,"column":1},"end":{"line":153,"column":14}},"96":{"start":{"line":157,"column":16},"end":{"line":157,"column":42}},"97":{"start":{"line":158,"column":1},"end":{"line":158,"column":15}},"98":{"start":{"line":162,"column":16},"end":{"line":162,"column":36}},"99":{"start":{"line":163,"column":1},"end":{"line":167,"column":2}},"100":{"start":{"line":164,"column":2},"end":{"line":166,"column":3}},"101":{"start":{"line":165,"column":3},"end":{"line":165,"column":16}},"102":{"start":{"line":168,"column":1},"end":{"line":168,"column":13}},"103":{"start":{"line":172,"column":18},"end":{"line":176,"column":3}},"104":{"start":{"line":177,"column":1},"end":{"line":177,"column":23}},"105":{"start":{"line":178,"column":1},"end":{"line":178,"column":17}},"106":{"start":{"line":182,"column":15},"end":{"line":182,"column":92}},"107":{"start":{"line":183,"column":1},"end":{"line":185,"column":2}},"108":{"start":{"line":184,"column":2},"end":{"line":184,"column":14}},"109":{"start":{"line":186,"column":1},"end":{"line":186,"column":14}},"110":{"start":{"line":190,"column":1},"end":{"line":195,"column":2}},"111":{"start":{"line":191,"column":2},"end":{"line":194,"column":3}},"112":{"start":{"line":193,"column":3},"end":{"line":193,"column":15}},"113":{"start":{"line":196,"column":1},"end":{"line":196,"column":14}},"114":{"start":{"line":200,"column":14},"end":{"line":200,"column":16}},"115":{"start":{"line":201,"column":28},"end":{"line":201,"column":75}},"116":{"start":{"line":202,"column":1},"end":{"line":206,"column":2}},"117":{"start":{"line":203,"column":18},"end":{"line":203,"column":44}},"118":{"start":{"line":204,"column":20},"end":{"line":204,"column":63}},"119":{"start":{"line":205,"column":2},"end":{"line":205,"column":25}},"120":{"start":{"line":207,"column":1},"end":{"line":207,"column":14}}},"fnMap":{"0":{"name":"(anonymous_0)","decl":{"start":{"line":10,"column":22},"end":{"line":10,"column":23}},"loc":{"start":{"line":10,"column":42},"end":{"line":26,"column":1}},"line":10},"1":{"name":"(anonymous_1)","decl":{"start":{"line":28,"column":23},"end":{"line":28,"column":24}},"loc":{"start":{"line":28,"column":43},"end":{"line":35,"column":1}},"line":28},"2":{"name":"(anonymous_2)","decl":{"start":{"line":37,"column":19},"end":{"line":37,"column":20}},"loc":{"start":{"line":37,"column":39},"end":{"line":45,"column":1}},"line":37},"3":{"name":"(anonymous_3)","decl":{"start":{"line":47,"column":20},"end":{"line":47,"column":21}},"loc":{"start":{"line":47,"column":40},"end":{"line":63,"column":1}},"line":47},"4":{"name":"(anonymous_4)","decl":{"start":{"line":65,"column":24},"end":{"line":65,"column":25}},"loc":{"start":{"line":65,"column":44},"end":{"line":73,"column":1}},"line":65},"5":{"name":"(anonymous_5)","decl":{"start":{"line":75,"column":30},"end":{"line":75,"column":31}},"loc":{"start":{"line":75,"column":50},"end":{"line":112,"column":1}},"line":75},"6":{"name":"(anonymous_6)","decl":{"start":{"line":114,"column":37},"end":{"line":114,"column":38}},"loc":{"start":{"line":114,"column":57},"end":{"line":124,"column":1}},"line":114},"7":{"name":"issueStreakAwardQuery","decl":{"start":{"line":126,"column":15},"end":{"line":126,"column":36}},"loc":{"start":{"line":126,"column":46},"end":{"line":132,"column":1}},"line":126},"8":{"name":"issueJoinCommunityAwardQuery","decl":{"start":{"line":134,"column":15},"end":{"line":134,"column":43}},"loc":{"start":{"line":134,"column":50},"end":{"line":142,"column":1}},"line":134},"9":{"name":"issueMakePostAwardQuery","decl":{"start":{"line":144,"column":15},"end":{"line":144,"column":38}},"loc":{"start":{"line":144,"column":48},"end":{"line":154,"column":1}},"line":144},"10":{"name":"getAllAwards","decl":{"start":{"line":156,"column":15},"end":{"line":156,"column":27}},"loc":{"start":{"line":156,"column":30},"end":{"line":159,"column":1}},"line":156},"11":{"name":"checkNameIsUnique","decl":{"start":{"line":161,"column":15},"end":{"line":161,"column":32}},"loc":{"start":{"line":161,"column":39},"end":{"line":169,"column":1}},"line":161},"12":{"name":"createAwardItem","decl":{"start":{"line":171,"column":15},"end":{"line":171,"column":30}},"loc":{"start":{"line":171,"column":48},"end":{"line":179,"column":1}},"line":171},"13":{"name":"checkIfUserHasAward","decl":{"start":{"line":181,"column":15},"end":{"line":181,"column":34}},"loc":{"start":{"line":181,"column":52},"end":{"line":187,"column":1}},"line":181},"14":{"name":"checkIfAwardByNameExists","decl":{"start":{"line":189,"column":9},"end":{"line":189,"column":33}},"loc":{"start":{"line":189,"column":48},"end":{"line":197,"column":1}},"line":189},"15":{"name":"getUserAwards","decl":{"start":{"line":199,"column":15},"end":{"line":199,"column":28}},"loc":{"start":{"line":199,"column":39},"end":{"line":208,"column":1}},"line":199}},"branchMap":{"0":{"loc":{"start":{"line":14,"column":2},"end":{"line":16,"column":3}},"type":"if","locations":[{"start":{"line":14,"column":2},"end":{"line":16,"column":3}},{"start":{},"end":{}}],"line":14},"1":{"loc":{"start":{"line":52,"column":2},"end":{"line":54,"column":3}},"type":"if","locations":[{"start":{"line":52,"column":2},"end":{"line":54,"column":3}},{"start":{},"end":{}}],"line":52},"2":{"loc":{"start":{"line":55,"column":2},"end":{"line":57,"column":3}},"type":"if","locations":[{"start":{"line":55,"column":2},"end":{"line":57,"column":3}},{"start":{},"end":{}}],"line":55},"3":{"loc":{"start":{"line":80,"column":2},"end":{"line":82,"column":3}},"type":"if","locations":[{"start":{"line":80,"column":2},"end":{"line":82,"column":3}},{"start":{},"end":{}}],"line":80},"4":{"loc":{"start":{"line":83,"column":2},"end":{"line":85,"column":3}},"type":"if","locations":[{"start":{"line":83,"column":2},"end":{"line":85,"column":3}},{"start":{},"end":{}}],"line":83},"5":{"loc":{"start":{"line":86,"column":2},"end":{"line":88,"column":3}},"type":"if","locations":[{"start":{"line":86,"column":2},"end":{"line":88,"column":3}},{"start":{},"end":{}}],"line":86},"6":{"loc":{"start":{"line":89,"column":2},"end":{"line":91,"column":3}},"type":"if","locations":[{"start":{"line":89,"column":2},"end":{"line":91,"column":3}},{"start":{},"end":{}}],"line":89},"7":{"loc":{"start":{"line":92,"column":2},"end":{"line":94,"column":3}},"type":"if","locations":[{"start":{"line":92,"column":2},"end":{"line":94,"column":3}},{"start":{},"end":{}}],"line":92},"8":{"loc":{"start":{"line":95,"column":2},"end":{"line":97,"column":3}},"type":"if","locations":[{"start":{"line":95,"column":2},"end":{"line":97,"column":3}},{"start":{},"end":{}}],"line":95},"9":{"loc":{"start":{"line":98,"column":2},"end":{"line":100,"column":3}},"type":"if","locations":[{"start":{"line":98,"column":2},"end":{"line":100,"column":3}},{"start":{},"end":{}}],"line":98},"10":{"loc":{"start":{"line":128,"column":1},"end":{"line":131,"column":21}},"type":"if","locations":[{"start":{"line":128,"column":1},"end":{"line":131,"column":21}},{"start":{"line":131,"column":8},"end":{"line":131,"column":21}}],"line":128},"11":{"loc":{"start":{"line":137,"column":1},"end":{"line":140,"column":2}},"type":"if","locations":[{"start":{"line":137,"column":1},"end":{"line":140,"column":2}},{"start":{},"end":{}}],"line":137},"12":{"loc":{"start":{"line":147,"column":1},"end":{"line":152,"column":2}},"type":"if","locations":[{"start":{"line":147,"column":1},"end":{"line":152,"column":2}},{"start":{},"end":{}}],"line":147},"13":{"loc":{"start":{"line":148,"column":2},"end":{"line":150,"column":3}},"type":"if","locations":[{"start":{"line":148,"column":2},"end":{"line":150,"column":3}},{"start":{},"end":{}}],"line":148},"14":{"loc":{"start":{"line":164,"column":2},"end":{"line":166,"column":3}},"type":"if","locations":[{"start":{"line":164,"column":2},"end":{"line":166,"column":3}},{"start":{},"end":{}}],"line":164},"15":{"loc":{"start":{"line":183,"column":1},"end":{"line":185,"column":2}},"type":"if","locations":[{"start":{"line":183,"column":1},"end":{"line":185,"column":2}},{"start":{},"end":{}}],"line":183},"16":{"loc":{"start":{"line":191,"column":2},"end":{"line":194,"column":3}},"type":"if","locations":[{"start":{"line":191,"column":2},"end":{"line":194,"column":3}},{"start":{},"end":{}}],"line":191}},"s":{"0":0,"1":0,"2":0,"3":0,"4":0,"5":0,"6":0,"7":0,"8":0,"9":0,"10":0,"11":0,"12":0,"13":0,"14":0,"15":0,"16":0,"17":0,"18":0,"19":0,"20":0,"21":0,"22":0,"23":0,"24":0,"25":0,"26":0,"27":0,"28":0,"29":0,"30":0,"31":0,"32":0,"33":0,"34":0,"35":0,"36":0,"37":0,"38":0,"39":0,"40":0,"41":0,"42":0,"43":0,"44":0,"45":0,"46":0,"47":0,"48":0,"49":0,"50":0,"51":0,"52":0,"53":0,"54":0,"55":0,"56":0,"57":0,"58":0,"59":0,"60":0,"61":0,"62":0,"63":0,"64":0,"65":0,"66":0,"67":0,"68":0,"69":0,"70":0,"71":0,"72":0,"73":0,"74":0,"75":0,"76":0,"77":0,"78":0,"79":0,"80":0,"81":0,"82":0,"83":0,"84":0,"85":0,"86":0,"87":0,"88":0,"89":0,"90":0,"91":0,"92":0,"93":0,"94":0,"95":0,"96":0,"97":0,"98":0,"99":0,"100":0,"101":0,"102":0,"103":0,"104":0,"105":0,"106":0,"107":0,"108":0,"109":0,"110":0,"111":0,"112":0,"113":0,"114":0,"115":0,"116":0,"117":0,"118":0,"119":0,"120":0},"f":{"0":0,"1":0,"2":0,"3":0,"4":0,"5":0,"6":0,"7":0,"8":0,"9":0,"10":0,"11":0,"12":0,"13":0,"14":0,"15":0},"b":{"0":[0,0],"1":[0,0],"2":[0,0],"3":[0,0],"4":[0,0],"5":[0,0],"6":[0,0],"7":[0,0],"8":[0,0],"9":[0,0],"10":[0,0],"11":[0,0],"12":[0,0],"13":[0,0],"14":[0,0],"15":[0,0],"16":[0,0]}}
,"/Users/lorenzocataldi/Desktop/School/King's College London/YEAR 2/SEG/SEG-Large_Group/CloudChasers/backend/controllers/communityController.js": {"path":"/Users/lorenzocataldi/Desktop/School/King's College London/YEAR 2/SEG/SEG-Large_Group/CloudChasers/backend/controllers/communityController.js","statementMap":{"0":{"start":{"line":2,"column":15},"end":{"line":2,"column":32}},"1":{"start":{"line":3,"column":12},"end":{"line":3,"column":35}},"2":{"start":{"line":4,"column":13},"end":{"line":4,"column":38}},"3":{"start":{"line":5,"column":18},"end":{"line":5,"column":48}},"4":{"start":{"line":6,"column":22},"end":{"line":6,"column":56}},"5":{"start":{"line":7,"column":22},"end":{"line":7,"column":56}},"6":{"start":{"line":8,"column":20},"end":{"line":8,"column":48}},"7":{"start":{"line":29,"column":0},"end":{"line":62,"column":2}},"8":{"start":{"line":30,"column":59},"end":{"line":30,"column":67}},"9":{"start":{"line":31,"column":1},"end":{"line":61,"column":2}},"10":{"start":{"line":32,"column":15},"end":{"line":32,"column":23}},"11":{"start":{"line":33,"column":20},"end":{"line":33,"column":53}},"12":{"start":{"line":34,"column":2},"end":{"line":36,"column":3}},"13":{"start":{"line":35,"column":3},"end":{"line":35,"column":72}},"14":{"start":{"line":38,"column":23},"end":{"line":44,"column":4}},"15":{"start":{"line":46,"column":2},"end":{"line":46,"column":28}},"16":{"start":{"line":49,"column":27},"end":{"line":53,"column":4}},"17":{"start":{"line":56,"column":2},"end":{"line":56,"column":32}},"18":{"start":{"line":57,"column":2},"end":{"line":57,"column":99}},"19":{"start":{"line":60,"column":2},"end":{"line":60,"column":59}},"20":{"start":{"line":64,"column":0},"end":{"line":112,"column":2}},"21":{"start":{"line":65,"column":25},"end":{"line":65,"column":33}},"22":{"start":{"line":66,"column":1},"end":{"line":111,"column":2}},"23":{"start":{"line":68,"column":15},"end":{"line":68,"column":23}},"24":{"start":{"line":70,"column":20},"end":{"line":70,"column":57}},"25":{"start":{"line":71,"column":2},"end":{"line":73,"column":3}},"26":{"start":{"line":72,"column":3},"end":{"line":72,"column":67}},"27":{"start":{"line":75,"column":19},"end":{"line":75,"column":94}},"28":{"start":{"line":76,"column":2},"end":{"line":78,"column":3}},"29":{"start":{"line":77,"column":3},"end":{"line":77,"column":89}},"30":{"start":{"line":80,"column":23},"end":{"line":80,"column":96}},"31":{"start":{"line":81,"column":2},"end":{"line":83,"column":3}},"32":{"start":{"line":82,"column":3},"end":{"line":82,"column":96}},"33":{"start":{"line":85,"column":2},"end":{"line":107,"column":3}},"34":{"start":{"line":86,"column":23},"end":{"line":90,"column":5}},"35":{"start":{"line":91,"column":3},"end":{"line":91,"column":28}},"36":{"start":{"line":92,"column":3},"end":{"line":92,"column":83}},"37":{"start":{"line":97,"column":28},"end":{"line":101,"column":5}},"38":{"start":{"line":102,"column":3},"end":{"line":102,"column":33}},"39":{"start":{"line":105,"column":3},"end":{"line":105,"column":103}},"40":{"start":{"line":110,"column":2},"end":{"line":110,"column":59}},"41":{"start":{"line":115,"column":0},"end":{"line":141,"column":2}},"42":{"start":{"line":116,"column":25},"end":{"line":116,"column":34}},"43":{"start":{"line":117,"column":1},"end":{"line":140,"column":2}},"44":{"start":{"line":118,"column":15},"end":{"line":118,"column":23}},"45":{"start":{"line":120,"column":20},"end":{"line":120,"column":57}},"46":{"start":{"line":121,"column":2},"end":{"line":123,"column":3}},"47":{"start":{"line":122,"column":3},"end":{"line":122,"column":67}},"48":{"start":{"line":125,"column":18},"end":{"line":125,"column":108}},"49":{"start":{"line":126,"column":2},"end":{"line":128,"column":3}},"50":{"start":{"line":127,"column":3},"end":{"line":127,"column":85}},"51":{"start":{"line":130,"column":19},"end":{"line":130,"column":90}},"52":{"start":{"line":132,"column":25},"end":{"line":135,"column":5}},"53":{"start":{"line":133,"column":20},"end":{"line":133,"column":74}},"54":{"start":{"line":134,"column":3},"end":{"line":134,"column":60}},"55":{"start":{"line":136,"column":2},"end":{"line":136,"column":71}},"56":{"start":{"line":139,"column":2},"end":{"line":139,"column":59}},"57":{"start":{"line":144,"column":0},"end":{"line":180,"column":2}},"58":{"start":{"line":145,"column":23},"end":{"line":145,"column":31}},"59":{"start":{"line":146,"column":1},"end":{"line":179,"column":2}},"60":{"start":{"line":147,"column":15},"end":{"line":147,"column":23}},"61":{"start":{"line":149,"column":18},"end":{"line":149,"column":55}},"62":{"start":{"line":150,"column":2},"end":{"line":152,"column":3}},"63":{"start":{"line":151,"column":3},"end":{"line":151,"column":65}},"64":{"start":{"line":154,"column":20},"end":{"line":154,"column":65}},"65":{"start":{"line":155,"column":2},"end":{"line":157,"column":3}},"66":{"start":{"line":156,"column":3},"end":{"line":156,"column":67}},"67":{"start":{"line":159,"column":18},"end":{"line":159,"column":116}},"68":{"start":{"line":160,"column":2},"end":{"line":162,"column":3}},"69":{"start":{"line":161,"column":3},"end":{"line":161,"column":85}},"70":{"start":{"line":163,"column":2},"end":{"line":165,"column":3}},"71":{"start":{"line":164,"column":3},"end":{"line":164,"column":91}},"72":{"start":{"line":167,"column":2},"end":{"line":167,"column":74}},"73":{"start":{"line":169,"column":27},"end":{"line":173,"column":4}},"74":{"start":{"line":174,"column":2},"end":{"line":174,"column":32}},"75":{"start":{"line":175,"column":2},"end":{"line":175,"column":78}},"76":{"start":{"line":178,"column":2},"end":{"line":178,"column":59}},"77":{"start":{"line":183,"column":0},"end":{"line":212,"column":2}},"78":{"start":{"line":184,"column":23},"end":{"line":184,"column":31}},"79":{"start":{"line":185,"column":1},"end":{"line":211,"column":2}},"80":{"start":{"line":186,"column":15},"end":{"line":186,"column":23}},"81":{"start":{"line":188,"column":18},"end":{"line":188,"column":55}},"82":{"start":{"line":189,"column":2},"end":{"line":191,"column":3}},"83":{"start":{"line":190,"column":3},"end":{"line":190,"column":65}},"84":{"start":{"line":193,"column":20},"end":{"line":193,"column":65}},"85":{"start":{"line":194,"column":2},"end":{"line":196,"column":3}},"86":{"start":{"line":195,"column":3},"end":{"line":195,"column":67}},"87":{"start":{"line":198,"column":18},"end":{"line":198,"column":116}},"88":{"start":{"line":199,"column":2},"end":{"line":201,"column":3}},"89":{"start":{"line":200,"column":3},"end":{"line":200,"column":85}},"90":{"start":{"line":202,"column":2},"end":{"line":204,"column":3}},"91":{"start":{"line":203,"column":3},"end":{"line":203,"column":91}},"92":{"start":{"line":206,"column":2},"end":{"line":206,"column":74}},"93":{"start":{"line":207,"column":2},"end":{"line":207,"column":76}},"94":{"start":{"line":210,"column":2},"end":{"line":210,"column":59}},"95":{"start":{"line":214,"column":0},"end":{"line":230,"column":2}},"96":{"start":{"line":215,"column":25},"end":{"line":215,"column":34}},"97":{"start":{"line":216,"column":1},"end":{"line":229,"column":2}},"98":{"start":{"line":217,"column":15},"end":{"line":217,"column":23}},"99":{"start":{"line":219,"column":20},"end":{"line":219,"column":57}},"100":{"start":{"line":220,"column":2},"end":{"line":222,"column":3}},"101":{"start":{"line":221,"column":3},"end":{"line":221,"column":67}},"102":{"start":{"line":224,"column":16},"end":{"line":224,"column":80}},"103":{"start":{"line":225,"column":2},"end":{"line":225,"column":85}},"104":{"start":{"line":228,"column":2},"end":{"line":228,"column":59}},"105":{"start":{"line":232,"column":0},"end":{"line":262,"column":2}},"106":{"start":{"line":233,"column":25},"end":{"line":233,"column":34}},"107":{"start":{"line":234,"column":1},"end":{"line":261,"column":2}},"108":{"start":{"line":235,"column":15},"end":{"line":235,"column":23}},"109":{"start":{"line":237,"column":20},"end":{"line":237,"column":57}},"110":{"start":{"line":238,"column":2},"end":{"line":240,"column":3}},"111":{"start":{"line":239,"column":3},"end":{"line":239,"column":67}},"112":{"start":{"line":242,"column":19},"end":{"line":242,"column":94}},"113":{"start":{"line":243,"column":2},"end":{"line":245,"column":3}},"114":{"start":{"line":244,"column":3},"end":{"line":244,"column":85}},"115":{"start":{"line":247,"column":18},"end":{"line":247,"column":72}},"116":{"start":{"line":249,"column":16},"end":{"line":254,"column":5}},"117":{"start":{"line":250,"column":27},"end":{"line":250,"column":80}},"118":{"start":{"line":251,"column":30},"end":{"line":251,"column":93}},"119":{"start":{"line":252,"column":16},"end":{"line":252,"column":27}},"120":{"start":{"line":253,"column":3},"end":{"line":253,"column":140}},"121":{"start":{"line":256,"column":2},"end":{"line":256,"column":62}},"122":{"start":{"line":260,"column":2},"end":{"line":260,"column":59}},"123":{"start":{"line":264,"column":0},"end":{"line":283,"column":1}},"124":{"start":{"line":265,"column":25},"end":{"line":265,"column":34}},"125":{"start":{"line":266,"column":1},"end":{"line":282,"column":2}},"126":{"start":{"line":267,"column":15},"end":{"line":267,"column":23}},"127":{"start":{"line":269,"column":20},"end":{"line":269,"column":57}},"128":{"start":{"line":270,"column":2},"end":{"line":272,"column":3}},"129":{"start":{"line":271,"column":3},"end":{"line":271,"column":67}},"130":{"start":{"line":274,"column":15},"end":{"line":274,"column":105}},"131":{"start":{"line":275,"column":2},"end":{"line":277,"column":3}},"132":{"start":{"line":276,"column":3},"end":{"line":276,"column":73}},"133":{"start":{"line":278,"column":2},"end":{"line":278,"column":61}},"134":{"start":{"line":281,"column":2},"end":{"line":281,"column":59}},"135":{"start":{"line":286,"column":0},"end":{"line":299,"column":1}},"136":{"start":{"line":287,"column":1},"end":{"line":298,"column":2}},"137":{"start":{"line":288,"column":22},"end":{"line":288,"column":44}},"138":{"start":{"line":289,"column":2},"end":{"line":294,"column":5}},"139":{"start":{"line":289,"column":83},"end":{"line":293,"column":3}},"140":{"start":{"line":297,"column":2},"end":{"line":297,"column":59}},"141":{"start":{"line":302,"column":0},"end":{"line":318,"column":1}},"142":{"start":{"line":303,"column":1},"end":{"line":317,"column":2}},"143":{"start":{"line":304,"column":15},"end":{"line":304,"column":23}},"144":{"start":{"line":305,"column":22},"end":{"line":307,"column":4}},"145":{"start":{"line":309,"column":2},"end":{"line":313,"column":8}},"146":{"start":{"line":309,"column":83},"end":{"line":313,"column":3}},"147":{"start":{"line":316,"column":2},"end":{"line":316,"column":59}},"148":{"start":{"line":321,"column":0},"end":{"line":345,"column":1}},"149":{"start":{"line":322,"column":25},"end":{"line":322,"column":33}},"150":{"start":{"line":323,"column":1},"end":{"line":344,"column":2}},"151":{"start":{"line":324,"column":15},"end":{"line":324,"column":23}},"152":{"start":{"line":326,"column":20},"end":{"line":326,"column":57}},"153":{"start":{"line":327,"column":2},"end":{"line":329,"column":3}},"154":{"start":{"line":328,"column":3},"end":{"line":328,"column":67}},"155":{"start":{"line":331,"column":18},"end":{"line":331,"column":108}},"156":{"start":{"line":332,"column":2},"end":{"line":334,"column":3}},"157":{"start":{"line":333,"column":3},"end":{"line":333,"column":85}},"158":{"start":{"line":336,"column":2},"end":{"line":336,"column":50}},"159":{"start":{"line":338,"column":2},"end":{"line":338,"column":63}},"160":{"start":{"line":340,"column":2},"end":{"line":340,"column":79}},"161":{"start":{"line":343,"column":2},"end":{"line":343,"column":59}},"162":{"start":{"line":348,"column":0},"end":{"line":374,"column":1}},"163":{"start":{"line":349,"column":25},"end":{"line":349,"column":33}},"164":{"start":{"line":350,"column":1},"end":{"line":373,"column":2}},"165":{"start":{"line":351,"column":15},"end":{"line":351,"column":23}},"166":{"start":{"line":353,"column":20},"end":{"line":353,"column":57}},"167":{"start":{"line":354,"column":2},"end":{"line":356,"column":3}},"168":{"start":{"line":355,"column":3},"end":{"line":355,"column":67}},"169":{"start":{"line":358,"column":19},"end":{"line":358,"column":94}},"170":{"start":{"line":359,"column":2},"end":{"line":361,"column":3}},"171":{"start":{"line":360,"column":3},"end":{"line":360,"column":85}},"172":{"start":{"line":363,"column":2},"end":{"line":365,"column":3}},"173":{"start":{"line":364,"column":3},"end":{"line":364,"column":81}},"174":{"start":{"line":367,"column":2},"end":{"line":367,"column":80}},"175":{"start":{"line":369,"column":2},"end":{"line":369,"column":76}},"176":{"start":{"line":372,"column":2},"end":{"line":372,"column":59}},"177":{"start":{"line":377,"column":0},"end":{"line":403,"column":1}},"178":{"start":{"line":378,"column":33},"end":{"line":378,"column":41}},"179":{"start":{"line":379,"column":1},"end":{"line":402,"column":2}},"180":{"start":{"line":380,"column":15},"end":{"line":380,"column":23}},"181":{"start":{"line":382,"column":20},"end":{"line":382,"column":57}},"182":{"start":{"line":383,"column":2},"end":{"line":385,"column":3}},"183":{"start":{"line":384,"column":3},"end":{"line":384,"column":67}},"184":{"start":{"line":387,"column":18},"end":{"line":387,"column":108}},"185":{"start":{"line":388,"column":2},"end":{"line":390,"column":3}},"186":{"start":{"line":389,"column":3},"end":{"line":389,"column":85}},"187":{"start":{"line":392,"column":17},"end":{"line":392,"column":90}},"188":{"start":{"line":393,"column":2},"end":{"line":395,"column":3}},"189":{"start":{"line":394,"column":3},"end":{"line":394,"column":64}},"190":{"start":{"line":396,"column":2},"end":{"line":396,"column":78}},"191":{"start":{"line":398,"column":2},"end":{"line":398,"column":76}},"192":{"start":{"line":401,"column":2},"end":{"line":401,"column":59}},"193":{"start":{"line":406,"column":0},"end":{"line":428,"column":1}},"194":{"start":{"line":407,"column":38},"end":{"line":407,"column":46}},"195":{"start":{"line":408,"column":1},"end":{"line":427,"column":2}},"196":{"start":{"line":409,"column":15},"end":{"line":409,"column":23}},"197":{"start":{"line":411,"column":20},"end":{"line":411,"column":57}},"198":{"start":{"line":412,"column":2},"end":{"line":414,"column":3}},"199":{"start":{"line":413,"column":3},"end":{"line":413,"column":67}},"200":{"start":{"line":416,"column":18},"end":{"line":416,"column":108}},"201":{"start":{"line":417,"column":2},"end":{"line":419,"column":3}},"202":{"start":{"line":418,"column":3},"end":{"line":418,"column":85}},"203":{"start":{"line":421,"column":2},"end":{"line":421,"column":67}},"204":{"start":{"line":423,"column":2},"end":{"line":423,"column":79}},"205":{"start":{"line":426,"column":2},"end":{"line":426,"column":59}},"206":{"start":{"line":431,"column":0},"end":{"line":454,"column":1}},"207":{"start":{"line":432,"column":38},"end":{"line":432,"column":46}},"208":{"start":{"line":433,"column":1},"end":{"line":453,"column":2}},"209":{"start":{"line":434,"column":15},"end":{"line":434,"column":23}},"210":{"start":{"line":436,"column":20},"end":{"line":436,"column":57}},"211":{"start":{"line":437,"column":2},"end":{"line":439,"column":3}},"212":{"start":{"line":438,"column":3},"end":{"line":438,"column":67}},"213":{"start":{"line":441,"column":18},"end":{"line":441,"column":108}},"214":{"start":{"line":442,"column":2},"end":{"line":444,"column":3}},"215":{"start":{"line":443,"column":3},"end":{"line":443,"column":85}},"216":{"start":{"line":446,"column":2},"end":{"line":446,"column":92}},"217":{"start":{"line":449,"column":2},"end":{"line":449,"column":79}},"218":{"start":{"line":452,"column":2},"end":{"line":452,"column":59}},"219":{"start":{"line":456,"column":0},"end":{"line":485,"column":1}},"220":{"start":{"line":457,"column":48},"end":{"line":457,"column":56}},"221":{"start":{"line":458,"column":1},"end":{"line":484,"column":2}},"222":{"start":{"line":459,"column":15},"end":{"line":459,"column":23}},"223":{"start":{"line":461,"column":20},"end":{"line":461,"column":57}},"224":{"start":{"line":462,"column":2},"end":{"line":464,"column":3}},"225":{"start":{"line":463,"column":3},"end":{"line":463,"column":67}},"226":{"start":{"line":466,"column":19},"end":{"line":466,"column":94}},"227":{"start":{"line":467,"column":2},"end":{"line":469,"column":3}},"228":{"start":{"line":468,"column":3},"end":{"line":468,"column":85}},"229":{"start":{"line":471,"column":18},"end":{"line":478,"column":4}},"230":{"start":{"line":479,"column":2},"end":{"line":479,"column":23}},"231":{"start":{"line":480,"column":2},"end":{"line":480,"column":89}},"232":{"start":{"line":483,"column":2},"end":{"line":483,"column":59}},"233":{"start":{"line":487,"column":0},"end":{"line":517,"column":1}},"234":{"start":{"line":488,"column":25},"end":{"line":488,"column":34}},"235":{"start":{"line":489,"column":1},"end":{"line":516,"column":2}},"236":{"start":{"line":490,"column":15},"end":{"line":490,"column":23}},"237":{"start":{"line":492,"column":20},"end":{"line":492,"column":57}},"238":{"start":{"line":493,"column":2},"end":{"line":495,"column":3}},"239":{"start":{"line":494,"column":3},"end":{"line":494,"column":67}},"240":{"start":{"line":497,"column":19},"end":{"line":497,"column":94}},"241":{"start":{"line":498,"column":2},"end":{"line":500,"column":3}},"242":{"start":{"line":499,"column":3},"end":{"line":499,"column":85}},"243":{"start":{"line":502,"column":16},"end":{"line":502,"column":70}},"244":{"start":{"line":504,"column":22},"end":{"line":509,"column":4}},"245":{"start":{"line":505,"column":20},"end":{"line":505,"column":71}},"246":{"start":{"line":506,"column":28},"end":{"line":506,"column":89}},"247":{"start":{"line":507,"column":3},"end":{"line":507,"column":190}},"248":{"start":{"line":511,"column":2},"end":{"line":511,"column":68}},"249":{"start":{"line":515,"column":2},"end":{"line":515,"column":59}}},"fnMap":{"0":{"name":"(anonymous_0)","decl":{"start":{"line":29,"column":26},"end":{"line":29,"column":27}},"loc":{"start":{"line":29,"column":46},"end":{"line":62,"column":1}},"line":29},"1":{"name":"(anonymous_1)","decl":{"start":{"line":64,"column":24},"end":{"line":64,"column":25}},"loc":{"start":{"line":64,"column":44},"end":{"line":112,"column":1}},"line":64},"2":{"name":"(anonymous_2)","decl":{"start":{"line":115,"column":29},"end":{"line":115,"column":30}},"loc":{"start":{"line":115,"column":49},"end":{"line":141,"column":1}},"line":115},"3":{"name":"(anonymous_3)","decl":{"start":{"line":132,"column":56},"end":{"line":132,"column":57}},"loc":{"start":{"line":132,"column":75},"end":{"line":135,"column":3}},"line":132},"4":{"name":"(anonymous_4)","decl":{"start":{"line":144,"column":24},"end":{"line":144,"column":25}},"loc":{"start":{"line":144,"column":44},"end":{"line":180,"column":1}},"line":144},"5":{"name":"(anonymous_5)","decl":{"start":{"line":183,"column":22},"end":{"line":183,"column":23}},"loc":{"start":{"line":183,"column":42},"end":{"line":212,"column":1}},"line":183},"6":{"name":"(anonymous_6)","decl":{"start":{"line":214,"column":30},"end":{"line":214,"column":31}},"loc":{"start":{"line":214,"column":50},"end":{"line":230,"column":1}},"line":214},"7":{"name":"(anonymous_7)","decl":{"start":{"line":232,"column":30},"end":{"line":232,"column":31}},"loc":{"start":{"line":232,"column":50},"end":{"line":262,"column":1}},"line":232},"8":{"name":"(anonymous_8)","decl":{"start":{"line":249,"column":46},"end":{"line":249,"column":47}},"loc":{"start":{"line":249,"column":64},"end":{"line":254,"column":3}},"line":249},"9":{"name":"(anonymous_9)","decl":{"start":{"line":264,"column":22},"end":{"line":264,"column":23}},"loc":{"start":{"line":264,"column":42},"end":{"line":283,"column":1}},"line":264},"10":{"name":"(anonymous_10)","decl":{"start":{"line":286,"column":28},"end":{"line":286,"column":29}},"loc":{"start":{"line":286,"column":48},"end":{"line":299,"column":1}},"line":286},"11":{"name":"(anonymous_11)","decl":{"start":{"line":289,"column":69},"end":{"line":289,"column":70}},"loc":{"start":{"line":289,"column":83},"end":{"line":293,"column":3}},"line":289},"12":{"name":"(anonymous_12)","decl":{"start":{"line":302,"column":29},"end":{"line":302,"column":30}},"loc":{"start":{"line":302,"column":49},"end":{"line":318,"column":1}},"line":302},"13":{"name":"(anonymous_13)","decl":{"start":{"line":309,"column":69},"end":{"line":309,"column":70}},"loc":{"start":{"line":309,"column":83},"end":{"line":313,"column":3}},"line":309},"14":{"name":"(anonymous_14)","decl":{"start":{"line":321,"column":26},"end":{"line":321,"column":27}},"loc":{"start":{"line":321,"column":46},"end":{"line":345,"column":1}},"line":321},"15":{"name":"(anonymous_15)","decl":{"start":{"line":348,"column":25},"end":{"line":348,"column":26}},"loc":{"start":{"line":348,"column":45},"end":{"line":374,"column":1}},"line":348},"16":{"name":"(anonymous_16)","decl":{"start":{"line":377,"column":23},"end":{"line":377,"column":24}},"loc":{"start":{"line":377,"column":43},"end":{"line":403,"column":1}},"line":377},"17":{"name":"(anonymous_17)","decl":{"start":{"line":406,"column":30},"end":{"line":406,"column":31}},"loc":{"start":{"line":406,"column":50},"end":{"line":428,"column":1}},"line":406},"18":{"name":"(anonymous_18)","decl":{"start":{"line":431,"column":28},"end":{"line":431,"column":29}},"loc":{"start":{"line":431,"column":48},"end":{"line":454,"column":1}},"line":431},"19":{"name":"(anonymous_19)","decl":{"start":{"line":456,"column":19},"end":{"line":456,"column":20}},"loc":{"start":{"line":456,"column":39},"end":{"line":485,"column":1}},"line":456},"20":{"name":"(anonymous_20)","decl":{"start":{"line":487,"column":28},"end":{"line":487,"column":29}},"loc":{"start":{"line":487,"column":48},"end":{"line":517,"column":1}},"line":487},"21":{"name":"(anonymous_21)","decl":{"start":{"line":504,"column":50},"end":{"line":504,"column":51}},"loc":{"start":{"line":504,"column":66},"end":{"line":508,"column":3}},"line":504}},"branchMap":{"0":{"loc":{"start":{"line":34,"column":2},"end":{"line":36,"column":3}},"type":"if","locations":[{"start":{"line":34,"column":2},"end":{"line":36,"column":3}},{"start":{},"end":{}}],"line":34},"1":{"loc":{"start":{"line":71,"column":2},"end":{"line":73,"column":3}},"type":"if","locations":[{"start":{"line":71,"column":2},"end":{"line":73,"column":3}},{"start":{},"end":{}}],"line":71},"2":{"loc":{"start":{"line":76,"column":2},"end":{"line":78,"column":3}},"type":"if","locations":[{"start":{"line":76,"column":2},"end":{"line":78,"column":3}},{"start":{},"end":{}}],"line":76},"3":{"loc":{"start":{"line":81,"column":2},"end":{"line":83,"column":3}},"type":"if","locations":[{"start":{"line":81,"column":2},"end":{"line":83,"column":3}},{"start":{},"end":{}}],"line":81},"4":{"loc":{"start":{"line":85,"column":2},"end":{"line":107,"column":3}},"type":"if","locations":[{"start":{"line":85,"column":2},"end":{"line":107,"column":3}},{"start":{"line":94,"column":7},"end":{"line":107,"column":3}}],"line":85},"5":{"loc":{"start":{"line":121,"column":2},"end":{"line":123,"column":3}},"type":"if","locations":[{"start":{"line":121,"column":2},"end":{"line":123,"column":3}},{"start":{},"end":{}}],"line":121},"6":{"loc":{"start":{"line":126,"column":2},"end":{"line":128,"column":3}},"type":"if","locations":[{"start":{"line":126,"column":2},"end":{"line":128,"column":3}},{"start":{},"end":{}}],"line":126},"7":{"loc":{"start":{"line":150,"column":2},"end":{"line":152,"column":3}},"type":"if","locations":[{"start":{"line":150,"column":2},"end":{"line":152,"column":3}},{"start":{},"end":{}}],"line":150},"8":{"loc":{"start":{"line":155,"column":2},"end":{"line":157,"column":3}},"type":"if","locations":[{"start":{"line":155,"column":2},"end":{"line":157,"column":3}},{"start":{},"end":{}}],"line":155},"9":{"loc":{"start":{"line":160,"column":2},"end":{"line":162,"column":3}},"type":"if","locations":[{"start":{"line":160,"column":2},"end":{"line":162,"column":3}},{"start":{},"end":{}}],"line":160},"10":{"loc":{"start":{"line":163,"column":2},"end":{"line":165,"column":3}},"type":"if","locations":[{"start":{"line":163,"column":2},"end":{"line":165,"column":3}},{"start":{},"end":{}}],"line":163},"11":{"loc":{"start":{"line":189,"column":2},"end":{"line":191,"column":3}},"type":"if","locations":[{"start":{"line":189,"column":2},"end":{"line":191,"column":3}},{"start":{},"end":{}}],"line":189},"12":{"loc":{"start":{"line":194,"column":2},"end":{"line":196,"column":3}},"type":"if","locations":[{"start":{"line":194,"column":2},"end":{"line":196,"column":3}},{"start":{},"end":{}}],"line":194},"13":{"loc":{"start":{"line":199,"column":2},"end":{"line":201,"column":3}},"type":"if","locations":[{"start":{"line":199,"column":2},"end":{"line":201,"column":3}},{"start":{},"end":{}}],"line":199},"14":{"loc":{"start":{"line":202,"column":2},"end":{"line":204,"column":3}},"type":"if","locations":[{"start":{"line":202,"column":2},"end":{"line":204,"column":3}},{"start":{},"end":{}}],"line":202},"15":{"loc":{"start":{"line":220,"column":2},"end":{"line":222,"column":3}},"type":"if","locations":[{"start":{"line":220,"column":2},"end":{"line":222,"column":3}},{"start":{},"end":{}}],"line":220},"16":{"loc":{"start":{"line":238,"column":2},"end":{"line":240,"column":3}},"type":"if","locations":[{"start":{"line":238,"column":2},"end":{"line":240,"column":3}},{"start":{},"end":{}}],"line":238},"17":{"loc":{"start":{"line":243,"column":2},"end":{"line":245,"column":3}},"type":"if","locations":[{"start":{"line":243,"column":2},"end":{"line":245,"column":3}},{"start":{},"end":{}}],"line":243},"18":{"loc":{"start":{"line":270,"column":2},"end":{"line":272,"column":3}},"type":"if","locations":[{"start":{"line":270,"column":2},"end":{"line":272,"column":3}},{"start":{},"end":{}}],"line":270},"19":{"loc":{"start":{"line":275,"column":2},"end":{"line":277,"column":3}},"type":"if","locations":[{"start":{"line":275,"column":2},"end":{"line":277,"column":3}},{"start":{},"end":{}}],"line":275},"20":{"loc":{"start":{"line":327,"column":2},"end":{"line":329,"column":3}},"type":"if","locations":[{"start":{"line":327,"column":2},"end":{"line":329,"column":3}},{"start":{},"end":{}}],"line":327},"21":{"loc":{"start":{"line":332,"column":2},"end":{"line":334,"column":3}},"type":"if","locations":[{"start":{"line":332,"column":2},"end":{"line":334,"column":3}},{"start":{},"end":{}}],"line":332},"22":{"loc":{"start":{"line":354,"column":2},"end":{"line":356,"column":3}},"type":"if","locations":[{"start":{"line":354,"column":2},"end":{"line":356,"column":3}},{"start":{},"end":{}}],"line":354},"23":{"loc":{"start":{"line":359,"column":2},"end":{"line":361,"column":3}},"type":"if","locations":[{"start":{"line":359,"column":2},"end":{"line":361,"column":3}},{"start":{},"end":{}}],"line":359},"24":{"loc":{"start":{"line":363,"column":2},"end":{"line":365,"column":3}},"type":"if","locations":[{"start":{"line":363,"column":2},"end":{"line":365,"column":3}},{"start":{},"end":{}}],"line":363},"25":{"loc":{"start":{"line":383,"column":2},"end":{"line":385,"column":3}},"type":"if","locations":[{"start":{"line":383,"column":2},"end":{"line":385,"column":3}},{"start":{},"end":{}}],"line":383},"26":{"loc":{"start":{"line":388,"column":2},"end":{"line":390,"column":3}},"type":"if","locations":[{"start":{"line":388,"column":2},"end":{"line":390,"column":3}},{"start":{},"end":{}}],"line":388},"27":{"loc":{"start":{"line":393,"column":2},"end":{"line":395,"column":3}},"type":"if","locations":[{"start":{"line":393,"column":2},"end":{"line":395,"column":3}},{"start":{},"end":{}}],"line":393},"28":{"loc":{"start":{"line":412,"column":2},"end":{"line":414,"column":3}},"type":"if","locations":[{"start":{"line":412,"column":2},"end":{"line":414,"column":3}},{"start":{},"end":{}}],"line":412},"29":{"loc":{"start":{"line":417,"column":2},"end":{"line":419,"column":3}},"type":"if","locations":[{"start":{"line":417,"column":2},"end":{"line":419,"column":3}},{"start":{},"end":{}}],"line":417},"30":{"loc":{"start":{"line":437,"column":2},"end":{"line":439,"column":3}},"type":"if","locations":[{"start":{"line":437,"column":2},"end":{"line":439,"column":3}},{"start":{},"end":{}}],"line":437},"31":{"loc":{"start":{"line":442,"column":2},"end":{"line":444,"column":3}},"type":"if","locations":[{"start":{"line":442,"column":2},"end":{"line":444,"column":3}},{"start":{},"end":{}}],"line":442},"32":{"loc":{"start":{"line":462,"column":2},"end":{"line":464,"column":3}},"type":"if","locations":[{"start":{"line":462,"column":2},"end":{"line":464,"column":3}},{"start":{},"end":{}}],"line":462},"33":{"loc":{"start":{"line":467,"column":2},"end":{"line":469,"column":3}},"type":"if","locations":[{"start":{"line":467,"column":2},"end":{"line":469,"column":3}},{"start":{},"end":{}}],"line":467},"34":{"loc":{"start":{"line":493,"column":2},"end":{"line":495,"column":3}},"type":"if","locations":[{"start":{"line":493,"column":2},"end":{"line":495,"column":3}},{"start":{},"end":{}}],"line":493},"35":{"loc":{"start":{"line":498,"column":2},"end":{"line":500,"column":3}},"type":"if","locations":[{"start":{"line":498,"column":2},"end":{"line":500,"column":3}},{"start":{},"end":{}}],"line":498}},"s":{"0":0,"1":0,"2":0,"3":0,"4":0,"5":0,"6":0,"7":0,"8":0,"9":0,"10":0,"11":0,"12":0,"13":0,"14":0,"15":0,"16":0,"17":0,"18":0,"19":0,"20":0,"21":0,"22":0,"23":0,"24":0,"25":0,"26":0,"27":0,"28":0,"29":0,"30":0,"31":0,"32":0,"33":0,"34":0,"35":0,"36":0,"37":0,"38":0,"39":0,"40":0,"41":0,"42":0,"43":0,"44":0,"45":0,"46":0,"47":0,"48":0,"49":0,"50":0,"51":0,"52":0,"53":0,"54":0,"55":0,"56":0,"57":0,"58":0,"59":0,"60":0,"61":0,"62":0,"63":0,"64":0,"65":0,"66":0,"67":0,"68":0,"69":0,"70":0,"71":0,"72":0,"73":0,"74":0,"75":0,"76":0,"77":0,"78":0,"79":0,"80":0,"81":0,"82":0,"83":0,"84":0,"85":0,"86":0,"87":0,"88":0,"89":0,"90":0,"91":0,"92":0,"93":0,"94":0,"95":0,"96":0,"97":0,"98":0,"99":0,"100":0,"101":0,"102":0,"103":0,"104":0,"105":0,"106":0,"107":0,"108":0,"109":0,"110":0,"111":0,"112":0,"113":0,"114":0,"115":0,"116":0,"117":0,"118":0,"119":0,"120":0,"121":0,"122":0,"123":0,"124":0,"125":0,"126":0,"127":0,"128":0,"129":0,"130":0,"131":0,"132":0,"133":0,"134":0,"135":0,"136":0,"137":0,"138":0,"139":0,"140":0,"141":0,"142":0,"143":0,"144":0,"145":0,"146":0,"147":0,"148":0,"149":0,"150":0,"151":0,"152":0,"153":0,"154":0,"155":0,"156":0,"157":0,"158":0,"159":0,"160":0,"161":0,"162":0,"163":0,"164":0,"165":0,"166":0,"167":0,"168":0,"169":0,"170":0,"171":0,"172":0,"173":0,"174":0,"175":0,"176":0,"177":0,"178":0,"179":0,"180":0,"181":0,"182":0,"183":0,"184":0,"185":0,"186":0,"187":0,"188":0,"189":0,"190":0,"191":0,"192":0,"193":0,"194":0,"195":0,"196":0,"197":0,"198":0,"199":0,"200":0,"201":0,"202":0,"203":0,"204":0,"205":0,"206":0,"207":0,"208":0,"209":0,"210":0,"211":0,"212":0,"213":0,"214":0,"215":0,"216":0,"217":0,"218":0,"219":0,"220":0,"221":0,"222":0,"223":0,"224":0,"225":0,"226":0,"227":0,"228":0,"229":0,"230":0,"231":0,"232":0,"233":0,"234":0,"235":0,"236":0,"237":0,"238":0,"239":0,"240":0,"241":0,"242":0,"243":0,"244":0,"245":0,"246":0,"247":0,"248":0,"249":0},"f":{"0":0,"1":0,"2":0,"3":0,"4":0,"5":0,"6":0,"7":0,"8":0,"9":0,"10":0,"11":0,"12":0,"13":0,"14":0,"15":0,"16":0,"17":0,"18":0,"19":0,"20":0,"21":0},"b":{"0":[0,0],"1":[0,0],"2":[0,0],"3":[0,0],"4":[0,0],"5":[0,0],"6":[0,0],"7":[0,0],"8":[0,0],"9":[0,0],"10":[0,0],"11":[0,0],"12":[0,0],"13":[0,0],"14":[0,0],"15":[0,0],"16":[0,0],"17":[0,0],"18":[0,0],"19":[0,0],"20":[0,0],"21":[0,0],"22":[0,0],"23":[0,0],"24":[0,0],"25":[0,0],"26":[0,0],"27":[0,0],"28":[0,0],"29":[0,0],"30":[0,0],"31":[0,0],"32":[0,0],"33":[0,0],"34":[0,0],"35":[0,0]}}
,"/Users/lorenzocataldi/Desktop/School/King's College London/YEAR 2/SEG/SEG-Large_Group/CloudChasers/backend/controllers/firebaseImageController.js": {"path":"/Users/lorenzocataldi/Desktop/School/King's College London/YEAR 2/SEG/SEG-Large_Group/CloudChasers/backend/controllers/firebaseImageController.js","statementMap":{"0":{"start":{"line":8,"column":44},"end":{"line":8,"column":77}},"1":{"start":{"line":9,"column":20},"end":{"line":9,"column":52}},"2":{"start":{"line":10,"column":13},"end":{"line":10,"column":30}},"3":{"start":{"line":11,"column":15},"end":{"line":11,"column":32}},"4":{"start":{"line":12,"column":13},"end":{"line":12,"column":28}},"5":{"start":{"line":14,"column":16},"end":{"line":17,"column":2}},"6":{"start":{"line":18,"column":15},"end":{"line":18,"column":57}},"7":{"start":{"line":27,"column":0},"end":{"line":70,"column":2}},"8":{"start":{"line":29,"column":26},"end":{"line":29,"column":35}},"9":{"start":{"line":30,"column":1},"end":{"line":69,"column":2}},"10":{"start":{"line":32,"column":26},"end":{"line":32,"column":55}},"11":{"start":{"line":33,"column":23},"end":{"line":33,"column":84}},"12":{"start":{"line":34,"column":2},"end":{"line":36,"column":3}},"13":{"start":{"line":35,"column":3},"end":{"line":35,"column":171}},"14":{"start":{"line":37,"column":23},"end":{"line":37,"column":28}},"15":{"start":{"line":38,"column":2},"end":{"line":46,"column":3}},"16":{"start":{"line":38,"column":15},"end":{"line":38,"column":16}},"17":{"start":{"line":39,"column":14},"end":{"line":39,"column":62}},"18":{"start":{"line":40,"column":14},"end":{"line":40,"column":31}},"19":{"start":{"line":41,"column":16},"end":{"line":41,"column":35}},"20":{"start":{"line":42,"column":3},"end":{"line":45,"column":4}},"21":{"start":{"line":43,"column":4},"end":{"line":43,"column":26}},"22":{"start":{"line":44,"column":4},"end":{"line":44,"column":10}},"23":{"start":{"line":48,"column":2},"end":{"line":56,"column":3}},"24":{"start":{"line":49,"column":3},"end":{"line":49,"column":51}},"25":{"start":{"line":50,"column":3},"end":{"line":55,"column":4}},"26":{"start":{"line":51,"column":14},"end":{"line":51,"column":40}},"27":{"start":{"line":52,"column":4},"end":{"line":52,"column":46}},"28":{"start":{"line":54,"column":4},"end":{"line":54,"column":63}},"29":{"start":{"line":60,"column":12},"end":{"line":60,"column":38}},"30":{"start":{"line":61,"column":2},"end":{"line":61,"column":44}},"31":{"start":{"line":63,"column":2},"end":{"line":68,"column":3}},"32":{"start":{"line":64,"column":3},"end":{"line":64,"column":78}},"33":{"start":{"line":66,"column":3},"end":{"line":66,"column":24}},"34":{"start":{"line":67,"column":3},"end":{"line":67,"column":68}},"35":{"start":{"line":78,"column":0},"end":{"line":141,"column":2}},"36":{"start":{"line":79,"column":17},"end":{"line":79,"column":19}},"37":{"start":{"line":80,"column":16},"end":{"line":80,"column":18}},"38":{"start":{"line":81,"column":18},"end":{"line":81,"column":20}},"39":{"start":{"line":82,"column":20},"end":{"line":82,"column":25}},"40":{"start":{"line":83,"column":18},"end":{"line":83,"column":20}},"41":{"start":{"line":84,"column":12},"end":{"line":84,"column":66}},"42":{"start":{"line":85,"column":1},"end":{"line":94,"column":4}},"43":{"start":{"line":86,"column":2},"end":{"line":92,"column":3}},"44":{"start":{"line":87,"column":3},"end":{"line":87,"column":18}},"45":{"start":{"line":88,"column":9},"end":{"line":92,"column":3}},"46":{"start":{"line":89,"column":3},"end":{"line":89,"column":20}},"47":{"start":{"line":91,"column":3},"end":{"line":91,"column":133}},"48":{"start":{"line":95,"column":1},"end":{"line":127,"column":4}},"49":{"start":{"line":96,"column":2},"end":{"line":96,"column":32}},"50":{"start":{"line":97,"column":2},"end":{"line":97,"column":63}},"51":{"start":{"line":98,"column":2},"end":{"line":106,"column":3}},"52":{"start":{"line":99,"column":3},"end":{"line":99,"column":79}},"53":{"start":{"line":100,"column":3},"end":{"line":100,"column":54}},"54":{"start":{"line":102,"column":29},"end":{"line":102,"column":82}},"55":{"start":{"line":103,"column":3},"end":{"line":103,"column":42}},"56":{"start":{"line":104,"column":3},"end":{"line":104,"column":64}},"57":{"start":{"line":105,"column":3},"end":{"line":105,"column":54}},"58":{"start":{"line":107,"column":21},"end":{"line":107,"column":65}},"59":{"start":{"line":108,"column":2},"end":{"line":111,"column":3}},"60":{"start":{"line":109,"column":3},"end":{"line":109,"column":38}},"61":{"start":{"line":110,"column":3},"end":{"line":110,"column":170}},"62":{"start":{"line":112,"column":2},"end":{"line":115,"column":3}},"63":{"start":{"line":113,"column":3},"end":{"line":113,"column":42}},"64":{"start":{"line":114,"column":3},"end":{"line":114,"column":172}},"65":{"start":{"line":116,"column":2},"end":{"line":119,"column":5}},"66":{"start":{"line":118,"column":3},"end":{"line":118,"column":26}},"67":{"start":{"line":120,"column":2},"end":{"line":126,"column":5}},"68":{"start":{"line":121,"column":3},"end":{"line":123,"column":4}},"69":{"start":{"line":122,"column":4},"end":{"line":122,"column":34}},"70":{"start":{"line":124,"column":3},"end":{"line":124,"column":20}},"71":{"start":{"line":125,"column":3},"end":{"line":125,"column":23}},"72":{"start":{"line":128,"column":1},"end":{"line":139,"column":4}},"73":{"start":{"line":129,"column":2},"end":{"line":138,"column":3}},"74":{"start":{"line":130,"column":3},"end":{"line":130,"column":46}},"75":{"start":{"line":131,"column":3},"end":{"line":131,"column":75}},"76":{"start":{"line":132,"column":9},"end":{"line":138,"column":3}},"77":{"start":{"line":133,"column":3},"end":{"line":133,"column":36}},"78":{"start":{"line":134,"column":3},"end":{"line":134,"column":63}},"79":{"start":{"line":135,"column":9},"end":{"line":138,"column":3}},"80":{"start":{"line":136,"column":3},"end":{"line":136,"column":37}},"81":{"start":{"line":137,"column":3},"end":{"line":137,"column":69}},"82":{"start":{"line":140,"column":1},"end":{"line":140,"column":14}},"83":{"start":{"line":149,"column":16},"end":{"line":149,"column":36}},"84":{"start":{"line":150,"column":17},"end":{"line":150,"column":42}},"85":{"start":{"line":151,"column":1},"end":{"line":151,"column":18}},"86":{"start":{"line":155,"column":25},"end":{"line":155,"column":54}},"87":{"start":{"line":156,"column":22},"end":{"line":156,"column":27}},"88":{"start":{"line":157,"column":1},"end":{"line":165,"column":2}},"89":{"start":{"line":157,"column":14},"end":{"line":157,"column":15}},"90":{"start":{"line":158,"column":13},"end":{"line":158,"column":67}},"91":{"start":{"line":159,"column":13},"end":{"line":159,"column":30}},"92":{"start":{"line":160,"column":15},"end":{"line":160,"column":34}},"93":{"start":{"line":161,"column":2},"end":{"line":164,"column":3}},"94":{"start":{"line":162,"column":3},"end":{"line":162,"column":25}},"95":{"start":{"line":163,"column":3},"end":{"line":163,"column":9}},"96":{"start":{"line":166,"column":1},"end":{"line":168,"column":2}},"97":{"start":{"line":167,"column":2},"end":{"line":167,"column":15}},"98":{"start":{"line":169,"column":1},"end":{"line":169,"column":46}}},"fnMap":{"0":{"name":"(anonymous_0)","decl":{"start":{"line":27,"column":24},"end":{"line":27,"column":25}},"loc":{"start":{"line":27,"column":44},"end":{"line":70,"column":1}},"line":27},"1":{"name":"(anonymous_1)","decl":{"start":{"line":78,"column":24},"end":{"line":78,"column":25}},"loc":{"start":{"line":78,"column":44},"end":{"line":141,"column":1}},"line":78},"2":{"name":"(anonymous_2)","decl":{"start":{"line":85,"column":16},"end":{"line":85,"column":17}},"loc":{"start":{"line":85,"column":36},"end":{"line":94,"column":2}},"line":85},"3":{"name":"(anonymous_3)","decl":{"start":{"line":95,"column":15},"end":{"line":95,"column":16}},"loc":{"start":{"line":95,"column":52},"end":{"line":127,"column":2}},"line":95},"4":{"name":"(anonymous_4)","decl":{"start":{"line":116,"column":18},"end":{"line":116,"column":19}},"loc":{"start":{"line":116,"column":28},"end":{"line":119,"column":3}},"line":116},"5":{"name":"(anonymous_5)","decl":{"start":{"line":120,"column":17},"end":{"line":120,"column":18}},"loc":{"start":{"line":120,"column":29},"end":{"line":126,"column":3}},"line":120},"6":{"name":"(anonymous_6)","decl":{"start":{"line":128,"column":16},"end":{"line":128,"column":17}},"loc":{"start":{"line":128,"column":22},"end":{"line":139,"column":2}},"line":128},"7":{"name":"getFileExtension","decl":{"start":{"line":148,"column":9},"end":{"line":148,"column":25}},"loc":{"start":{"line":148,"column":36},"end":{"line":152,"column":1}},"line":148},"8":{"name":"findPreviousPhoto","decl":{"start":{"line":154,"column":15},"end":{"line":154,"column":32}},"loc":{"start":{"line":154,"column":56},"end":{"line":170,"column":1}},"line":154}},"branchMap":{"0":{"loc":{"start":{"line":34,"column":2},"end":{"line":36,"column":3}},"type":"if","locations":[{"start":{"line":34,"column":2},"end":{"line":36,"column":3}},{"start":{},"end":{}}],"line":34},"1":{"loc":{"start":{"line":42,"column":3},"end":{"line":45,"column":4}},"type":"if","locations":[{"start":{"line":42,"column":3},"end":{"line":45,"column":4}},{"start":{},"end":{}}],"line":42},"2":{"loc":{"start":{"line":48,"column":2},"end":{"line":56,"column":3}},"type":"if","locations":[{"start":{"line":48,"column":2},"end":{"line":56,"column":3}},{"start":{},"end":{}}],"line":48},"3":{"loc":{"start":{"line":50,"column":3},"end":{"line":55,"column":4}},"type":"if","locations":[{"start":{"line":50,"column":3},"end":{"line":55,"column":4}},{"start":{"line":53,"column":10},"end":{"line":55,"column":4}}],"line":50},"4":{"loc":{"start":{"line":63,"column":2},"end":{"line":68,"column":3}},"type":"if","locations":[{"start":{"line":63,"column":2},"end":{"line":68,"column":3}},{"start":{"line":65,"column":9},"end":{"line":68,"column":3}}],"line":63},"5":{"loc":{"start":{"line":86,"column":2},"end":{"line":92,"column":3}},"type":"if","locations":[{"start":{"line":86,"column":2},"end":{"line":92,"column":3}},{"start":{"line":88,"column":9},"end":{"line":92,"column":3}}],"line":86},"6":{"loc":{"start":{"line":88,"column":9},"end":{"line":92,"column":3}},"type":"if","locations":[{"start":{"line":88,"column":9},"end":{"line":92,"column":3}},{"start":{"line":90,"column":9},"end":{"line":92,"column":3}}],"line":88},"7":{"loc":{"start":{"line":98,"column":2},"end":{"line":106,"column":3}},"type":"if","locations":[{"start":{"line":98,"column":2},"end":{"line":106,"column":3}},{"start":{"line":101,"column":9},"end":{"line":106,"column":3}}],"line":98},"8":{"loc":{"start":{"line":108,"column":2},"end":{"line":111,"column":3}},"type":"if","locations":[{"start":{"line":108,"column":2},"end":{"line":111,"column":3}},{"start":{},"end":{}}],"line":108},"9":{"loc":{"start":{"line":112,"column":2},"end":{"line":115,"column":3}},"type":"if","locations":[{"start":{"line":112,"column":2},"end":{"line":115,"column":3}},{"start":{},"end":{}}],"line":112},"10":{"loc":{"start":{"line":121,"column":3},"end":{"line":123,"column":4}},"type":"if","locations":[{"start":{"line":121,"column":3},"end":{"line":123,"column":4}},{"start":{},"end":{}}],"line":121},"11":{"loc":{"start":{"line":121,"column":7},"end":{"line":121,"column":66}},"type":"binary-expr","locations":[{"start":{"line":121,"column":7},"end":{"line":121,"column":40}},{"start":{"line":121,"column":44},"end":{"line":121,"column":66}}],"line":121},"12":{"loc":{"start":{"line":129,"column":2},"end":{"line":138,"column":3}},"type":"if","locations":[{"start":{"line":129,"column":2},"end":{"line":138,"column":3}},{"start":{"line":132,"column":9},"end":{"line":138,"column":3}}],"line":129},"13":{"loc":{"start":{"line":132,"column":9},"end":{"line":138,"column":3}},"type":"if","locations":[{"start":{"line":132,"column":9},"end":{"line":138,"column":3}},{"start":{"line":135,"column":9},"end":{"line":138,"column":3}}],"line":132},"14":{"loc":{"start":{"line":135,"column":9},"end":{"line":138,"column":3}},"type":"if","locations":[{"start":{"line":135,"column":9},"end":{"line":138,"column":3}},{"start":{},"end":{}}],"line":135},"15":{"loc":{"start":{"line":161,"column":2},"end":{"line":164,"column":3}},"type":"if","locations":[{"start":{"line":161,"column":2},"end":{"line":164,"column":3}},{"start":{},"end":{}}],"line":161},"16":{"loc":{"start":{"line":166,"column":1},"end":{"line":168,"column":2}},"type":"if","locations":[{"start":{"line":166,"column":1},"end":{"line":168,"column":2}},{"start":{},"end":{}}],"line":166}},"s":{"0":0,"1":0,"2":0,"3":0,"4":0,"5":0,"6":0,"7":0,"8":0,"9":0,"10":0,"11":0,"12":0,"13":0,"14":0,"15":0,"16":0,"17":0,"18":0,"19":0,"20":0,"21":0,"22":0,"23":0,"24":0,"25":0,"26":0,"27":0,"28":0,"29":0,"30":0,"31":0,"32":0,"33":0,"34":0,"35":0,"36":0,"37":0,"38":0,"39":0,"40":0,"41":0,"42":0,"43":0,"44":0,"45":0,"46":0,"47":0,"48":0,"49":0,"50":0,"51":0,"52":0,"53":0,"54":0,"55":0,"56":0,"57":0,"58":0,"59":0,"60":0,"61":0,"62":0,"63":0,"64":0,"65":0,"66":0,"67":0,"68":0,"69":0,"70":0,"71":0,"72":0,"73":0,"74":0,"75":0,"76":0,"77":0,"78":0,"79":0,"80":0,"81":0,"82":0,"83":0,"84":0,"85":0,"86":0,"87":0,"88":0,"89":0,"90":0,"91":0,"92":0,"93":0,"94":0,"95":0,"96":0,"97":0,"98":0},"f":{"0":0,"1":0,"2":0,"3":0,"4":0,"5":0,"6":0,"7":0,"8":0},"b":{"0":[0,0],"1":[0,0],"2":[0,0],"3":[0,0],"4":[0,0],"5":[0,0],"6":[0,0],"7":[0,0],"8":[0,0],"9":[0,0],"10":[0,0],"11":[0,0],"12":[0,0],"13":[0,0],"14":[0,0],"15":[0,0],"16":[0,0]}}
,"/Users/lorenzocataldi/Desktop/School/King's College London/YEAR 2/SEG/SEG-Large_Group/CloudChasers/backend/controllers/foodController.js": {"path":"/Users/lorenzocataldi/Desktop/School/King's College London/YEAR 2/SEG/SEG-Large_Group/CloudChasers/backend/controllers/foodController.js","statementMap":{"0":{"start":{"line":2,"column":15},"end":{"line":2,"column":32}},"1":{"start":{"line":3,"column":12},"end":{"line":3,"column":35}},"2":{"start":{"line":4,"column":13},"end":{"line":4,"column":38}},"3":{"start":{"line":5,"column":16},"end":{"line":5,"column":44}},"4":{"start":{"line":6,"column":20},"end":{"line":6,"column":52}},"5":{"start":{"line":7,"column":17},"end":{"line":7,"column":46}},"6":{"start":{"line":8,"column":17},"end":{"line":8,"column":46}},"7":{"start":{"line":9,"column":13},"end":{"line":9,"column":38}},"8":{"start":{"line":10,"column":15},"end":{"line":10,"column":42}},"9":{"start":{"line":11,"column":19},"end":{"line":11,"column":50}},"10":{"start":{"line":12,"column":23},"end":{"line":12,"column":58}},"11":{"start":{"line":13,"column":17},"end":{"line":13,"column":36}},"12":{"start":{"line":18,"column":1},"end":{"line":34,"column":2}},"13":{"start":{"line":19,"column":26},"end":{"line":19,"column":65}},"14":{"start":{"line":21,"column":2},"end":{"line":30,"column":3}},"15":{"start":{"line":22,"column":3},"end":{"line":25,"column":6}},"16":{"start":{"line":26,"column":3},"end":{"line":26,"column":27}},"17":{"start":{"line":29,"column":3},"end":{"line":29,"column":26}},"18":{"start":{"line":33,"column":2},"end":{"line":33,"column":67}},"19":{"start":{"line":35,"column":1},"end":{"line":35,"column":19}},"20":{"start":{"line":41,"column":1},"end":{"line":67,"column":2}},"21":{"start":{"line":45,"column":30},"end":{"line":48,"column":4}},"22":{"start":{"line":51,"column":16},"end":{"line":51,"column":82}},"23":{"start":{"line":53,"column":2},"end":{"line":63,"column":3}},"24":{"start":{"line":54,"column":3},"end":{"line":58,"column":6}},"25":{"start":{"line":59,"column":3},"end":{"line":59,"column":31}},"26":{"start":{"line":62,"column":3},"end":{"line":62,"column":30}},"27":{"start":{"line":66,"column":2},"end":{"line":66,"column":71}},"28":{"start":{"line":68,"column":1},"end":{"line":68,"column":23}},"29":{"start":{"line":81,"column":0},"end":{"line":145,"column":2}},"30":{"start":{"line":82,"column":38},"end":{"line":82,"column":46}},"31":{"start":{"line":84,"column":1},"end":{"line":144,"column":2}},"32":{"start":{"line":85,"column":15},"end":{"line":85,"column":23}},"33":{"start":{"line":88,"column":2},"end":{"line":88,"column":42}},"34":{"start":{"line":91,"column":2},"end":{"line":91,"column":29}},"35":{"start":{"line":94,"column":15},"end":{"line":94,"column":42}},"36":{"start":{"line":95,"column":2},"end":{"line":97,"column":3}},"37":{"start":{"line":96,"column":3},"end":{"line":96,"column":60}},"38":{"start":{"line":100,"column":16},"end":{"line":100,"column":26}},"39":{"start":{"line":101,"column":2},"end":{"line":101,"column":29}},"40":{"start":{"line":104,"column":21},"end":{"line":104,"column":57}},"41":{"start":{"line":108,"column":25},"end":{"line":108,"column":70}},"42":{"start":{"line":111,"column":22},"end":{"line":114,"column":4}},"43":{"start":{"line":115,"column":2},"end":{"line":115,"column":27}},"44":{"start":{"line":118,"column":19},"end":{"line":123,"column":4}},"45":{"start":{"line":124,"column":2},"end":{"line":124,"column":24}},"46":{"start":{"line":127,"column":2},"end":{"line":127,"column":36}},"47":{"start":{"line":130,"column":2},"end":{"line":130,"column":23}},"48":{"start":{"line":133,"column":2},"end":{"line":133,"column":58}},"49":{"start":{"line":136,"column":2},"end":{"line":142,"column":3}},"50":{"start":{"line":137,"column":3},"end":{"line":137,"column":30}},"51":{"start":{"line":140,"column":3},"end":{"line":140,"column":24}},"52":{"start":{"line":143,"column":2},"end":{"line":143,"column":68}},"53":{"start":{"line":147,"column":0},"end":{"line":211,"column":2}},"54":{"start":{"line":148,"column":40},"end":{"line":148,"column":48}},"55":{"start":{"line":150,"column":1},"end":{"line":210,"column":2}},"56":{"start":{"line":151,"column":15},"end":{"line":151,"column":23}},"57":{"start":{"line":154,"column":2},"end":{"line":154,"column":42}},"58":{"start":{"line":157,"column":2},"end":{"line":157,"column":29}},"59":{"start":{"line":160,"column":15},"end":{"line":160,"column":49}},"60":{"start":{"line":161,"column":2},"end":{"line":163,"column":3}},"61":{"start":{"line":162,"column":3},"end":{"line":162,"column":61}},"62":{"start":{"line":166,"column":16},"end":{"line":166,"column":26}},"63":{"start":{"line":167,"column":2},"end":{"line":167,"column":29}},"64":{"start":{"line":170,"column":21},"end":{"line":170,"column":57}},"65":{"start":{"line":174,"column":25},"end":{"line":174,"column":70}},"66":{"start":{"line":177,"column":22},"end":{"line":180,"column":4}},"67":{"start":{"line":181,"column":2},"end":{"line":181,"column":27}},"68":{"start":{"line":184,"column":19},"end":{"line":189,"column":4}},"69":{"start":{"line":190,"column":2},"end":{"line":190,"column":24}},"70":{"start":{"line":193,"column":2},"end":{"line":193,"column":36}},"71":{"start":{"line":196,"column":2},"end":{"line":196,"column":23}},"72":{"start":{"line":199,"column":2},"end":{"line":199,"column":59}},"73":{"start":{"line":202,"column":2},"end":{"line":208,"column":3}},"74":{"start":{"line":203,"column":3},"end":{"line":203,"column":30}},"75":{"start":{"line":206,"column":3},"end":{"line":206,"column":24}},"76":{"start":{"line":209,"column":2},"end":{"line":209,"column":68}},"77":{"start":{"line":222,"column":0},"end":{"line":240,"column":2}},"78":{"start":{"line":223,"column":34},"end":{"line":223,"column":43}},"79":{"start":{"line":225,"column":1},"end":{"line":239,"column":2}},"80":{"start":{"line":226,"column":16},"end":{"line":228,"column":16}},"81":{"start":{"line":230,"column":16},"end":{"line":230,"column":43}},"82":{"start":{"line":232,"column":2},"end":{"line":236,"column":5}},"83":{"start":{"line":238,"column":2},"end":{"line":238,"column":52}},"84":{"start":{"line":253,"column":0},"end":{"line":332,"column":2}},"85":{"start":{"line":254,"column":51},"end":{"line":254,"column":60}},"86":{"start":{"line":255,"column":14},"end":{"line":255,"column":32}},"87":{"start":{"line":258,"column":21},"end":{"line":271,"column":2}},"88":{"start":{"line":272,"column":23},"end":{"line":281,"column":2}},"89":{"start":{"line":283,"column":23},"end":{"line":285,"column":2}},"90":{"start":{"line":284,"column":13},"end":{"line":284,"column":41}},"91":{"start":{"line":286,"column":1},"end":{"line":290,"column":2}},"92":{"start":{"line":287,"column":2},"end":{"line":289,"column":69}},"93":{"start":{"line":293,"column":15},"end":{"line":310,"column":7}},"94":{"start":{"line":294,"column":2},"end":{"line":308,"column":3}},"95":{"start":{"line":295,"column":3},"end":{"line":305,"column":4}},"96":{"start":{"line":296,"column":4},"end":{"line":302,"column":5}},"97":{"start":{"line":297,"column":5},"end":{"line":297,"column":53}},"98":{"start":{"line":298,"column":11},"end":{"line":302,"column":5}},"99":{"start":{"line":299,"column":5},"end":{"line":299,"column":36}},"100":{"start":{"line":300,"column":11},"end":{"line":302,"column":5}},"101":{"start":{"line":301,"column":5},"end":{"line":301,"column":36}},"102":{"start":{"line":304,"column":4},"end":{"line":304,"column":21}},"103":{"start":{"line":307,"column":3},"end":{"line":307,"column":49}},"104":{"start":{"line":309,"column":2},"end":{"line":309,"column":13}},"105":{"start":{"line":312,"column":1},"end":{"line":312,"column":36}},"106":{"start":{"line":314,"column":1},"end":{"line":331,"column":2}},"107":{"start":{"line":315,"column":16},"end":{"line":315,"column":62}},"108":{"start":{"line":317,"column":2},"end":{"line":319,"column":3}},"109":{"start":{"line":318,"column":3},"end":{"line":318,"column":62}},"110":{"start":{"line":321,"column":21},"end":{"line":321,"column":63}},"111":{"start":{"line":323,"column":2},"end":{"line":328,"column":5}},"112":{"start":{"line":330,"column":2},"end":{"line":330,"column":52}},"113":{"start":{"line":334,"column":0},"end":{"line":370,"column":2}},"114":{"start":{"line":335,"column":14},"end":{"line":335,"column":22}},"115":{"start":{"line":337,"column":1},"end":{"line":369,"column":2}},"116":{"start":{"line":338,"column":24},"end":{"line":340,"column":4}},"117":{"start":{"line":342,"column":2},"end":{"line":344,"column":3}},"118":{"start":{"line":343,"column":3},"end":{"line":343,"column":65}},"119":{"start":{"line":346,"column":28},"end":{"line":348,"column":24}},"120":{"start":{"line":350,"column":2},"end":{"line":352,"column":3}},"121":{"start":{"line":351,"column":3},"end":{"line":351,"column":66}},"122":{"start":{"line":354,"column":20},"end":{"line":356,"column":4}},"123":{"start":{"line":358,"column":2},"end":{"line":363,"column":3}},"124":{"start":{"line":359,"column":16},"end":{"line":359,"column":70}},"125":{"start":{"line":360,"column":3},"end":{"line":362,"column":52}},"126":{"start":{"line":364,"column":2},"end":{"line":366,"column":54}},"127":{"start":{"line":368,"column":2},"end":{"line":368,"column":52}},"128":{"start":{"line":372,"column":0},"end":{"line":419,"column":1}},"129":{"start":{"line":373,"column":1},"end":{"line":418,"column":2}},"130":{"start":{"line":374,"column":20},"end":{"line":374,"column":58}},"131":{"start":{"line":375,"column":15},"end":{"line":375,"column":60}},"132":{"start":{"line":377,"column":2},"end":{"line":409,"column":3}},"133":{"start":{"line":378,"column":21},"end"
[...]
e":57,"column":16},"end":{"line":57,"column":51}},"21":{"start":{"line":58,"column":2},"end":{"line":58,"column":130}},"22":{"start":{"line":60,"column":2},"end":{"line":60,"column":47}},"23":{"start":{"line":61,"column":2},"end":{"line":61,"column":14}},"24":{"start":{"line":71,"column":19},"end":{"line":85,"column":1}},"25":{"start":{"line":72,"column":1},"end":{"line":84,"column":2}},"26":{"start":{"line":73,"column":16},"end":{"line":73,"column":51}},"27":{"start":{"line":74,"column":18},"end":{"line":77,"column":3}},"28":{"start":{"line":78,"column":2},"end":{"line":80,"column":5}},"29":{"start":{"line":82,"column":2},"end":{"line":82,"column":55}},"30":{"start":{"line":83,"column":2},"end":{"line":83,"column":14}},"31":{"start":{"line":92,"column":22},"end":{"line":100,"column":1}},"32":{"start":{"line":93,"column":1},"end":{"line":99,"column":2}},"33":{"start":{"line":94,"column":16},"end":{"line":94,"column":51}},"34":{"start":{"line":95,"column":2},"end":{"line":95,"column":121}},"35":{"start":{"line":97,"column":2},"end":{"line":97,"column":53}},"36":{"start":{"line":98,"column":2},"end":{"line":98,"column":14}},"37":{"start":{"line":107,"column":25},"end":{"line":124,"column":1}},"38":{"start":{"line":108,"column":1},"end":{"line":123,"column":2}},"39":{"start":{"line":109,"column":16},"end":{"line":109,"column":51}},"40":{"start":{"line":110,"column":18},"end":{"line":114,"column":3}},"41":{"start":{"line":117,"column":2},"end":{"line":119,"column":5}},"42":{"start":{"line":121,"column":2},"end":{"line":121,"column":53}},"43":{"start":{"line":122,"column":2},"end":{"line":122,"column":14}},"44":{"start":{"line":132,"column":31},"end":{"line":140,"column":1}},"45":{"start":{"line":133,"column":1},"end":{"line":139,"column":2}},"46":{"start":{"line":134,"column":16},"end":{"line":134,"column":51}},"47":{"start":{"line":135,"column":2},"end":{"line":135,"column":125}},"48":{"start":{"line":137,"column":2},"end":{"line":137,"column":64}},"49":{"start":{"line":138,"column":2},"end":{"line":138,"column":14}}},"fnMap":{"0":{"name":"(anonymous_0)","decl":{"start":{"line":10,"column":19},"end":{"line":10,"column":20}},"loc":{"start":{"line":10,"column":39},"end":{"line":18,"column":1}},"line":10},"1":{"name":"(anonymous_1)","decl":{"start":{"line":25,"column":26},"end":{"line":25,"column":27}},"loc":{"start":{"line":25,"column":38},"end":{"line":33,"column":1}},"line":25},"2":{"name":"(anonymous_2)","decl":{"start":{"line":40,"column":26},"end":{"line":40,"column":27}},"loc":{"start":{"line":40,"column":44},"end":{"line":48,"column":1}},"line":40},"3":{"name":"(anonymous_3)","decl":{"start":{"line":55,"column":19},"end":{"line":55,"column":20}},"loc":{"start":{"line":55,"column":37},"end":{"line":63,"column":1}},"line":55},"4":{"name":"(anonymous_4)","decl":{"start":{"line":71,"column":19},"end":{"line":71,"column":20}},"loc":{"start":{"line":71,"column":49},"end":{"line":85,"column":1}},"line":71},"5":{"name":"(anonymous_5)","decl":{"start":{"line":92,"column":22},"end":{"line":92,"column":23}},"loc":{"start":{"line":92,"column":34},"end":{"line":100,"column":1}},"line":92},"6":{"name":"(anonymous_6)","decl":{"start":{"line":107,"column":25},"end":{"line":107,"column":26}},"loc":{"start":{"line":107,"column":45},"end":{"line":124,"column":1}},"line":107},"7":{"name":"(anonymous_7)","decl":{"start":{"line":132,"column":31},"end":{"line":132,"column":32}},"loc":{"start":{"line":132,"column":43},"end":{"line":140,"column":1}},"line":132}},"branchMap":{},"s":{"0":1,"1":2,"2":2,"3":2,"4":1,"5":1,"6":1,"7":2,"8":2,"9":2,"10":1,"11":1,"12":1,"13":2,"14":2,"15":2,"16":1,"17":1,"18":1,"19":2,"20":2,"21":2,"22":1,"23":1,"24":1,"25":2,"26":2,"27":2,"28":2,"29":1,"30":1,"31":1,"32":2,"33":2,"34":2,"35":1,"36":1,"37":1,"38":1,"39":1,"40":1,"41":1,"42":1,"43":1,"44":1,"45":1,"46":1,"47":1,"48":1,"49":1},"f":{"0":2,"1":2,"2":2,"3":2,"4":2,"5":2,"6":1,"7":1},"b":{},"_coverageSchema":"1a1c01bbd47fc00a2c39e90264f33305004495a9","hash":"46e66677844f4249f03ce873a7bd9812eb594fb0"}
,"/Users/lorenzocataldi/Desktop/School/King's College London/YEAR 2/SEG/SEG-Large_Group/CloudChasers/frontend/services/ImageService 2.js": {"path":"/Users/lorenzocataldi/Desktop/School/King's College London/YEAR 2/SEG/SEG-Large_Group/CloudChasers/frontend/services/ImageService 2.js","statementMap":{"0":{"start":{"line":6,"column":39},"end":{"line":13,"column":1}},"1":{"start":{"line":7,"column":4},"end":{"line":12,"column":5}},"2":{"start":{"line":8,"column":27},"end":{"line":8,"column":82}},"3":{"start":{"line":9,"column":8},"end":{"line":11,"column":9}},"4":{"start":{"line":10,"column":12},"end":{"line":10,"column":79}},"5":{"start":{"line":15,"column":25},"end":{"line":26,"column":1}},"6":{"start":{"line":16,"column":17},"end":{"line":21,"column":6}},"7":{"start":{"line":23,"column":4},"end":{"line":25,"column":5}},"8":{"start":{"line":24,"column":8},"end":{"line":24,"column":26}},"9":{"start":{"line":28,"column":27},"end":{"line":50,"column":1}},"10":{"start":{"line":29,"column":4},"end":{"line":49,"column":5}},"11":{"start":{"line":30,"column":22},"end":{"line":30,"column":57}},"12":{"start":{"line":31,"column":25},"end":{"line":31,"column":39}},"13":{"start":{"line":32,"column":23},"end":{"line":32,"column":54}},"14":{"start":{"line":33,"column":20},"end":{"line":33,"column":45}},"15":{"start":{"line":34,"column":19},"end":{"line":34,"column":31}},"16":{"start":{"line":35,"column":8},"end":{"line":35,"column":44}},"17":{"start":{"line":36,"column":8},"end":{"line":36,"column":50}},"18":{"start":{"line":37,"column":8},"end":{"line":37,"column":80}},"19":{"start":{"line":39,"column":25},"end":{"line":44,"column":10}},"20":{"start":{"line":45,"column":8},"end":{"line":45,"column":38}},"21":{"start":{"line":46,"column":8},"end":{"line":46,"column":24}},"22":{"start":{"line":48,"column":8},"end":{"line":48,"column":47}}},"fnMap":{"0":{"name":"(anonymous_0)","decl":{"start":{"line":6,"column":39},"end":{"line":6,"column":40}},"loc":{"start":{"line":6,"column":51},"end":{"line":13,"column":1}},"line":6},"1":{"name":"(anonymous_1)","decl":{"start":{"line":15,"column":25},"end":{"line":15,"column":26}},"loc":{"start":{"line":15,"column":37},"end":{"line":26,"column":1}},"line":15},"2":{"name":"(anonymous_2)","decl":{"start":{"line":28,"column":27},"end":{"line":28,"column":28}},"loc":{"start":{"line":28,"column":73},"end":{"line":50,"column":1}},"line":28}},"branchMap":{"0":{"loc":{"start":{"line":7,"column":4},"end":{"line":12,"column":5}},"type":"if","locations":[{"start":{"line":7,"column":4},"end":{"line":12,"column":5}},{"start":{},"end":{}}],"line":7},"1":{"loc":{"start":{"line":9,"column":8},"end":{"line":11,"column":9}},"type":"if","locations":[{"start":{"line":9,"column":8},"end":{"line":11,"column":9}},{"start":{},"end":{}}],"line":9},"2":{"loc":{"start":{"line":23,"column":4},"end":{"line":25,"column":5}},"type":"if","locations":[{"start":{"line":23,"column":4},"end":{"line":25,"column":5}},{"start":{},"end":{}}],"line":23}},"s":{"0":0,"1":0,"2":0,"3":0,"4":0,"5":0,"6":0,"7":0,"8":0,"9":0,"10":0,"11":0,"12":0,"13":0,"14":0,"15":0,"16":0,"17":0,"18":0,"19":0,"20":0,"21":0,"22":0},"f":{"0":0,"1":0,"2":0},"b":{"0":[0,0],"1":[0,0],"2":[0,0]}}
,"/Users/lorenzocataldi/Desktop/School/King's College London/YEAR 2/SEG/SEG-Large_Group/CloudChasers/frontend/services/ImageService.js": {"path":"/Users/lorenzocataldi/Desktop/School/King's College London/YEAR 2/SEG/SEG-Large_Group/CloudChasers/frontend/services/ImageService.js","statementMap":{"0":{"start":{"line":6,"column":39},"end":{"line":13,"column":1}},"1":{"start":{"line":7,"column":1},"end":{"line":12,"column":2}},"2":{"start":{"line":8,"column":21},"end":{"line":8,"column":76}},"3":{"start":{"line":9,"column":2},"end":{"line":11,"column":3}},"4":{"start":{"line":10,"column":3},"end":{"line":10,"column":70}},"5":{"start":{"line":15,"column":25},"end":{"line":26,"column":1}},"6":{"start":{"line":16,"column":14},"end":{"line":21,"column":3}},"7":{"start":{"line":23,"column":1},"end":{"line":25,"column":2}},"8":{"start":{"line":24,"column":2},"end":{"line":24,"column":20}},"9":{"start":{"line":28,"column":27},"end":{"line":49,"column":1}},"10":{"start":{"line":29,"column":1},"end":{"line":48,"column":2}},"11":{"start":{"line":30,"column":16},"end":{"line":30,"column":51}},"12":{"start":{"line":31,"column":19},"end":{"line":31,"column":33}},"13":{"start":{"line":32,"column":17},"end":{"line":32,"column":48}},"14":{"start":{"line":33,"column":14},"end":{"line":33,"column":39}},"15":{"start":{"line":34,"column":13},"end":{"line":34,"column":25}},"16":{"start":{"line":35,"column":2},"end":{"line":35,"column":38}},"17":{"start":{"line":36,"column":2},"end":{"line":36,"column":44}},"18":{"start":{"line":37,"column":2},"end":{"line":37,"column":74}},"19":{"start":{"line":39,"column":19},"end":{"line":44,"column":4}},"20":{"start":{"line":45,"column":2},"end":{"line":45,"column":18}},"21":{"start":{"line":47,"column":2},"end":{"line":47,"column":41}}},"fnMap":{"0":{"name":"(anonymous_0)","decl":{"start":{"line":6,"column":39},"end":{"line":6,"column":40}},"loc":{"start":{"line":6,"column":51},"end":{"line":13,"column":1}},"line":6},"1":{"name":"(anonymous_1)","decl":{"start":{"line":15,"column":25},"end":{"line":15,"column":26}},"loc":{"start":{"line":15,"column":37},"end":{"line":26,"column":1}},"line":15},"2":{"name":"(anonymous_2)","decl":{"start":{"line":28,"column":27},"end":{"line":28,"column":28}},"loc":{"start":{"line":28,"column":73},"end":{"line":49,"column":1}},"line":28}},"branchMap":{"0":{"loc":{"start":{"line":7,"column":1},"end":{"line":12,"column":2}},"type":"if","locations":[{"start":{"line":7,"column":1},"end":{"line":12,"column":2}},{"start":{},"end":{}}],"line":7},"1":{"loc":{"start":{"line":9,"column":2},"end":{"line":11,"column":3}},"type":"if","locations":[{"start":{"line":9,"column":2},"end":{"line":11,"column":3}},{"start":{},"end":{}}],"line":9},"2":{"loc":{"start":{"line":23,"column":1},"end":{"line":25,"column":2}},"type":"if","locations":[{"start":{"line":23,"column":1},"end":{"line":25,"column":2}},{"start":{},"end":{}}],"line":23}},"s":{"0":0,"1":0,"2":0,"3":0,"4":0,"5":0,"6":0,"7":0,"8":0,"9":0,"10":0,"11":0,"12":0,"13":0,"14":0,"15":0,"16":0,"17":0,"18":0,"19":0,"20":0,"21":0},"f":{"0":0,"1":0,"2":0},"b":{"0":[0,0],"1":[0,0],"2":[0,0]}}
,"/Users/lorenzocataldi/Desktop/School/King's College London/YEAR 2/SEG/SEG-Large_Group/CloudChasers/frontend/services/StatsService.js": {"path":"/Users/lorenzocataldi/Desktop/School/King's College London/YEAR 2/SEG/SEG-Large_Group/CloudChasers/frontend/services/StatsService.js","statementMap":{"0":{"start":{"line":6,"column":19},"end":{"line":17,"column":1}},"1":{"start":{"line":7,"column":1},"end":{"line":16,"column":2}},"2":{"start":{"line":8,"column":16},"end":{"line":8,"column":51}},"3":{"start":{"line":9,"column":19},"end":{"line":11,"column":4}},"4":{"start":{"line":12,"column":2},"end":{"line":12,"column":23}},"5":{"start":{"line":14,"column":2},"end":{"line":14,"column":54}},"6":{"start":{"line":15,"column":2},"end":{"line":15,"column":14}},"7":{"start":{"line":20,"column":30},"end":{"line":30,"column":1}},"8":{"start":{"line":21,"column":1},"end":{"line":29,"column":2}},"9":{"start":{"line":22,"column":16},"end":{"line":22,"column":51}},"10":{"start":{"line":23,"column":2},"end":{"line":25,"column":5}},"11":{"start":{"line":27,"column":2},"end":{"line":27,"column":71}},"12":{"start":{"line":28,"column":2},"end":{"line":28,"column":14}},"13":{"start":{"line":32,"column":28},"end":{"line":40,"column":1}},"14":{"start":{"line":33,"column":1},"end":{"line":39,"column":2}},"15":{"start":{"line":34,"column":16},"end":{"line":34,"column":51}},"16":{"start":{"line":35,"column":2},"end":{"line":35,"column":136}},"17":{"start":{"line":37,"column":2},"end":{"line":37,"column":61}},"18":{"start":{"line":38,"column":2},"end":{"line":38,"column":14}},"19":{"start":{"line":42,"column":30},"end":{"line":50,"column":1}},"20":{"start":{"line":43,"column":1},"end":{"line":49,"column":2}},"21":{"start":{"line":44,"column":16},"end":{"line":44,"column":51}},"22":{"start":{"line":45,"column":2},"end":{"line":45,"column":138}},"23":{"start":{"line":47,"column":2},"end":{"line":47,"column":63}},"24":{"start":{"line":48,"column":2},"end":{"line":48,"column":14}},"25":{"start":{"line":52,"column":27},"end":{"line":60,"column":1}},"26":{"start":{"line":53,"column":1},"end":{"line":59,"column":2}},"27":{"start":{"line":54,"column":16},"end":{"line":54,"column":51}},"28":{"start":{"line":55,"column":2},"end":{"line":55,"column":135}},"29":{"start":{"line":57,"column":2},"end":{"line":57,"column":60}},"30":{"start":{"line":58,"column":2},"end":{"line":58,"column":14}},"31":{"start":{"line":62,"column":26},"end":{"line":70,"column":1}},"32":{"start":{"line":63,"column":1},"end":{"line":69,"column":2}},"33":{"start":{"line":64,"column":16},"end":{"line":64,"column":51}},"34":{"start":{"line":65,"column":2},"end":{"line":65,"column":134}},"35":{"start":{"line":67,"column":2},"end":{"line":67,"column":59}},"36":{"start":{"line":68,"column":2},"end":{"line":68,"column":14}},"37":{"start":{"line":72,"column":28},"end":{"line":80,"column":1}},"38":{"start":{"line":73,"column":1},"end":{"line":79,"column":2}},"39":{"start":{"line":74,"column":16},"end":{"line":74,"column":51}},"40":{"start":{"line":75,"column":2},"end":{"line":75,"column":136}},"41":{"start":{"line":77,"column":2},"end":{"line":77,"column":61}},"42":{"start":{"line":78,"column":2},"end":{"line":78,"column":14}},"43":{"start":{"line":82,"column":29},"end":{"line":90,"column":1}},"44":{"start":{"line":83,"column":1},"end":{"line":89,"column":2}},"45":{"start":{"line":84,"column":16},"end":{"line":84,"column":51}},"46":{"start":{"line":85,"column":2},"end":{"line":85,"column":137}},"47":{"start":{"line":87,"column":2},"end":{"line":87,"column":62}},"48":{"start":{"line":88,"column":2},"end":{"line":88,"column":14}},"49":{"start":{"line":92,"column":28},"end":{"line":100,"column":1}},"50":{"start":{"line":93,"column":1},"end":{"line":99,"column":2}},"51":{"start":{"line":94,"column":16},"end":{"line":94,"column":51}},"52":{"start":{"line":95,"column":2},"end":{"line":95,"column":136}},"53":{"start":{"line":97,"column":2},"end":{"line":97,"column":61}},"54":{"start":{"line":98,"column":2},"end":{"line":98,"column":14}}},"fnMap":{"0":{"name":"(anonymous_0)","decl":{"start":{"line":6,"column":19},"end":{"line":6,"column":20}},"loc":{"start":{"line":6,"column":35},"end":{"line":17,"column":1}},"line":6},"1":{"name":"(anonymous_1)","decl":{"start":{"line":20,"column":30},"end":{"line":20,"column":31}},"loc":{"start":{"line":20,"column":46},"end":{"line":30,"column":1}},"line":20},"2":{"name":"(anonymous_2)","decl":{"start":{"line":32,"column":28},"end":{"line":32,"column":29}},"loc":{"start":{"line":32,"column":44},"end":{"line":40,"column":1}},"line":32},"3":{"name":"(anonymous_3)","decl":{"start":{"line":42,"column":30},"end":{"line":42,"column":31}},"loc":{"start":{"line":42,"column":46},"end":{"line":50,"column":1}},"line":42},"4":{"name":"(anonymous_4)","decl":{"start":{"line":52,"column":27},"end":{"line":52,"column":28}},"loc":{"start":{"line":52,"column":43},"end":{"line":60,"column":1}},"line":52},"5":{"name":"(anonymous_5)","decl":{"start":{"line":62,"column":26},"end":{"line":62,"column":27}},"loc":{"start":{"line":62,"column":42},"end":{"line":70,"column":1}},"line":62},"6":{"name":"(anonymous_6)","decl":{"start":{"line":72,"column":28},"end":{"line":72,"column":29}},"loc":{"start":{"line":72,"column":44},"end":{"line":80,"column":1}},"line":72},"7":{"name":"(anonymous_7)","decl":{"start":{"line":82,"column":29},"end":{"line":82,"column":30}},"loc":{"start":{"line":82,"column":45},"end":{"line":90,"column":1}},"line":82},"8":{"name":"(anonymous_8)","decl":{"start":{"line":92,"column":28},"end":{"line":92,"column":29}},"loc":{"start":{"line":92,"column":44},"end":{"line":100,"column":1}},"line":92}},"branchMap":{},"s":{"0":1,"1":2,"2":2,"3":2,"4":1,"5":1,"6":1,"7":1,"8":2,"9":2,"10":2,"11":1,"12":1,"13":1,"14":2,"15":2,"16":2,"17":1,"18":1,"19":1,"20":2,"21":2,"22":2,"23":1,"24":1,"25":1,"26":2,"27":2,"28":2,"29":1,"30":1,"31":1,"32":2,"33":2,"34":2,"35":1,"36":1,"37":1,"38":2,"39":2,"40":2,"41":1,"42":1,"43":1,"44":2,"45":2,"46":2,"47":1,"48":1,"49":1,"50":2,"51":2,"52":2,"53":1,"54":1},"f":{"0":2,"1":2,"2":2,"3":2,"4":2,"5":2,"6":2,"7":2,"8":2},"b":{},"_coverageSchema":"1a1c01bbd47fc00a2c39e90264f33305004495a9","hash":"1cf28b6d79c80f8736007a886a0c00c680570e2d"}
,"/Users/lorenzocataldi/Desktop/School/King's College London/YEAR 2/SEG/SEG-Large_Group/CloudChasers/frontend/services/UserService.js": {"path":"/Users/lorenzocataldi/Desktop/School/King's College London/YEAR 2/SEG/SEG-Large_Group/CloudChasers/frontend/services/UserService.js","statementMap":{"0":{"start":{"line":5,"column":32},"end":{"line":22,"column":1}},"1":{"start":{"line":6,"column":1},"end":{"line":21,"column":2}},"2":{"start":{"line":7,"column":19},"end":{"line":11,"column":4}},"3":{"start":{"line":12,"column":2},"end":{"line":12,"column":23}},"4":{"start":{"line":14,"column":2},"end":{"line":18,"column":3}},"5":{"start":{"line":14,"column":32},"end":{"line":18,"column":3}},"6":{"start":{"line":15,"column":3},"end":{"line":15,"column":30}},"7":{"start":{"line":17,"column":3},"end":{"line":17,"column":39}},"8":{"start":{"line":19,"column":2},"end":{"line":19,"column":28}},"9":{"start":{"line":20,"column":2},"end":{"line":20,"column":14}},"10":{"start":{"line":24,"column":31},"end":{"line":37,"column":1}},"11":{"start":{"line":25,"column":1},"end":{"line":36,"column":2}},"12":{"start":{"line":26,"column":16},"end":{"line":26,"column":51}},"13":{"start":{"line":27,"column":19},"end":{"line":31,"column":4}},"14":{"start":{"line":32,"column":2},"end":{"line":32,"column":23}},"15":{"start":{"line":34,"column":2},"end":{"line":34,"column":23}},"16":{"start":{"line":35,"column":2},"end":{"line":35,"column":14}}},"fnMap":{"0":{"name":"(anonymous_0)","decl":{"start":{"line":5,"column":32},"end":{"line":5,"column":33}},"loc":{"start":{"line":5,"column":49},"end":{"line":22,"column":1}},"line":5},"1":{"name":"(anonymous_1)","decl":{"start":{"line":24,"column":31},"end":{"line":24,"column":32}},"loc":{"start":{"line":24,"column":52},"end":{"line":37,"column":1}},"line":24}},"branchMap":{"0":{"loc":{"start":{"line":14,"column":2},"end":{"line":18,"column":3}},"type":"if","locations":[{"start":{"line":14,"column":2},"end":{"line":18,"column":3}},{"start":{"line":14,"column":32},"end":{"line":18,"column":3}}],"line":14},"1":{"loc":{"start":{"line":14,"column":32},"end":{"line":18,"column":3}},"type":"if","locations":[{"start":{"line":14,"column":32},"end":{"line":18,"column":3}},{"start":{"line":16,"column":9},"end":{"line":18,"column":3}}],"line":14}},"s":{"0":1,"1":4,"2":4,"3":1,"4":3,"5":2,"6":1,"7":1,"8":3,"9":3,"10":1,"11":1,"12":1,"13":1,"14":1,"15":0,"16":0},"f":{"0":4,"1":1},"b":{"0":[1,2],"1":[1,1]},"_coverageSchema":"1a1c01bbd47fc00a2c39e90264f33305004495a9","hash":"45132afd91f67718fadecaddc72f464e78ab2548"}
,"/Users/lorenzocataldi/Desktop/School/King's College London/YEAR 2/SEG/SEG-Large_Group/CloudChasers/frontend/styles/NavbarStyles.js": {"path":"/Users/lorenzocataldi/Desktop/School/King's College London/YEAR 2/SEG/SEG-Large_Group/CloudChasers/frontend/styles/NavbarStyles.js","statementMap":{},"fnMap":{},"branchMap":{},"s":{},"f":{},"b":{}}
,"/Users/lorenzocataldi/Desktop/School/King's College London/YEAR 2/SEG/SEG-Large_Group/CloudChasers/frontend/styles/global.js": {"path":"/Users/lorenzocataldi/Desktop/School/King's College London/YEAR 2/SEG/SEG-Large_Group/CloudChasers/frontend/styles/global.js","statementMap":{"0":{"start":{"line":3,"column":16},"end":{"line":3,"column":25}}},"fnMap":{},"branchMap":{},"s":{"0":3},"f":{},"b":{},"_coverageSchema":"1a1c01bbd47fc00a2c39e90264f33305004495a9","hash":"3353f43d9e10de5b2790475084c32d847aa4b5a0"}
}
