TN:
SF:.eslintrc.js
FNF:0
FNH:0
DA:1,0
LF:1
LH:0
BRF:0
BRH:0
end_of_record
TN:
SF:App.js
FN:50,App
FN:66,(anonymous_1)
FN:72,(anonymous_2)
FN:73,(anonymous_3)
FNF:4
FNH:0
FNDA:0,App
FNDA:0,(anonymous_1)
FNDA:0,(anonymous_2)
FNDA:0,(anonymous_3)
DA:39,0
DA:51,0
DA:63,0
DA:66,0
DA:67,0
DA:68,0
DA:72,0
DA:73,0
DA:74,0
DA:75,0
DA:76,0
DA:78,0
DA:82,0
DA:83,0
DA:86,0
DA:87,0
DA:92,0
LF:17
LH:0
BRDA:67,0,0,0
BRDA:67,0,1,0
BRDA:76,1,0,0
BRDA:76,1,1,0
BRDA:86,2,0,0
BRDA:86,2,1,0
BRDA:86,3,0,0
BRDA:86,3,1,0
BRF:8
BRH:0
end_of_record
TN:
SF:backend/server.js
FN:30,(anonymous_0)
FN:33,(anonymous_1)
FNF:2
FNH:0
FNDA:0,(anonymous_0)
FNDA:0,(anonymous_1)
DA:2,0
DA:3,0
DA:4,0
DA:5,0
DA:6,0
DA:7,0
DA:8,0
DA:9,0
DA:10,0
DA:11,0
DA:12,0
DA:13,0
DA:14,0
DA:17,0
DA:19,0
DA:20,0
DA:22,0
DA:27,0
DA:29,0
DA:31,0
DA:34,0
DA:39,0
DA:40,0
DA:41,0
DA:42,0
DA:43,0
DA:44,0
DA:45,0
DA:47,0
DA:49,0
DA:60,0
LF:31
LH:0
BRF:0
BRH:0
end_of_record
TN:
SF:backend/startServer.js
FN:19,(anonymous_0)
FNF:1
FNH:0
FNDA:0,(anonymous_0)
DA:1,0
DA:2,0
DA:3,0
DA:4,0
DA:6,0
DA:7,0
DA:10,0
DA:11,0
DA:12,0
DA:13,0
DA:14,0
DA:17,0
DA:19,0
DA:20,0
DA:22,0
LF:15
LH:0
BRDA:6,0,0,0
BRDA:6,0,1,0
BRDA:12,1,0,0
BRDA:12,1,1,0
BRDA:12,2,0,0
BRDA:12,2,1,0
BRDA:17,3,0,0
BRDA:17,3,1,0
BRF:8
BRH:0
end_of_record
TN:
SF:backend/controllers/awardController.js
FN:10,(anonymous_0)
FN:28,(anonymous_1)
FN:37,(anonymous_2)
FN:47,(anonymous_3)
FN:65,(anonymous_4)
FN:75,(anonymous_5)
FN:114,(anonymous_6)
FN:126,issueStreakAwardQuery
FN:134,issueJoinCommunityAwardQuery
FN:144,issueMakePostAwardQuery
FN:156,getAllAwards
FN:161,checkNameIsUnique
FN:171,createAwardItem
FN:181,checkIfUserHasAward
FN:189,checkIfAwardByNameExists
FN:199,getUserAwards
FNF:16
FNH:0
FNDA:0,(anonymous_0)
FNDA:0,(anonymous_1)
FNDA:0,(anonymous_2)
FNDA:0,(anonymous_3)
FNDA:0,(anonymous_4)
FNDA:0,(anonymous_5)
FNDA:0,(anonymous_6)
FNDA:0,issueStreakAwardQuery
FNDA:0,issueJoinCommunityAwardQuery
FNDA:0,issueMakePostAwardQuery
FNDA:0,getAllAwards
FNDA:0,checkNameIsUnique
FNDA:0,createAwardItem
FNDA:0,checkIfUserHasAward
FNDA:0,checkIfAwardByNameExists
FNDA:0,getUserAwards
DA:3,0
DA:4,0
DA:5,0
DA:6,0
DA:7,0
DA:8,0
DA:10,0
DA:11,0
DA:12,0
DA:13,0
DA:14,0
DA:15,0
DA:17,0
DA:21,0
DA:22,0
DA:24,0
DA:28,0
DA:29,0
DA:30,0
DA:31,0
DA:33,0
DA:37,0
DA:38,0
DA:39,0
DA:40,0
DA:41,0
DA:43,0
DA:47,0
DA:48,0
DA:49,0
DA:50,0
DA:51,0
DA:52,0
DA:53,0
DA:55,0
DA:56,0
DA:58,0
DA:59,0
DA:61,0
DA:65,0
DA:66,0
DA:67,0
DA:68,0
DA:69,0
DA:71,0
DA:75,0
DA:77,0
DA:78,0
DA:79,0
DA:80,0
DA:81,0
DA:83,0
DA:84,0
DA:86,0
DA:87,0
DA:89,0
DA:90,0
DA:92,0
DA:93,0
DA:95,0
DA:96,0
DA:98,0
DA:99,0
DA:101,0
DA:103,0
DA:104,0
DA:105,0
DA:106,0
DA:108,0
DA:110,0
DA:114,0
DA:115,0
DA:116,0
DA:117,0
DA:118,0
DA:119,0
DA:120,0
DA:122,0
DA:127,0
DA:128,0
DA:129,0
DA:130,0
DA:131,0
DA:135,0
DA:136,0
DA:137,0
DA:138,0
DA:139,0
DA:141,0
DA:145,0
DA:146,0
DA:147,0
DA:148,0
DA:149,0
DA:151,0
DA:153,0
DA:157,0
DA:158,0
DA:162,0
DA:163,0
DA:164,0
DA:165,0
DA:168,0
DA:172,0
DA:177,0
DA:178,0
DA:182,0
DA:183,0
DA:184,0
DA:186,0
DA:190,0
DA:191,0
DA:193,0
DA:196,0
DA:200,0
DA:201,0
DA:202,0
DA:203,0
DA:204,0
DA:205,0
DA:207,0
LF:121
LH:0
BRDA:14,0,0,0
BRDA:14,0,1,0
BRDA:52,1,0,0
BRDA:52,1,1,0
BRDA:55,2,0,0
BRDA:55,2,1,0
BRDA:80,3,0,0
BRDA:80,3,1,0
BRDA:83,4,0,0
BRDA:83,4,1,0
BRDA:86,5,0,0
BRDA:86,5,1,0
BRDA:89,6,0,0
BRDA:89,6,1,0
BRDA:92,7,0,0
BRDA:92,7,1,0
BRDA:95,8,0,0
BRDA:95,8,1,0
BRDA:98,9,0,0
BRDA:98,9,1,0
BRDA:128,10,0,0
BRDA:128,10,1,0
BRDA:137,11,0,0
BRDA:137,11,1,0
BRDA:147,12,0,0
BRDA:147,12,1,0
BRDA:148,13,0,0
BRDA:148,13,1,0
BRDA:164,14,0,0
BRDA:164,14,1,0
BRDA:183,15,0,0
BRDA:183,15,1,0
BRDA:191,16,0,0
BRDA:191,16,1,0
BRF:34
BRH:0
end_of_record
TN:
SF:backend/controllers/communityController.js
FN:29,(anonymous_0)
FN:64,(anonymous_1)
FN:115,(anonymous_2)
FN:132,(anonymous_3)
FN:144,(anonymous_4)
FN:183,(anonymous_5)
FN:214,(anonymous_6)
FN:232,(anonymous_7)
FN:249,(anonymous_8)
FN:264,(anonymous_9)
FN:286,(anonymous_10)
FN:289,(anonymous_11)
FN:302,(anonymous_12)
FN:309,(anonymous_13)
FN:321,(anonymous_14)
FN:348,(anonymous_15)
FN:377,(anonymous_16)
FN:406,(anonymous_17)
FN:431,(anonymous_18)
FN:456,(anonymous_19)
FN:487,(anonymous_20)
FN:504,(anonymous_21)
FNF:22
FNH:0
FNDA:0,(anonymous_0)
FNDA:0,(anonymous_1)
FNDA:0,(anonymous_2)
FNDA:0,(anonymous_3)
FNDA:0,(anonymous_4)
FNDA:0,(anonymous_5)
FNDA:0,(anonymous_6)
FNDA:0,(anonymous_7)
FNDA:0,(anonymous_8)
FNDA:0,(anonymous_9)
FNDA:0,(anonymous_10)
FNDA:0,(anonymous_11)
FNDA:0,(anonymous_12)
FNDA:0,(anonymous_13)
FNDA:0,(anonymous_14)
FNDA:0,(anonymous_15)
FNDA:0,(anonymous_16)
FNDA:0,(anonymous_17)
FNDA:0,(anonymous_18)
FNDA:0,(anonymous_19)
FNDA:0,(anonymous_20)
FNDA:0,(anonymous_21)
DA:2,0
DA:3,0
DA:4,0
DA:5,0
DA:6,0
DA:7,0
DA:8,0
DA:29,0
DA:30,0
DA:31,0
DA:32,0
DA:33,0
DA:34,0
DA:35,0
DA:38,0
DA:46,0
DA:49,0
DA:56,0
DA:57,0
DA:60,0
DA:64,0
DA:65,0
DA:66,0
DA:68,0
DA:70,0
DA:71,0
DA:72,0
DA:75,0
DA:76,0
DA:77,0
DA:80,0
DA:81,0
DA:82,0
DA:85,0
DA:86,0
DA:91,0
DA:92,0
DA:97,0
DA:102,0
DA:105,0
DA:110,0
DA:115,0
DA:116,0
DA:117,0
DA:118,0
DA:120,0
DA:121,0
DA:122,0
DA:125,0
DA:126,0
DA:127,0
DA:130,0
DA:132,0
DA:133,0
DA:134,0
DA:136,0
DA:139,0
DA:144,0
DA:145,0
DA:146,0
DA:147,0
DA:149,0
DA:150,0
DA:151,0
DA:154,0
DA:155,0
DA:156,0
DA:159,0
DA:160,0
DA:161,0
DA:163,0
DA:164,0
DA:167,0
DA:169,0
DA:174,0
DA:175,0
DA:178,0
DA:183,0
DA:184,0
DA:185,0
DA:186,0
DA:188,0
DA:189,0
DA:190,0
DA:193,0
DA:194,0
DA:195,0
DA:198,0
DA:199,0
DA:200,0
DA:202,0
DA:203,0
DA:206,0
DA:207,0
DA:210,0
DA:214,0
DA:215,0
DA:216,0
DA:217,0
DA:219,0
DA:220,0
DA:221,0
DA:224,0
DA:225,0
DA:228,0
DA:232,0
DA:233,0
DA:234,0
DA:235,0
DA:237,0
DA:238,0
DA:239,0
DA:242,0
DA:243,0
DA:244,0
DA:247,0
DA:249,0
DA:250,0
DA:251,0
DA:252,0
DA:253,0
DA:256,0
DA:260,0
DA:264,0
DA:265,0
DA:266,0
DA:267,0
DA:269,0
DA:270,0
DA:271,0
DA:274,0
DA:275,0
DA:276,0
DA:278,0
DA:281,0
DA:286,0
DA:287,0
DA:288,0
DA:289,0
DA:297,0
DA:302,0
DA:303,0
DA:304,0
DA:305,0
DA:309,0
DA:316,0
DA:321,0
DA:322,0
DA:323,0
DA:324,0
DA:326,0
DA:327,0
DA:328,0
DA:331,0
DA:332,0
DA:333,0
DA:336,0
DA:338,0
DA:340,0
DA:343,0
DA:348,0
DA:349,0
DA:350,0
DA:351,0
DA:353,0
DA:354,0
DA:355,0
DA:358,0
DA:359,0
DA:360,0
DA:363,0
DA:364,0
DA:367,0
DA:369,0
DA:372,0
DA:377,0
DA:378,0
DA:379,0
DA:380,0
DA:382,0
DA:383,0
DA:384,0
DA:387,0
DA:388,0
DA:389,0
DA:392,0
DA:393,0
DA:394,0
DA:396,0
DA:398,0
DA:401,0
DA:406,0
DA:407,0
DA:408,0
DA:409,0
DA:411,0
DA:412,0
DA:413,0
DA:416,0
DA:417,0
DA:418,0
DA:421,0
DA:423,0
DA:426,0
DA:431,0
DA:432,0
DA:433,0
DA:434,0
DA:436,0
DA:437,0
DA:438,0
DA:441,0
DA:442,0
DA:443,0
DA:446,0
DA:449,0
DA:452,0
DA:456,0
DA:457,0
DA:458,0
DA:459,0
DA:461,0
DA:462,0
DA:463,0
DA:466,0
DA:467,0
DA:468,0
DA:471,0
DA:479,0
DA:480,0
DA:483,0
DA:487,0
DA:488,0
DA:489,0
DA:490,0
DA:492,0
DA:493,0
DA:494,0
DA:497,0
DA:498,0
DA:499,0
DA:502,0
DA:504,0
DA:505,0
DA:506,0
DA:507,0
DA:511,0
DA:515,0
LF:248
LH:0
BRDA:34,0,0,0
BRDA:34,0,1,0
BRDA:71,1,0,0
BRDA:71,1,1,0
BRDA:76,2,0,0
BRDA:76,2,1,0
BRDA:81,3,0,0
BRDA:81,3,1,0
BRDA:85,4,0,0
BRDA:85,4,1,0
BRDA:121,5,0,0
BRDA:121,5,1,0
BRDA:126,6,0,0
BRDA:126,6,1,0
BRDA:150,7,0,0
BRDA:150,7,1,0
BRDA:155,8,0,0
BRDA:155,8,1,0
BRDA:160,9,0,0
BRDA:160,9,1,0
BRDA:163,10,0,0
BRDA:163,10,1,0
BRDA:189,11,0,0
BRDA:189,11,1,0
BRDA:194,12,0,0
BRDA:194,12,1,0
BRDA:199,13,0,0
BRDA:199,13,1,0
BRDA:202,14,0,0
BRDA:202,14,1,0
BRDA:220,15,0,0
BRDA:220,15,1,0
BRDA:238,16,0,0
BRDA:238,16,1,0
BRDA:243,17,0,0
BRDA:243,17,1,0
BRDA:270,18,0,0
BRDA:270,18,1,0
BRDA:275,19,0,0
BRDA:275,19,1,0
BRDA:327,20,0,0
BRDA:327,20,1,0
BRDA:332,21,0,0
BRDA:332,21,1,0
BRDA:354,22,0,0
BRDA:354,22,1,0
BRDA:359,23,0,0
BRDA:359,23,1,0
BRDA:363,24,0,0
BRDA:363,24,1,0
BRDA:383,25,0,0
BRDA:383,25,1,0
BRDA:388,26,0,0
BRDA:388,26,1,0
BRDA:393,27,0,0
BRDA:393,27,1,0
BRDA:412,28,0,0
BRDA:412,28,1,0
BRDA:417,29,0,0
BRDA:417,29,1,0
BRDA:437,30,0,0
BRDA:437,30,1,0
BRDA:442,31,0,0
BRDA:442,31,1,0
BRDA:462,32,0,0
BRDA:462,32,1,0
BRDA:467,33,0,0
BRDA:467,33,1,0
BRDA:493,34,0,0
BRDA:493,34,1,0
BRDA:498,35,0,0
BRDA:498,35,1,0
BRF:72
BRH:0
end_of_record
TN:
SF:backend/controllers/firebaseImageController.js
FN:27,(anonymous_0)
FN:78,(anonymous_1)
FN:85,(anonymous_2)
FN:95,(anonymous_3)
FN:116,(anonymous_4)
FN:120,(anonymous_5)
FN:128,(anonymous_6)
FN:148,getFileExtension
FN:154,findPreviousPhoto
FNF:9
FNH:0
FNDA:0,(anonymous_0)
FNDA:0,(anonymous_1)
FNDA:0,(anonymous_2)
FNDA:0,(anonymous_3)
FNDA:0,(anonymous_4)
FNDA:0,(anonymous_5)
FNDA:0,(anonymous_6)
FNDA:0,getFileExtension
FNDA:0,findPreviousPhoto
DA:8,0
DA:9,0
DA:10,0
DA:11,0
DA:12,0
DA:14,0
DA:18,0
DA:27,0
DA:29,0
DA:30,0
DA:32,0
DA:33,0
DA:34,0
DA:35,0
DA:37,0
DA:38,0
DA:39,0
DA:40,0
DA:41,0
DA:42,0
DA:43,0
DA:44,0
DA:48,0
DA:49,0
DA:50,0
DA:51,0
DA:52,0
DA:54,0
DA:60,0
DA:61,0
DA:63,0
DA:64,0
DA:66,0
DA:67,0
DA:78,0
DA:79,0
DA:80,0
DA:81,0
DA:82,0
DA:83,0
DA:84,0
DA:85,0
DA:86,0
DA:87,0
DA:88,0
DA:89,0
DA:91,0
DA:95,0
DA:96,0
DA:97,0
DA:98,0
DA:99,0
DA:100,0
DA:102,0
DA:103,0
DA:104,0
DA:105,0
DA:107,0
DA:108,0
DA:109,0
DA:110,0
DA:112,0
DA:113,0
DA:114,0
DA:116,0
DA:118,0
DA:120,0
DA:121,0
DA:122,0
DA:124,0
DA:125,0
DA:128,0
DA:129,0
DA:130,0
DA:131,0
DA:132,0
DA:133,0
DA:134,0
DA:135,0
DA:136,0
DA:137,0
DA:140,0
DA:149,0
DA:150,0
DA:151,0
DA:155,0
DA:156,0
DA:157,0
DA:158,0
DA:159,0
DA:160,0
DA:161,0
DA:162,0
DA:163,0
DA:166,0
DA:167,0
DA:169,0
LF:97
LH:0
BRDA:34,0,0,0
BRDA:34,0,1,0
BRDA:42,1,0,0
BRDA:42,1,1,0
BRDA:48,2,0,0
BRDA:48,2,1,0
BRDA:50,3,0,0
BRDA:50,3,1,0
BRDA:63,4,0,0
BRDA:63,4,1,0
BRDA:86,5,0,0
BRDA:86,5,1,0
BRDA:88,6,0,0
BRDA:88,6,1,0
BRDA:98,7,0,0
BRDA:98,7,1,0
BRDA:108,8,0,0
BRDA:108,8,1,0
BRDA:112,9,0,0
BRDA:112,9,1,0
BRDA:121,10,0,0
BRDA:121,10,1,0
BRDA:121,11,0,0
BRDA:121,11,1,0
BRDA:129,12,0,0
BRDA:129,12,1,0
BRDA:132,13,0,0
BRDA:132,13,1,0
BRDA:135,14,0,0
BRDA:135,14,1,0
BRDA:161,15,0,0
BRDA:161,15,1,0
BRDA:166,16,0,0
BRDA:166,16,1,0
BRF:34
BRH:0
end_of_record
TN:
SF:backend/controllers/foodController.js
FN:15,createUserDay
FN:39,createUserDayMeal
FN:81,(anonymous_2)
FN:147,(anonymous_3)
FN:222,(anonymous_4)
FN:253,(anonymous_5)
FN:284,(anonymous_6)
FN:293,(anonymous_7)
FN:334,(anonymous_8)
FN:372,(anonymous_9)
FN:421,(anonymous_10)
FN:485,(anonymous_11)
FNF:12
FNH:0
FNDA:0,createUserDay
FNDA:0,createUserDayMeal
FNDA:0,(anonymous_2)
FNDA:0,(anonymous_3)
FNDA:0,(anonymous_4)
FNDA:0,(anonymous_5)
FNDA:0,(anonymous_6)
FNDA:0,(anonymous_7)
FNDA:0,(anonymous_8)
FNDA:0,(anonymous_9)
FNDA:0,(anonymous_10)
FNDA:0,(anonymous_11)
DA:2,0
DA:3,0
DA:4,0
DA:5,0
DA:6,0
DA:7,0
DA:8,0
DA:9,0
DA:10,0
DA:11,0
DA:12,0
DA:13,0
DA:18,0
DA:19,0
DA:21,0
DA:22,0
DA:26,0
DA:29,0
DA:33,0
DA:35,0
DA:41,0
DA:45,0
DA:51,0
DA:53,0
DA:54,0
DA:59,0
DA:62,0
DA:66,0
DA:68,0
DA:81,0
DA:82,0
DA:84,0
DA:85,0
DA:88,0
DA:91,0
DA:94,0
DA:95,0
DA:96,0
DA:100,0
DA:101,0
DA:104,0
DA:108,0
DA:111,0
DA:115,0
DA:118,0
DA:124,0
DA:127,0
DA:130,0
DA:133,0
DA:136,0
DA:137,0
DA:140,0
DA:143,0
DA:147,0
DA:148,0
DA:150,0
DA:151,0
DA:154,0
DA:157,0
DA:160,0
DA:161,0
DA:162,0
DA:166,0
DA:167,0
DA:170,0
DA:174,0
DA:177,0
DA:181,0
DA:184,0
DA:190,0
DA:193,0
DA:196,0
DA:199,0
DA:202,0
DA:203,0
DA:206,0
DA:209,0
DA:222,0
DA:223,0
DA:225,0
DA:226,0
DA:230,0
DA:232,0
DA:238,0
DA:253,0
DA:254,0
DA:255,0
DA:258,0
DA:272,0
DA:283,0
DA:284,0
DA:286,0
DA:287,0
DA:293,0
DA:294,0
DA:295,0
DA:296,0
DA:297,0
DA:298,0
DA:299,0
DA:300,0
DA:301,0
DA:304,0
DA:307,0
DA:309,0
DA:312,0
DA:314,0
DA:315,0
DA:317,0
DA:318,0
DA:321,0
DA:323,0
DA:330,0
DA:334,0
DA:335,0
DA:337,0
DA:338,0
DA:342,0
DA:343,0
DA:346,0
DA:350,0
DA:351,0
DA:354,0
DA:358,0
DA:359,0
DA:360,0
DA:364,0
DA:368,0
DA:372,0
DA:373,0
DA:374,0
DA:375,0
DA:377,0
DA:378,0
DA:379,0
DA:381,0
DA:382,0
DA:383,0
DA:384,0
DA:385,0
DA:387,0
DA:389,0
DA:390,0
DA:392,0
DA:393,0
DA:394,0
DA:396,0
DA:397,0
DA:399,0
DA:402,0
DA:403,0
DA:406,0
DA:407,0
DA:411,0
DA:412,0
DA:413,0
DA:415,0
DA:417,0
DA:421,0
DA:422,0
DA:424,0
DA:425,0
DA:427,0
DA:428,0
DA:430,0
DA:431,0
DA:433,0
DA:434,0
DA:437,0
DA:439,0
DA:443,0
DA:445,0
DA:451,0
DA:453,0
DA:467,0
DA:469,0
DA:470,0
DA:472,0
DA:473,0
DA:475,0
DA:477,0
DA:478,0
DA:479,0
DA:481,0
DA:485,0
DA:486,0
DA:487,0
DA:501,0
DA:502,0
DA:503,0
DA:505,0
DA:511,0
DA:513,0
LF:193
LH:0
BRDA:21,0,0,0
BRDA:21,0,1,0
BRDA:53,1,0,0
BRDA:53,1,1,0
BRDA:95,2,0,0
BRDA:95,2,1,0
BRDA:136,3,0,0
BRDA:136,3,1,0
BRDA:148,4,0,0
BRDA:161,5,0,0
BRDA:161,5,1,0
BRDA:202,6,0,0
BRDA:202,6,1,0
BRDA:223,7,0,0
BRDA:223,8,0,0
BRDA:254,9,0,0
BRDA:254,10,0,0
BRDA:286,11,0,0
BRDA:286,11,1,0
BRDA:294,12,0,0
BRDA:294,12,1,0
BRDA:295,13,0,0
BRDA:295,13,1,0
BRDA:296,14,0,0
BRDA:296,14,1,0
BRDA:296,15,0,0
BRDA:296,15,1,0
BRDA:298,16,0,0
BRDA:298,16,1,0
BRDA:300,17,0,0
BRDA:300,17,1,0
BRDA:317,18,0,0
BRDA:317,18,1,0
BRDA:342,19,0,0
BRDA:342,19,1,0
BRDA:350,20,0,0
BRDA:350,20,1,0
BRDA:358,21,0,0
BRDA:358,21,1,0
BRDA:381,22,0,0
BRDA:381,22,1,0
BRDA:422,23,0,0
BRDA:422,24,0,0
BRDA:422,25,0,0
BRDA:422,26,0,0
BRDA:477,27,0,0
BRDA:477,27,1,0
BRDA:490,28,0,0
BRDA:490,28,1,0
BRDA:491,29,0,0
BRDA:491,29,1,0
BRDA:492,30,0,0
BRDA:492,30,1,0
BRDA:493,31,0,0
BRDA:493,31,1,0
BRDA:494,32,0,0
BRDA:494,32,1,0
BRDA:495,33,0,0
BRDA:495,33,1,0
BRDA:496,34,0,0
BRDA:496,34,1,0
BRDA:497,35,0,0
BRDA:497,35,1,0
BRF:63
BRH:0
end_of_record
TN:
SF:backend/controllers/goalsController.js
FN:12,(anonymous_0)
FN:18,(anonymous_1)
FN:72,(anonymous_2)
FN:82,(anonymous_3)
FN:96,(anonymous_4)
FN:112,(anonymous_5)
FN:145,(anonymous_6)
FN:173,(anonymous_7)
FN:188,(anonymous_8)
FN:199,(anonymous_9)
FN:217,getUserIDsWhoHaveAccessToGoal
FN:227,getAllGoalsOfUser
FN:235,getMinAndMaxFromGoal
FN:243,getUntrackedMacros
FN:247,(anonymous_14)
FN:252,checkValidMinMaxValues
FNF:16
FNH:0
FNDA:0,(anonymous_0)
FNDA:0,(anonymous_1)
FNDA:0,(anonymous_2)
FNDA:0,(anonymous_3)
FNDA:0,(anonymous_4)
FNDA:0,(anonymous_5)
FNDA:0,(anonymous_6)
FNDA:0,(anonymous_7)
FNDA:0,(anonymous_8)
FNDA:0,(anonymous_9)
FNDA:0,getUserIDsWhoHaveAccessToGoal
FNDA:0,getAllGoalsOfUser
FNDA:0,getMinAndMaxFromGoal
FNDA:0,getUntrackedMacros
FNDA:0,(anonymous_14)
FNDA:0,checkValidMinMaxValues
DA:3,0
DA:4,0
DA:5,0
DA:6,0
DA:7,0
DA:8,0
DA:9,0
DA:10,0
DA:12,0
DA:13,0
DA:14,0
DA:15,0
DA:16,0
DA:17,0
DA:18,0
DA:19,0
DA:20,0
DA:25,0
DA:26,0
DA:27,0
DA:28,0
DA:29,0
DA:30,0
DA:31,0
DA:32,0
DA:35,0
DA:36,0
DA:37,0
DA:38,0
DA:39,0
DA:40,0
DA:42,0
DA:43,0
DA:46,0
DA:47,0
DA:48,0
DA:49,0
DA:52,0
DA:58,0
DA:60,0
DA:64,0
DA:66,0
DA:68,0
DA:72,0
DA:73,0
DA:74,0
DA:75,0
DA:76,0
DA:78,0
DA:82,0
DA:83,0
DA:84,0
DA:85,0
DA:86,0
DA:87,0
DA:88,0
DA:90,0
DA:92,0
DA:96,0
DA:97,0
DA:98,0
DA:99,0
DA:100,0
DA:101,0
DA:102,0
DA:104,0
DA:105,0
DA:106,0
DA:108,0
DA:112,0
DA:113,0
DA:114,0
DA:115,0
DA:116,0
DA:117,0
DA:118,0
DA:119,0
DA:121,0
DA:122,0
DA:123,0
DA:124,0
DA:126,0
DA:127,0
DA:129,0
DA:130,0
DA:132,0
DA:133,0
DA:135,0
DA:136,0
DA:138,0
DA:139,0
DA:141,0
DA:145,0
DA:146,0
DA:147,0
DA:148,0
DA:149,0
DA:150,0
DA:151,0
DA:152,0
DA:153,0
DA:154,0
DA:155,0
DA:156,0
DA:164,0
DA:165,0
DA:167,0
DA:169,0
DA:173,0
DA:174,0
DA:175,0
DA:176,0
DA:177,0
DA:178,0
DA:180,0
DA:188,0
DA:189,0
DA:190,0
DA:191,0
DA:192,0
DA:193,0
DA:194,0
DA:195,0
DA:198,0
DA:199,0
DA:200,0
DA:201,0
DA:203,0
DA:205,0
DA:206,0
DA:208,0
DA:209,0
DA:210,0
DA:211,0
DA:213,0
DA:218,0
DA:219,0
DA:220,0
DA:221,0
DA:222,0
DA:224,0
DA:228,0
DA:229,0
DA:230,0
DA:232,0
DA:236,0
DA:240,0
DA:244,0
DA:245,0
DA:246,0
DA:247,0
DA:249,0
DA:253,0
DA:254,0
DA:255,0
DA:256,0
DA:257,0
DA:258,0
DA:260,0
LF:159
LH:0
BRDA:19,0,0,0
BRDA:19,0,1,0
BRDA:25,1,0,0
BRDA:25,1,1,0
BRDA:27,2,0,0
BRDA:27,2,1,0
BRDA:27,3,0,0
BRDA:27,3,1,0
BRDA:29,4,0,0
BRDA:29,4,1,0
BRDA:29,5,0,0
BRDA:29,5,1,0
BRDA:31,6,0,0
BRDA:31,6,1,0
BRDA:31,7,0,0
BRDA:31,7,1,0
BRDA:39,8,0,0
BRDA:39,8,1,0
BRDA:42,9,0,0
BRDA:42,9,1,0
BRDA:46,10,0,0
BRDA:46,10,1,0
BRDA:48,11,0,0
BRDA:48,11,1,0
BRDA:87,12,0,0
BRDA:87,12,1,0
BRDA:101,13,0,0
BRDA:101,13,1,0
BRDA:118,14,0,0
BRDA:118,14,1,0
BRDA:123,15,0,0
BRDA:123,15,1,0
BRDA:126,16,0,0
BRDA:126,16,1,0
BRDA:129,17,0,0
BRDA:129,17,1,0
BRDA:132,18,0,0
BRDA:132,18,1,0
BRDA:135,19,0,0
BRDA:135,19,1,0
BRDA:154,20,0,0
BRDA:154,20,1,0
BRDA:164,21,0,0
BRDA:164,21,1,0
BRDA:194,22,0,0
BRDA:194,22,1,0
BRDA:200,23,0,0
BRDA:200,23,1,0
BRDA:205,24,0,0
BRDA:205,24,1,0
BRDA:253,25,0,0
BRDA:253,25,1,0
BRDA:253,26,0,0
BRDA:253,26,1,0
BRDA:255,27,0,0
BRDA:255,27,1,0
BRDA:255,28,0,0
BRDA:255,28,1,0
BRDA:257,29,0,0
BRDA:257,29,1,0
BRDA:257,30,0,0
BRDA:257,30,1,0
BRF:62
BRH:0
end_of_record
TN:
SF:backend/controllers/recipeController.js
FN:15,(anonymous_0)
FN:33,(anonymous_1)
FN:64,(anonymous_2)
FN:80,(anonymous_3)
FN:91,(anonymous_4)
FN:107,(anonymous_5)
FN:123,(anonymous_6)
FN:137,createUserDay
FN:161,createUserDayMeal
FN:190,(anonymous_9)
FN:241,(anonymous_10)
FN:254,(anonymous_11)
FN:273,(anonymous_12)
FN:297,(anonymous_13)
FN:334,(anonymous_14)
FN:369,(anonymous_15)
FNF:16
FNH:0
FNDA:0,(anonymous_0)
FNDA:0,(anonymous_1)
FNDA:0,(anonymous_2)
FNDA:0,(anonymous_3)
FNDA:0,(anonymous_4)
FNDA:0,(anonymous_5)
FNDA:0,(anonymous_6)
FNDA:0,createUserDay
FNDA:0,createUserDayMeal
FNDA:0,(anonymous_9)
FNDA:0,(anonymous_10)
FNDA:0,(anonymous_11)
FNDA:0,(anonymous_12)
FNDA:0,(anonymous_13)
FNDA:0,(anonymous_14)
FNDA:0,(anonymous_15)
DA:2,0
DA:3,0
DA:4,0
DA:5,0
DA:6,0
DA:7,0
DA:8,0
DA:9,0
DA:10,0
DA:11,0
DA:12,0
DA:13,0
DA:15,0
DA:16,0
DA:17,0
DA:18,0
DA:19,0
DA:25,0
DA:26,0
DA:29,0
DA:33,0
DA:34,0
DA:35,0
DA:36,0
DA:37,0
DA:38,0
DA:40,0
DA:41,0
DA:42,0
DA:45,0
DA:49,0
DA:51,0
DA:55,0
DA:57,0
DA:60,0
DA:64,0
DA:65,0
DA:66,0
DA:67,0
DA:68,0
DA:69,0
DA:71,0
DA:73,0
DA:76,0
DA:80,0
DA:81,0
DA:82,0
DA:83,0
DA:84,0
DA:87,0
DA:91,0
DA:92,0
DA:93,0
DA:94,0
DA:95,0
DA:96,0
DA:99,0
DA:100,0
DA:101,0
DA:102,0
DA:103,0
DA:107,0
DA:108,0
DA:116,0
DA:119,0
DA:123,0
DA:124,0
DA:125,0
DA:126,0
DA:127,0
DA:128,0
DA:130,0
DA:131,0
DA:134,0
DA:140,0
DA:141,0
DA:143,0
DA:144,0
DA:148,0
DA:151,0
DA:155,0
DA:157,0
DA:163,0
DA:167,0
DA:169,0
DA:170,0
DA:171,0
DA:176,0
DA:179,0
DA:184,0
DA:186,0
DA:190,0
DA:191,0
DA:193,0
DA:194,0
DA:195,0
DA:197,0
DA:198,0
DA:200,0
DA:201,0
DA:204,0
DA:208,0
DA:210,0
DA:216,0
DA:218,0
DA:223,0
DA:225,0
DA:226,0
DA:228,0
DA:229,0
DA:231,0
DA:234,0
DA:235,0
DA:236,0
DA:237,0
DA:241,0
DA:242,0
DA:245,0
DA:246,0
DA:247,0
DA:249,0
DA:250,0
DA:254,0
DA:255,0
DA:256,0
DA:257,0
DA:258,0
DA:259,0
DA:262,0
DA:263,0
DA:264,0
DA:265,0
DA:267,0
DA:269,0
DA:273,0
DA:274,0
DA:275,0
DA:276,0
DA:277,0
DA:278,0
DA:281,0
DA:282,0
DA:283,0
DA:284,0
DA:285,0
DA:286,0
DA:287,0
DA:288,0
DA:289,0
DA:291,0
DA:293,0
DA:297,0
DA:298,0
DA:299,0
DA:300,0
DA:301,0
DA:302,0
DA:303,0
DA:305,0
DA:311,0
DA:313,0
DA:314,0
DA:315,0
DA:316,0
DA:320,0
DA:321,0
DA:325,0
DA:327,0
DA:330,0
DA:334,0
DA:335,0
DA:336,0
DA:337,0
DA:338,0
DA:339,0
DA:340,0
DA:341,0
DA:343,0
DA:344,0
DA:345,0
DA:347,0
DA:349,0
DA:350,0
DA:351,0
DA:353,0
DA:355,0
DA:357,0
DA:358,0
DA:359,0
DA:362,0
DA:363,0
DA:364,0
DA:369,0
DA:370,0
DA:371,0
DA:372,0
DA:373,0
DA:374,0
DA:376,0
DA:385,0
DA:386,0
DA:390,0
DA:391,0
DA:395,0
DA:396,0
DA:399,0
LF:206
LH:0
BRDA:37,0,0,0
BRDA:37,0,1,0
BRDA:41,1,0,0
BRDA:41,1,1,0
BRDA:68,2,0,0
BRDA:68,2,1,0
BRDA:95,3,0,0
BRDA:95,3,1,0
BRDA:127,4,0,0
BRDA:127,4,1,0
BRDA:143,5,0,0
BRDA:143,5,1,0
BRDA:170,6,0,0
BRDA:170,6,1,0
BRDA:234,7,0,0
BRDA:234,7,1,0
BRDA:258,8,0,0
BRDA:258,8,1,0
BRDA:277,9,0,0
BRDA:277,9,1,0
BRDA:302,10,0,0
BRDA:302,10,1,0
BRDA:340,11,0,0
BRDA:340,11,1,0
BRDA:373,12,0,0
BRDA:373,12,1,0
BRF:26
BRH:0
end_of_record
TN:
SF:backend/controllers/statsController.js
FN:30,(anonymous_0)
FN:77,(anonymous_1)
FN:128,(anonymous_2)
FN:142,(anonymous_3)
FN:146,(anonymous_4)
FN:146,(anonymous_5)
FN:148,(anonymous_6)
FN:155,(anonymous_7)
FN:155,(anonymous_8)
FN:156,(anonymous_9)
FN:160,(anonymous_10)
FN:167,(anonymous_11)
FN:171,(anonymous_12)
FN:172,(anonymous_13)
FN:175,(anonymous_14)
FN:176,(anonymous_15)
FN:182,(anonymous_16)
FN:183,(anonymous_17)
FN:213,(anonymous_18)
FN:223,(anonymous_19)
FN:233,(anonymous_20)
FN:243,(anonymous_21)
FN:253,(anonymous_22)
FN:263,(anonymous_23)
FN:273,(anonymous_24)
FN:283,(anonymous_25)
FNF:26
FNH:0
FNDA:0,(anonymous_0)
FNDA:0,(anonymous_1)
FNDA:0,(anonymous_2)
FNDA:0,(anonymous_3)
FNDA:0,(anonymous_4)
FNDA:0,(anonymous_5)
FNDA:0,(anonymous_6)
FNDA:0,(anonymous_7)
FNDA:0,(anonymous_8)
FNDA:0,(anonymous_9)
FNDA:0,(anonymous_10)
FNDA:0,(anonymous_11)
FNDA:0,(anonymous_12)
FNDA:0,(anonymous_13)
FNDA:0,(anonymous_14)
FNDA:0,(anonymous_15)
FNDA:0,(anonymous_16)
FNDA:0,(anonymous_17)
FNDA:0,(anonymous_18)
FNDA:0,(anonymous_19)
FNDA:0,(anonymous_20)
FNDA:0,(anonymous_21)
FNDA:0,(anonymous_22)
FNDA:0,(anonymous_23)
FNDA:0,(anonymous_24)
FNDA:0,(anonymous_25)
DA:3,0
DA:4,0
DA:5,0
DA:6,0
DA:7,0
DA:8,0
DA:9,0
DA:11,0
DA:12,0
DA:13,0
DA:15,0
DA:30,0
DA:31,0
DA:32,0
DA:33,0
DA:35,0
DA:36,0
DA:37,0
DA:40,0
DA:41,0
DA:43,0
DA:44,0
DA:46,0
DA:47,0
DA:49,0
DA:50,0
DA:51,0
DA:52,0
DA:56,0
DA:58,0
DA:60,0
DA:61,0
DA:64,0
DA:77,0
DA:78,0
DA:79,0
DA:80,0
DA:81,0
DA:82,0
DA:85,0
DA:88,0
DA:90,0
DA:92,0
DA:93,0
DA:95,0
DA:97,0
DA:98,0
DA:99,0
DA:100,0
DA:104,0
DA:105,0
DA:106,0
DA:107,0
DA:108,0
DA:110,0
DA:111,0
DA:112,0
DA:113,0
DA:114,0
DA:116,0
DA:121,0
DA:124,0
DA:128,0
DA:129,0
DA:130,0
DA:131,0
DA:132,0
DA:133,0
DA:135,0
DA:138,0
DA:142,0
DA:146,0
DA:147,0
DA:148,0
DA:149,0
DA:150,0
DA:154,0
DA:155,0
DA:156,0
DA:159,0
DA:160,0
DA:163,0
DA:166,0
DA:167,0
DA:169,0
DA:170,0
DA:171,0
DA:172,0
DA:173,0
DA:175,0
DA:176,0
DA:178,0
DA:179,0
DA:181,0
DA:182,0
DA:183,0
DA:185,0
DA:186,0
DA:187,0
DA:191,0
DA:197,0
DA:199,0
DA:200,0
DA:213,0
DA:223,0
DA:233,0
DA:243,0
DA:253,0
DA:263,0
DA:273,0
DA:283,0
LF:111
LH:0
BRDA:35,0,0,0
BRDA:35,0,1,0
BRDA:49,1,0,0
BRDA:49,1,1,0
BRDA:51,2,0,0
BRDA:51,2,1,0
BRDA:82,3,0,0
BRDA:82,3,1,0
BRDA:97,4,0,0
BRDA:97,4,1,0
BRDA:133,5,0,0
BRDA:133,5,1,0
BRDA:170,6,0,0
BRDA:170,6,1,0
BRDA:185,7,0,0
BRDA:185,7,1,0
BRDA:185,8,0,0
BRDA:185,8,1,0
BRF:18
BRH:0
end_of_record
TN:
SF:backend/controllers/userController.js
FN:24,(anonymous_0)
FN:67,(anonymous_1)
FN:89,(anonymous_2)
FN:105,(anonymous_3)
FN:124,(anonymous_4)
FN:133,(anonymous_5)
FN:151,(anonymous_6)
FNF:7
FNH:0
FNDA:0,(anonymous_0)
FNDA:0,(anonymous_1)
FNDA:0,(anonymous_2)
FNDA:0,(anonymous_3)
FNDA:0,(anonymous_4)
FNDA:0,(anonymous_5)
FNDA:0,(anonymous_6)
DA:3,0
DA:4,0
DA:5,0
DA:6,0
DA:7,0
DA:8,0
DA:9,0
DA:10,0
DA:24,0
DA:25,0
DA:26,0
DA:27,0
DA:28,0
DA:29,0
DA:31,0
DA:32,0
DA:33,0
DA:35,0
DA:38,0
DA:51,0
DA:53,0
DA:55,0
DA:67,0
DA:68,0
DA:69,0
DA:71,0
DA:73,0
DA:76,0
DA:77,0
DA:79,0
DA:89,0
DA:90,0
DA:91,0
DA:92,0
DA:94,0
DA:105,0
DA:107,0
DA:109,0
DA:112,0
DA:124,0
DA:126,0
DA:127,0
DA:130,0
DA:133,0
DA:134,0
DA:136,0
DA:138,0
DA:140,0
DA:151,0
DA:152,0
DA:153,0
DA:154,0
DA:156,0
DA:158,0
LF:54
LH:0
BRDA:28,0,0,0
BRDA:28,0,1,0
BRDA:32,1,0,0
BRDA:32,1,1,0
BRDA:71,2,0,0
BRDA:71,2,1,0
BRDA:71,3,0,0
BRDA:71,3,1,0
BRF:8
BRH:0
end_of_record
TN:
SF:backend/database/foodSeeder.js
FN:14,connect
FN:15,(anonymous_1)
FN:15,(anonymous_2)
FN:114,getValue
FN:115,(anonymous_4)
FNF:5
FNH:0
FNDA:0,connect
FNDA:0,(anonymous_1)
FNDA:0,(anonymous_2)
FNDA:0,getValue
FNDA:0,(anonymous_4)
DA:3,0
DA:4,0
DA:5,0
DA:6,0
DA:8,0
DA:9,0
DA:10,0
DA:12,0
DA:15,0
DA:16,0
DA:17,0
DA:18,0
DA:33,0
DA:34,0
DA:37,0
DA:51,0
DA:53,0
DA:67,0
DA:69,0
DA:83,0
DA:85,0
DA:99,0
DA:103,0
DA:106,0
DA:107,0
DA:109,0
DA:115,0
DA:116,0
LF:28
LH:0
BRDA:106,0,0,0
BRDA:106,0,1,0
BRDA:116,1,0,0
BRDA:116,1,1,0
BRF:4
BRH:0
end_of_record
TN:
SF:backend/database/seed.js
FN:28,seed
FN:32,(anonymous_1)
FN:33,(anonymous_2)
FNF:3
FNH:0
FNDA:0,seed
FNDA:0,(anonymous_1)
FNDA:0,(anonymous_2)
DA:3,0
DA:4,0
DA:5,0
DA:6,0
DA:7,0
DA:8,0
DA:9,0
DA:10,0
DA:11,0
DA:12,0
DA:13,0
DA:14,0
DA:15,0
DA:16,0
DA:17,0
DA:18,0
DA:19,0
DA:20,0
DA:21,0
DA:22,0
DA:24,0
DA:26,0
DA:31,0
DA:32,0
DA:33,0
DA:37,0
DA:38,0
DA:39,0
DA:40,0
DA:41,0
DA:42,0
DA:43,0
DA:44,0
DA:45,0
DA:46,0
DA:47,0
DA:48,0
DA:49,0
DA:50,0
DA:51,0
DA:52,0
DA:56,0
DA:57,0
DA:68,0
DA:70,0
DA:73,0
DA:74,0
DA:78,0
DA:80,0
DA:83,0
DA:88,0
DA:89,0
DA:92,0
DA:93,0
DA:94,0
DA:95,0
DA:104,0
DA:113,0
DA:115,0
DA:118,0
DA:119,0
DA:123,0
DA:125,0
DA:128,0
DA:129,0
DA:133,0
DA:135,0
DA:138,0
DA:139,0
DA:144,0
DA:146,0
DA:149,0
DA:150,0
DA:156,0
DA:158,0
DA:161,0
DA:162,0
DA:166,0
DA:168,0
DA:170,0
DA:171,0
DA:174,0
DA:175,0
DA:181,0
DA:183,0
DA:186,0
DA:187,0
DA:192,0
DA:194,0
DA:196,0
DA:197,0
DA:199,0
DA:200,0
DA:204,0
DA:206,0
DA:209,0
DA:210,0
DA:216,0
DA:218,0
DA:221,0
DA:222,0
DA:226,0
DA:228,0
DA:231,0
DA:232,0
DA:237,0
DA:239,0
DA:242,0
DA:243,0
DA:249,0
DA:251,0
DA:253,0
DA:255,0
DA:258,0
LF:114
LH:0
BRDA:94,0,0,0
BRDA:94,0,1,0
BRF:2
BRH:0
end_of_record
TN:
SF:backend/middleware/userMiddleware.js
FN:4,(anonymous_0)
FNF:1
FNH:0
FNDA:0,(anonymous_0)
DA:1,0
DA:2,0
DA:4,0
DA:5,0
DA:6,0
DA:7,0
DA:8,0
DA:10,0
DA:11,0
DA:15,0
DA:16,0
DA:18,0
LF:12
LH:0
BRDA:10,0,0,0
BRDA:10,0,1,0
BRF:2
BRH:0
end_of_record
TN:
SF:backend/models/community.js
FNF:0
FNH:0
DA:1,0
DA:3,0
DA:11,0
LF:3
LH:0
BRF:0
BRH:0
end_of_record
TN:
SF:backend/models/communityAward.js
FNF:0
FNH:0
DA:1,0
DA:3,0
DA:8,0
LF:3
LH:0
BRF:0
BRH:0
end_of_record
TN:
SF:backend/models/communityAwardItem.js
FNF:0
FNH:0
DA:1,0
DA:3,0
DA:9,0
LF:3
LH:0
BRF:0
BRH:0
end_of_record
TN:
SF:backend/models/communityPost.js
FNF:0
FNH:0
DA:1,0
DA:3,0
DA:12,0
LF:3
LH:0
BRF:0
BRH:0
end_of_record
TN:
SF:backend/models/communityUser.js
FNF:0
FNH:0
DA:1,0
DA:3,0
DA:9,0
LF:3
LH:0
BRF:0
BRH:0
end_of_record
TN:
SF:backend/models/food.js
FN:3,zeroToHunderedRangeValidator
FNF:1
FNH:0
FNDA:0,zeroToHunderedRangeValidator
DA:1,0
DA:5,0
DA:8,0
DA:23,0
LF:4
LH:0
BRDA:5,0,0,0
BRDA:5,0,1,0
BRF:2
BRH:0
end_of_record
TN:
SF:backend/models/foodItem.js
FNF:0
FNH:0
DA:1,0
DA:3,0
DA:8,0
LF:3
LH:0
BRF:0
BRH:0
end_of_record
TN:
SF:backend/models/goal.js
FNF:0
FNH:0
DA:1,0
DA:3,0
DA:10,0
LF:3
LH:0
BRF:0
BRH:0
end_of_record
TN:
SF:backend/models/goalItem.js
FNF:0
FNH:0
DA:1,0
DA:3,0
DA:8,0
LF:3
LH:0
BRF:0
BRH:0
end_of_record
TN:
SF:backend/models/mealItem.js
FNF:0
FNH:0
DA:1,0
DA:3,0
DA:11,0
LF:3
LH:0
BRF:0
BRH:0
end_of_record
TN:
SF:backend/models/personalAward.js
FNF:0
FNH:0
DA:1,0
DA:3,0
DA:8,0
LF:3
LH:0
BRF:0
BRH:0
end_of_record
TN:
SF:backend/models/personalAwardItem.js
FNF:0
FNH:0
DA:1,0
DA:3,0
DA:9,0
LF:3
LH:0
BRF:0
BRH:0
end_of_record
TN:
SF:backend/models/recipe.js
FNF:0
FNH:0
DA:1,0
DA:3,0
DA:10,0
LF:3
LH:0
BRF:0
BRH:0
end_of_record
TN:
SF:backend/models/recipeItem.js
FNF:0
FNH:0
DA:1,0
DA:3,0
DA:8,0
LF:3
LH:0
BRF:0
BRH:0
end_of_record
TN:
SF:backend/models/recipeQuantity.js
FNF:0
FNH:0
DA:1,0
DA:3,0
DA:9,0
LF:3
LH:0
BRF:0
BRH:0
end_of_record
TN:
SF:backend/models/request.js
FNF:0
FNH:0
DA:1,0
DA:3,0
DA:22,0
LF:3
LH:0
BRF:0
BRH:0
end_of_record
TN:
SF:backend/models/user.js
FN:3,validateEmail
FNF:1
FNH:0
FNDA:0,validateEmail
DA:1,0
DA:5,0
DA:6,0
DA:9,0
DA:21,0
LF:5
LH:0
BRF:0
BRH:0
end_of_record
TN:
SF:backend/models/userDay.js
FNF:0
FNH:0
DA:1,0
DA:3,0
DA:8,0
LF:3
LH:0
BRF:0
BRH:0
end_of_record
TN:
SF:backend/models/userDayMeal.js
FNF:0
FNH:0
DA:1,0
DA:3,0
DA:9,0
LF:3
LH:0
BRF:0
BRH:0
end_of_record
TN:
SF:backend/routes/awardRoutes.js
FNF:0
FNH:0
DA:1,0
DA:2,0
DA:3,0
DA:5,0
DA:7,0
DA:8,0
DA:9,0
DA:10,0
DA:11,0
DA:12,0
DA:13,0
DA:15,0
LF:12
LH:0
BRF:0
BRH:0
end_of_record
TN:
SF:backend/routes/communityRoutes.js
FNF:0
FNH:0
DA:1,0
DA:2,0
DA:4,0
DA:5,0
DA:7,0
DA:8,0
DA:9,0
DA:10,0
DA:11,0
DA:13,0
DA:14,0
DA:15,0
DA:16,0
DA:17,0
DA:18,0
DA:19,0
DA:21,0
DA:22,0
DA:23,0
DA:24,0
DA:25,0
DA:27,0
LF:22
LH:0
BRF:0
BRH:0
end_of_record
TN:
SF:backend/routes/foodRoutes.js
FNF:0
FNH:0
DA:1,0
DA:2,0
DA:4,0
DA:5,0
DA:7,0
DA:9,0
DA:10,0
DA:11,0
DA:12,0
DA:13,0
DA:14,0
DA:15,0
DA:17,0
DA:18,0
DA:19,0
DA:20,0
DA:21,0
DA:22,0
DA:23,0
DA:24,0
DA:25,0
DA:27,0
DA:28,0
DA:29,0
DA:30,0
DA:31,0
LF:26
LH:0
BRF:0
BRH:0
end_of_record
TN:
SF:backend/routes/goalRoutes.js
FNF:0
FNH:0
DA:1,0
DA:2,0
DA:4,0
DA:5,0
DA:7,0
DA:8,0
DA:9,0
DA:10,0
DA:11,0
DA:12,0
DA:13,0
DA:14,0
DA:17,0
LF:13
LH:0
BRF:0
BRH:0
end_of_record
TN:
SF:backend/routes/imageRoutes.js
FNF:0
FNH:0
DA:2,0
DA:3,0
DA:4,0
DA:5,0
DA:7,0
DA:8,0
DA:9,0
LF:7
LH:0
BRF:0
BRH:0
end_of_record
TN:
SF:backend/routes/statsRoutes.js
FNF:0
FNH:0
DA:1,0
DA:3,0
DA:4,0
DA:5,0
DA:7,0
DA:8,0
DA:9,0
DA:10,0
DA:11,0
DA:12,0
DA:13,0
DA:14,0
DA:15,0
DA:17,0
LF:14
LH:0
BRF:0
BRH:0
end_of_record
TN:
SF:backend/routes/userRoutes.js
FN:9,(anonymous_0)
FNF:1
FNH:0
FNDA:0,(anonymous_0)
DA:2,0
DA:3,0
DA:4,0
DA:5,0
DA:6,0
DA:9,0
DA:10,0
DA:13,0
DA:14,0
DA:16,0
DA:17,0
DA:18,0
DA:20,0
DA:24,0
LF:14
LH:0
BRF:0
BRH:0
end_of_record
TN:
SF:backend/services/authService.js
FNF:0
FNH:0
LF:0
LH:0
BRF:0
BRH:0
end_of_record
TN:
SF:frontend/components/AddButton.js
FN:8,(anonymous_0)
FN:11,(anonymous_1)
FNF:2
FNH:1
FNDA:2,(anonymous_0)
FNDA:0,(anonymous_1)
DA:8,2
DA:9,2
DA:11,2
DA:12,0
DA:15,2
DA:17,2
DA:47,2
LF:7
LH:6
BRDA:8,0,0,2
BRDA:8,1,0,2
BRF:2
BRH:2
end_of_record
TN:
SF:frontend/components/AddModal.js
FN:7,(anonymous_0)
FN:12,(anonymous_1)
FN:23,(anonymous_2)
FN:40,(anonymous_3)
FN:74,(anonymous_4)
FN:82,(anonymous_5)
FNF:6
FNH:2
FNDA:4,(anonymous_0)
FNDA:0,(anonymous_1)
FNDA:0,(anonymous_2)
FNDA:8,(anonymous_3)
FNDA:0,(anonymous_4)
FNDA:0,(anonymous_5)
DA:7,2
DA:8,4
DA:9,4
DA:10,4
DA:12,4
DA:13,0
DA:14,0
DA:15,0
DA:16,0
DA:18,0
DA:19,0
DA:23,4
DA:24,0
DA:26,0
DA:40,4
DA:41,8
DA:43,8
DA:55,4
DA:74,0
DA:82,0
DA:93,2
DA:132,2
LF:22
LH:12
BRDA:13,0,0,0
BRDA:13,0,1,0
BRDA:24,1,0,0
BRDA:24,1,1,0
BRDA:41,2,0,4
BRDA:41,2,1,4
BRDA:71,3,0,4
BRDA:71,3,1,0
BRDA:76,4,0,0
BRDA:76,4,1,4
BRDA:79,5,0,4
BRDA:79,5,1,0
BRDA:84,6,0,0
BRDA:84,6,1,4
BRF:14
BRH:6
end_of_record
TN:
SF:frontend/components/Navbar.js
FN:60,(anonymous_0)
FN:60,(anonymous_1)
FN:70,MainTabNavigator
FN:78,(anonymous_3)
FN:99,(anonymous_4)
FN:105,(anonymous_5)
FNF:6
FNH:0
FNDA:0,(anonymous_0)
FNDA:0,(anonymous_1)
FNDA:0,MainTabNavigator
FNDA:0,(anonymous_3)
FNDA:0,(anonymous_4)
FNDA:0,(anonymous_5)
DA:22,0
DA:28,0
DA:36,0
DA:60,0
DA:71,0
DA:72,0
DA:78,0
DA:79,0
DA:93,0
DA:100,0
DA:106,0
LF:11
LH:0
BRDA:41,0,0,0
BRDA:41,0,1,0
BRDA:42,1,0,0
BRDA:42,1,1,0
BRDA:48,2,0,0
BRDA:48,2,1,0
BRDA:60,3,0,0
BRDA:60,3,1,0
BRF:8
BRH:0
end_of_record
TN:
SF:frontend/components/NewFoodModal.js
FN:7,(anonymous_0)
FN:9,(anonymous_1)
FN:39,(anonymous_2)
FNF:3
FNH:0
FNDA:0,(anonymous_0)
FNDA:0,(anonymous_1)
FNDA:0,(anonymous_2)
DA:7,0
DA:9,0
DA:10,0
DA:25,0
DA:31,0
DA:32,0
DA:33,0
DA:34,0
DA:35,0
DA:36,0
DA:37,0
DA:39,0
DA:40,0
DA:41,0
DA:42,0
DA:43,0
DA:44,0
DA:45,0
DA:46,0
DA:48,0
DA:51,0
DA:96,0
DA:140,0
LF:23
LH:0
BRF:0
BRH:0
end_of_record
TN:
SF:frontend/components/RecipeBox.js
FN:127,RecipeBox
FN:132,(anonymous_1)
FN:133,(anonymous_2)
FN:138,(anonymous_3)
FN:141,(anonymous_4)
FN:146,(anonymous_5)
FN:165,(anonymous_6)
FN:175,(anonymous_7)
FN:179,(anonymous_8)
FN:181,(anonymous_9)
FN:188,(anonymous_10)
FNF:11
FNH:0
FNDA:0,RecipeBox
FNDA:0,(anonymous_1)
FNDA:0,(anonymous_2)
FNDA:0,(anonymous_3)
FNDA:0,(anonymous_4)
FNDA:0,(anonymous_5)
FNDA:0,(anonymous_6)
FNDA:0,(anonymous_7)
FNDA:0,(anonymous_8)
FNDA:0,(anonymous_9)
FNDA:0,(anonymous_10)
DA:19,0
DA:128,0
DA:129,0
DA:130,0
DA:132,0
DA:133,0
DA:134,0
DA:139,0
DA:141,0
DA:144,0
DA:146,0
DA:147,0
DA:148,0
DA:151,0
DA:152,0
DA:154,0
DA:157,0
DA:161,0
DA:164,0
DA:165,0
DA:176,0
DA:179,0
DA:189,0
DA:208,0
LF:24
LH:0
BRDA:151,0,0,0
BRDA:151,0,1,0
BRF:2
BRH:0
end_of_record
TN:
SF:frontend/components/SettingsButton.js
FN:27,SettingsButton
FN:33,(anonymous_1)
FNF:2
FNH:0
FNDA:0,SettingsButton
FNDA:0,(anonymous_1)
DA:13,2
DA:28,0
DA:30,0
DA:33,0
LF:4
LH:1
BRF:0
BRH:0
end_of_record
TN:
SF:frontend/components/TabBarIcon.js
FN:22,TabBarIcon
FN:32,(anonymous_1)
FNF:2
FNH:1
FNDA:4,TabBarIcon
FNDA:0,(anonymous_1)
DA:23,4
DA:24,0
DA:29,0
DA:33,0
DA:34,0
DA:43,4
DA:50,2
LF:7
LH:3
BRDA:23,0,0,0
BRDA:23,0,1,4
BRDA:26,1,0,0
BRDA:26,1,1,0
BRF:4
BRH:1
end_of_record
TN:
SF:frontend/components/box.js
FN:34,Box
FNF:1
FNH:1
FNDA:3,Box
DA:7,1
DA:35,3
DA:47,1
LF:3
LH:3
BRDA:37,0,0,3
BRDA:37,0,1,1
BRF:2
BRH:2
end_of_record
TN:
SF:frontend/contexts/AwardsContext.js
FN:11,AwardsProvider
FN:21,(anonymous_1)
FN:36,(anonymous_2)
FN:51,(anonymous_3)
FN:65,(anonymous_4)
FN:82,(anonymous_5)
FN:98,(anonymous_6)
FN:113,(anonymous_7)
FN:126,(anonymous_8)
FN:149,(anonymous_9)
FNF:10
FNH:9
FNDA:14,AwardsProvider
FNDA:3,(anonymous_1)
FNDA:1,(anonymous_2)
FNDA:3,(anonymous_3)
FNDA:0,(anonymous_4)
FNDA:2,(anonymous_5)
FNDA:1,(anonymous_6)
FNDA:1,(anonymous_7)
FNDA:12,(anonymous_8)
FNDA:12,(anonymous_9)
DA:6,1
DA:13,14
DA:16,14
DA:21,14
DA:22,3
DA:23,3
DA:24,3
DA:25,3
DA:28,0
DA:36,14
DA:37,1
DA:38,1
DA:39,1
DA:40,1
DA:42,1
DA:44,0
DA:51,14
DA:52,3
DA:53,3
DA:54,3
DA:55,2
DA:58,0
DA:65,14
DA:66,0
DA:67,0
DA:68,0
DA:71,0
DA:74,0
DA:82,14
DA:83,2
DA:84,2
DA:85,1
DA:87,1
DA:88,1
DA:91,1
DA:98,14
DA:99,1
DA:100,1
DA:101,0
DA:103,0
DA:106,1
DA:113,14
DA:114,1
DA:115,1
DA:116,0
DA:118,0
DA:121,1
DA:126,14
DA:138,14
DA:149,12
DA:151,1
LF:51
LH:39
BRDA:24,0,0,3
BRDA:24,0,1,0
BRDA:24,1,0,3
BRDA:24,1,1,3
BRDA:39,2,0,1
BRDA:39,2,1,0
BRDA:39,3,0,1
BRDA:39,3,1,1
BRDA:54,4,0,2
BRDA:54,4,1,1
BRDA:54,5,0,3
BRDA:54,5,1,2
BRDA:68,6,0,0
BRDA:68,6,1,0
BRDA:68,7,0,0
BRDA:68,7,1,0
BRDA:85,8,0,1
BRDA:85,8,1,0
BRDA:85,9,0,1
BRDA:85,9,1,1
BRDA:101,10,0,0
BRDA:101,10,1,0
BRDA:101,11,0,0
BRDA:101,11,1,0
BRDA:116,12,0,0
BRDA:116,12,1,0
BRDA:116,13,0,0
BRDA:116,13,1,0
BRF:28
BRH:13
end_of_record
TN:
SF:frontend/contexts/CommunityContext.js
FN:11,CommunityProvider
FN:14,(anonymous_1)
FN:19,(anonymous_2)
FN:23,(anonymous_3)
FN:27,(anonymous_4)
FN:27,(anonymous_5)
FN:36,(anonymous_6)
FN:39,(anonymous_7)
FN:41,(anonymous_8)
FN:45,(anonymous_9)
FN:47,(anonymous_10)
FN:52,(anonymous_11)
FN:56,(anonymous_12)
FN:69,(anonymous_13)
FN:82,(anonymous_14)
FN:95,(anonymous_15)
FN:100,(anonymous_16)
FN:105,(anonymous_17)
FN:115,(anonymous_18)
FN:120,(anonymous_19)
FN:125,(anonymous_20)
FN:130,(anonymous_21)
FN:135,(anonymous_22)
FN:140,(anonymous_23)
FN:145,(anonymous_24)
FN:150,(anonymous_25)
FN:184,(anonymous_26)
FNF:27
FNH:0
FNDA:0,CommunityProvider
FNDA:0,(anonymous_1)
FNDA:0,(anonymous_2)
FNDA:0,(anonymous_3)
FNDA:0,(anonymous_4)
FNDA:0,(anonymous_5)
FNDA:0,(anonymous_6)
FNDA:0,(anonymous_7)
FNDA:0,(anonymous_8)
FNDA:0,(anonymous_9)
FNDA:0,(anonymous_10)
FNDA:0,(anonymous_11)
FNDA:0,(anonymous_12)
FNDA:0,(anonymous_13)
FNDA:0,(anonymous_14)
FNDA:0,(anonymous_15)
FNDA:0,(anonymous_16)
FNDA:0,(anonymous_17)
FNDA:0,(anonymous_18)
FNDA:0,(anonymous_19)
FNDA:0,(anonymous_20)
FNDA:0,(anonymous_21)
FNDA:0,(anonymous_22)
FNDA:0,(anonymous_23)
FNDA:0,(anonymous_24)
FNDA:0,(anonymous_25)
FNDA:0,(anonymous_26)
DA:9,0
DA:12,0
DA:14,0
DA:15,0
DA:16,0
DA:19,0
DA:20,0
DA:23,0
DA:24,0
DA:25,0
DA:26,0
DA:27,0
DA:30,0
DA:31,0
DA:36,0
DA:39,0
DA:41,0
DA:42,0
DA:43,0
DA:45,0
DA:47,0
DA:49,0
DA:52,0
DA:53,0
DA:56,0
DA:59,0
DA:60,0
DA:62,0
DA:64,0
DA:65,0
DA:69,0
DA:71,0
DA:72,0
DA:74,0
DA:75,0
DA:77,0
DA:82,0
DA:84,0
DA:85,0
DA:87,0
DA:88,0
DA:90,0
DA:95,0
DA:96,0
DA:97,0
DA:100,0
DA:101,0
DA:102,0
DA:105,0
DA:106,0
DA:107,0
DA:108,0
DA:110,0
DA:111,0
DA:115,0
DA:116,0
DA:117,0
DA:120,0
DA:121,0
DA:122,0
DA:125,0
DA:126,0
DA:127,0
DA:130,0
DA:131,0
DA:132,0
DA:135,0
DA:136,0
DA:137,0
DA:140,0
DA:141,0
DA:142,0
DA:145,0
DA:146,0
DA:147,0
DA:150,0
DA:177,0
DA:184,0
DA:186,0
LF:79
LH:0
BRDA:25,0,0,0
BRDA:25,0,1,0
BRDA:72,1,0,0
BRDA:72,1,1,0
BRDA:72,2,0,0
BRDA:72,2,1,0
BRDA:85,3,0,0
BRDA:85,3,1,0
BRDA:85,4,0,0
BRDA:85,4,1,0
BRF:10
BRH:0
end_of_record
TN:
SF:frontend/contexts/FoodLogContext.js
FN:11,FoodLogProvider
FN:15,(anonymous_1)
FN:27,(anonymous_2)
FN:33,(anonymous_3)
FN:37,(anonymous_4)
FN:41,(anonymous_5)
FN:45,(anonymous_6)
FN:50,(anonymous_7)
FN:54,(anonymous_8)
FN:58,(anonymous_9)
FN:62,(anonymous_10)
FN:66,(anonymous_11)
FN:71,(anonymous_12)
FN:75,(anonymous_13)
FN:79,(anonymous_14)
FN:83,(anonymous_15)
FN:87,(anonymous_16)
FN:92,(anonymous_17)
FN:96,(anonymous_18)
FN:125,(anonymous_19)
FNF:20
FNH:7
FNDA:4,FoodLogProvider
FNDA:1,(anonymous_1)
FNDA:1,(anonymous_2)
FNDA:1,(anonymous_3)
FNDA:0,(anonymous_4)
FNDA:0,(anonymous_5)
FNDA:0,(anonymous_6)
FNDA:0,(anonymous_7)
FNDA:0,(anonymous_8)
FNDA:0,(anonymous_9)
FNDA:0,(anonymous_10)
FNDA:1,(anonymous_11)
FNDA:0,(anonymous_12)
FNDA:0,(anonymous_13)
FNDA:0,(anonymous_14)
FNDA:0,(anonymous_15)
FNDA:0,(anonymous_16)
FNDA:0,(anonymous_17)
FNDA:4,(anonymous_18)
FNDA:4,(anonymous_19)
DA:9,1
DA:13,4
DA:15,4
DA:17,1
DA:18,1
DA:19,1
DA:20,1
DA:22,0
DA:23,0
DA:27,4
DA:29,1
DA:33,4
DA:34,1
DA:37,4
DA:38,0
DA:41,4
DA:42,0
DA:45,4
DA:46,0
DA:47,0
DA:50,4
DA:51,0
DA:54,4
DA:55,0
DA:58,4
DA:59,0
DA:62,4
DA:63,0
DA:66,4
DA:67,1
DA:68,1
DA:71,4
DA:72,0
DA:75,4
DA:76,0
DA:79,4
DA:80,0
DA:83,4
DA:84,0
DA:87,4
DA:89,0
DA:92,4
DA:93,0
DA:96,4
DA:117,4
DA:125,4
DA:127,1
LF:47
LH:31
BRDA:18,0,0,1
BRDA:18,0,1,0
BRDA:50,1,0,0
BRF:3
BRH:1
end_of_record
TN:
SF:frontend/contexts/GoalsContext.js
FN:11,GoalsProvider
FN:21,(anonymous_1)
FN:34,(anonymous_2)
FN:50,(anonymous_3)
FN:63,(anonymous_4)
FN:75,(anonymous_5)
FN:109,(anonymous_6)
FN:125,(anonymous_7)
FN:147,(anonymous_8)
FNF:9
FNH:7
FNDA:16,GoalsProvider
FNDA:5,(anonymous_1)
FNDA:1,(anonymous_2)
FNDA:0,(anonymous_3)
FNDA:0,(anonymous_4)
FNDA:3,(anonymous_5)
FNDA:1,(anonymous_6)
FNDA:16,(anonymous_7)
FNDA:15,(anonymous_8)
DA:5,1
DA:13,16
DA:16,16
DA:21,16
DA:22,5
DA:23,5
DA:24,5
DA:26,0
DA:34,16
DA:35,1
DA:36,1
DA:37,1
DA:38,1
DA:40,0
DA:50,16
DA:51,0
DA:52,0
DA:53,0
DA:55,0
DA:63,16
DA:64,0
DA:65,0
DA:66,0
DA:68,0
DA:75,16
DA:76,3
DA:77,3
DA:78,3
DA:80,0
DA:109,16
DA:110,1
DA:111,1
DA:115,1
DA:117,0
DA:125,16
DA:136,16
DA:147,15
DA:149,1
LF:38
LH:26
BRF:0
BRH:0
end_of_record
TN:
SF:frontend/contexts/RemindersContext.js
FN:7,(anonymous_0)
FN:9,(anonymous_1)
FN:12,(anonymous_2)
FN:18,(anonymous_3)
FNF:4
FNH:4
FNDA:6,(anonymous_0)
FNDA:6,(anonymous_1)
FNDA:2,(anonymous_2)
FNDA:2,(anonymous_3)
DA:5,1
DA:7,6
DA:9,1
DA:10,6
DA:12,6
DA:13,2
DA:14,2
DA:15,2
DA:18,6
DA:19,2
DA:22,6
DA:29,1
LF:12
LH:12
BRDA:14,0,0,2
BRDA:14,0,1,0
BRF:2
BRH:1
end_of_record
TN:
SF:frontend/contexts/StatsContext.js
FN:7,StatsProvider
FN:11,(anonymous_1)
FN:27,(anonymous_2)
FN:43,(anonymous_3)
FN:44,(anonymous_4)
FN:45,(anonymous_5)
FN:46,(anonymous_6)
FN:47,(anonymous_7)
FN:48,(anonymous_8)
FN:49,(anonymous_9)
FN:50,(anonymous_10)
FN:52,(anonymous_11)
FN:77,(anonymous_12)
FN:78,(anonymous_13)
FN:80,(anonymous_14)
FN:91,(anonymous_15)
FN:114,(anonymous_16)
FNF:17
FNH:17
FNDA:31,StatsProvider
FNDA:80,(anonymous_1)
FNDA:11,(anonymous_2)
FNDA:10,(anonymous_3)
FNDA:10,(anonymous_4)
FNDA:10,(anonymous_5)
FNDA:10,(anonymous_6)
FNDA:10,(anonymous_7)
FNDA:10,(anonymous_8)
FNDA:10,(anonymous_9)
FNDA:10,(anonymous_10)
FNDA:10,(anonymous_11)
FNDA:80,(anonymous_12)
FNDA:10,(anonymous_13)
FNDA:80,(anonymous_14)
FNDA:29,(anonymous_15)
FNDA:29,(anonymous_16)
DA:5,1
DA:8,31
DA:9,31
DA:11,31
DA:12,80
DA:13,80
DA:14,79
DA:15,9
DA:19,9
DA:20,9
DA:23,71
DA:27,31
DA:28,11
DA:29,11
DA:30,11
DA:31,2
DA:32,0
DA:34,2
DA:38,9
DA:43,31
DA:44,31
DA:45,31
DA:46,31
DA:47,31
DA:48,31
DA:49,31
DA:50,31
DA:52,31
DA:53,10
DA:54,10
DA:65,10
DA:76,10
DA:77,80
DA:78,10
DA:79,10
DA:80,10
DA:81,80
DA:83,10
DA:85,10
DA:87,0
DA:91,31
DA:107,31
DA:114,29
DA:116,1
LF:44
LH:42
BRDA:14,0,0,9
BRDA:14,0,1,0
BRDA:30,1,0,2
BRDA:30,1,1,0
BRDA:31,2,0,0
BRDA:31,2,1,2
BRF:6
BRH:3
end_of_record
TN:
SF:frontend/contexts/UserContext.js
FN:12,UserProvider
FN:16,(anonymous_1)
FN:27,(anonymous_2)
FN:36,(anonymous_3)
FN:47,(anonymous_4)
FN:62,(anonymous_5)
FN:73,(anonymous_6)
FNF:7
FNH:0
FNDA:0,UserProvider
FNDA:0,(anonymous_1)
FNDA:0,(anonymous_2)
FNDA:0,(anonymous_3)
FNDA:0,(anonymous_4)
FNDA:0,(anonymous_5)
FNDA:0,(anonymous_6)
DA:10,1
DA:13,0
DA:14,0
DA:16,0
DA:17,0
DA:18,0
DA:19,0
DA:20,0
DA:22,0
DA:23,0
DA:27,0
DA:28,0
DA:29,0
DA:30,0
DA:32,0
DA:33,0
DA:36,0
DA:39,0
DA:40,0
DA:41,0
DA:43,0
DA:47,0
DA:48,0
DA:49,0
DA:51,0
DA:55,0
DA:56,0
DA:58,0
DA:62,0
DA:66,0
DA:73,1
DA:75,1
LF:32
LH:3
BRDA:18,0,0,0
BRDA:18,0,1,0
BRDA:29,1,0,0
BRDA:29,1,1,0
BRF:4
BRH:0
end_of_record
TN:
SF:frontend/navigation/AuthNavigator.js
FN:14,AuthNavigator
FN:29,(anonymous_1)
FN:43,(anonymous_2)
FN:57,(anonymous_3)
FNF:4
FNH:0
FNDA:0,AuthNavigator
FNDA:0,(anonymous_1)
FNDA:0,(anonymous_2)
FNDA:0,(anonymous_3)
DA:12,0
DA:15,0
DA:30,0
DA:44,0
DA:58,0
LF:5
LH:0
BRF:0
BRH:0
end_of_record
TN:
SF:frontend/navigation/GroupNavigator.js
FN:25,(anonymous_0)
FN:33,GroupNavigator
FNF:2
FNH:0
FNDA:0,(anonymous_0)
FNDA:0,GroupNavigator
DA:14,0
DA:16,0
DA:26,0
DA:34,0
LF:4
LH:0
BRF:0
BRH:0
end_of_record
TN:
SF:frontend/navigation/MainNavigator.js
FN:26,(anonymous_0)
FN:34,MainNavigator
FN:38,(anonymous_2)
FNF:3
FNH:0
FNDA:0,(anonymous_0)
FNDA:0,MainNavigator
FNDA:0,(anonymous_2)
DA:15,0
DA:17,0
DA:27,0
DA:35,0
DA:36,0
DA:38,0
DA:39,0
DA:40,0
DA:42,0
DA:45,0
LF:10
LH:0
BRDA:39,0,0,0
BRDA:39,0,1,0
BRF:2
BRH:0
end_of_record
TN:
SF:frontend/navigation/RecipeNavigator.js
FN:19,(anonymous_0)
FN:27,RecipeNavigator
FNF:2
FNH:0
FNDA:0,(anonymous_0)
FNDA:0,RecipeNavigator
DA:8,0
DA:10,0
DA:20,0
DA:28,0
LF:4
LH:0
BRF:0
BRH:0
end_of_record
TN:
SF:frontend/navigation/SettingsNavigator.js
FN:22,(anonymous_0)
FN:30,SettingsNavigator
FNF:2
FNH:0
FNDA:0,(anonymous_0)
FNDA:0,SettingsNavigator
DA:11,0
DA:13,0
DA:23,0
DA:31,0
LF:4
LH:0
BRF:0
BRH:0
end_of_record
TN:
SF:frontend/navigation/UserNavigator.js
FN:20,(anonymous_0)
FN:28,UserNavigator
FNF:2
FNH:0
FNDA:0,(anonymous_0)
FNDA:0,UserNavigator
DA:9,0
DA:11,0
DA:21,0
DA:29,0
LF:4
LH:0
BRF:0
BRH:0
end_of_record
TN:
SF:frontend/screens/IPIndex.js
FNF:0
FNH:0
DA:1,7
LF:1
LH:1
BRF:0
BRH:0
end_of_record
TN:
SF:frontend/screens/index.js
FNF:0
FNH:0
LF:0
LH:0
BRF:0
BRH:0
end_of_record
TN:
SF:frontend/screens/Dashboard/Dashboard.js
FN:24,Dashboard
FN:34,(anonymous_1)
FN:78,(anonymous_2)
FN:101,(anonymous_3)
FN:104,(anonymous_4)
FNF:5
FNH:5
FNDA:16,Dashboard
FNDA:5,(anonymous_1)
FNDA:5,(anonymous_2)
FNDA:5,(anonymous_3)
FNDA:5,(anonymous_4)
DA:25,16
DA:26,16
DA:27,15
DA:28,15
DA:29,15
DA:30,15
DA:31,15
DA:32,15
DA:34,15
DA:35,5
DA:36,5
DA:38,5
DA:39,0
DA:40,0
DA:41,0
DA:43,5
DA:45,0
DA:46,0
DA:78,15
DA:79,5
DA:80,5
DA:82,5
DA:84,5
DA:94,0
DA:95,0
DA:100,15
DA:102,5
DA:103,5
DA:104,5
DA:110,15
DA:111,5
DA:118,10
LF:32
LH:25
BRDA:38,0,0,0
BRDA:38,0,1,5
BRDA:94,1,0,0
BRDA:94,1,1,0
BRDA:110,2,0,5
BRDA:110,2,1,10
BRDA:121,3,0,0
BRDA:121,3,1,10
BRF:8
BRH:4
end_of_record
TN:
SF:frontend/screens/Dashboard/styles.js
FNF:0
FNH:0
DA:3,1
DA:5,1
LF:2
LH:2
BRF:0
BRH:0
end_of_record
TN:
SF:frontend/screens/Dashboard/DashboardComponents/Achievements.js
FN:52,(anonymous_0)
FN:63,(anonymous_1)
FN:76,(anonymous_2)
FN:88,(anonymous_3)
FNF:4
FNH:3
FNDA:10,(anonymous_0)
FNDA:10,(anonymous_1)
FNDA:0,(anonymous_2)
FNDA:77,(anonymous_3)
DA:7,1
DA:52,1
DA:53,10
DA:54,10
DA:55,10
DA:56,10
DA:57,10
DA:58,10
DA:59,10
DA:60,10
DA:63,1
DA:64,10
DA:65,10
DA:66,10
DA:67,10
DA:69,10
DA:70,10
DA:71,10
DA:72,10
DA:74,10
DA:76,0
DA:89,77
DA:101,1
LF:23
LH:22
BRDA:53,0,0,0
BRDA:53,0,1,10
BRDA:54,1,0,0
BRDA:54,1,1,10
BRDA:55,2,0,0
BRDA:55,2,1,10
BRDA:56,3,0,0
BRDA:56,3,1,10
BRDA:57,4,0,0
BRDA:57,4,1,10
BRDA:58,5,0,0
BRDA:58,5,1,10
BRDA:59,6,0,0
BRDA:59,6,1,10
BRDA:69,7,0,0
BRDA:69,7,1,10
BRDA:69,8,0,10
BRDA:69,8,1,10
BRDA:70,9,0,0
BRDA:70,9,1,10
BRDA:70,10,0,10
BRDA:70,10,1,10
BRDA:71,11,0,0
BRDA:71,11,1,10
BRF:24
BRH:14
end_of_record
TN:
SF:frontend/screens/Dashboard/DashboardComponents/CommunityStatus.js
FN:99,CommunityUpdates
FN:105,(anonymous_1)
FN:116,(anonymous_2)
FN:123,(anonymous_3)
FN:132,(anonymous_4)
FN:135,(anonymous_5)
FNF:6
FNH:2
FNDA:10,CommunityUpdates
FNDA:0,(anonymous_1)
FNDA:10,(anonymous_2)
FNDA:0,(anonymous_3)
FNDA:0,(anonymous_4)
FNDA:0,(anonymous_5)
DA:12,1
DA:100,10
DA:101,10
DA:102,10
DA:103,10
DA:105,10
DA:106,0
DA:107,0
DA:108,0
DA:109,0
DA:111,0
DA:115,10
DA:117,10
DA:118,0
DA:123,10
DA:124,0
DA:127,10
DA:133,0
DA:135,0
DA:167,1
LF:20
LH:11
BRDA:103,0,0,10
BRDA:103,0,1,10
BRDA:117,1,0,0
BRDA:117,1,1,10
BRDA:131,2,0,0
BRDA:131,2,1,10
BRDA:145,3,0,0
BRDA:145,3,1,0
BRF:8
BRH:4
end_of_record
TN:
SF:frontend/screens/Dashboard/DashboardComponents/CurrentGoalProgress.js
FN:209,(anonymous_0)
FN:222,(anonymous_1)
FN:228,(anonymous_2)
FN:229,(anonymous_3)
FN:278,(anonymous_4)
FN:302,GoalProgressBar
FN:319,(anonymous_6)
FN:325,(anonymous_7)
FN:342,(anonymous_8)
FN:350,getClosestDate
FN:375,(anonymous_10)
FN:410,(anonymous_11)
FN:418,(anonymous_12)
FN:427,(anonymous_13)
FNF:14
FNH:6
FNDA:20,(anonymous_0)
FNDA:0,(anonymous_1)
FNDA:20,(anonymous_2)
FNDA:20,(anonymous_3)
FNDA:0,(anonymous_4)
FNDA:10,GoalProgressBar
FNDA:0,(anonymous_6)
FNDA:80,(anonymous_7)
FNDA:0,(anonymous_8)
FNDA:0,getClosestDate
FNDA:0,(anonymous_10)
FNDA:0,(anonymous_11)
FNDA:0,(anonymous_12)
FNDA:1,(anonymous_13)
DA:13,1
DA:209,1
DA:211,20
DA:212,20
DA:214,20
DA:218,20
DA:222,20
DA:223,0
DA:224,0
DA:228,20
DA:229,20
DA:230,20
DA:231,20
DA:233,0
DA:237,20
DA:240,20
DA:245,20
DA:252,20
DA:265,1
DA:272,1
DA:278,1
DA:279,0
DA:292,1
DA:296,1
DA:303,10
DA:304,10
DA:306,10
DA:317,10
DA:319,10
DA:320,0
DA:321,0
DA:325,10
DA:326,80
DA:330,10
DA:341,10
DA:342,0
DA:343,0
DA:344,0
DA:351,0
DA:352,0
DA:354,0
DA:356,0
DA:357,0
DA:358,0
DA:360,0
DA:361,0
DA:362,0
DA:363,0
DA:364,0
DA:366,0
DA:369,0
DA:375,10
DA:376,0
DA:377,0
DA:379,0
DA:380,0
DA:382,0
DA:383,0
DA:384,0
DA:385,0
DA:389,10
DA:410,0
DA:419,0
DA:427,1
DA:443,1
LF:65
LH:33
BRDA:116,0,0,0
BRDA:116,0,1,1
BRDA:214,1,0,10
BRDA:214,1,1,10
BRDA:215,2,0,10
BRDA:215,2,1,0
BRDA:218,3,0,10
BRDA:218,3,1,10
BRDA:219,4,0,10
BRDA:219,4,1,0
BRDA:230,5,0,20
BRDA:230,5,1,0
BRDA:240,6,0,20
BRDA:240,6,1,0
BRDA:240,7,0,20
BRDA:240,7,1,20
BRDA:240,7,2,20
BRDA:240,7,3,20
BRDA:240,7,4,20
BRDA:240,7,5,20
BRDA:256,8,0,20
BRDA:256,8,1,0
BRDA:320,9,0,0
BRDA:320,9,1,0
BRDA:320,10,0,0
BRDA:320,10,1,0
BRDA:341,11,0,0
BRDA:341,11,1,10
BRDA:341,12,0,10
BRDA:341,12,1,10
BRDA:343,13,0,0
BRDA:343,13,1,0
BRDA:356,14,0,0
BRDA:356,14,1,0
BRDA:357,15,0,0
BRDA:357,15,1,0
BRDA:360,16,0,0
BRDA:360,16,1,0
BRDA:363,17,0,0
BRDA:363,17,1,0
BRDA:380,18,0,0
BRDA:380,18,1,0
BRDA:382,19,0,0
BRDA:382,19,1,0
BRDA:382,20,0,0
BRDA:382,20,1,0
BRDA:383,21,0,0
BRDA:383,21,1,0
BRDA:384,22,0,0
BRDA:384,22,1,0
BRDA:384,23,0,0
BRDA:384,23,1,0
BRDA:407,24,0,0
BRDA:407,24,1,10
BRDA:417,25,0,0
BRDA:417,25,1,10
BRF:56
BRH:21
end_of_record
TN:
SF:frontend/screens/Dashboard/DashboardComponents/CurrentStreak.js
FN:31,CurrentStreak
FNF:1
FNH:1
FNDA:10,CurrentStreak
DA:6,1
DA:35,10
DA:36,0
DA:38,10
DA:42,10
DA:52,1
LF:6
LH:5
BRDA:35,0,0,0
BRDA:35,0,1,10
BRF:2
BRH:1
end_of_record
TN:
SF:frontend/screens/Dashboard/DashboardComponents/RecentLog.js
FN:97,RecentLog
FNF:1
FNH:1
FNDA:10,RecentLog
DA:10,1
DA:105,10
DA:107,10
DA:152,1
DA:178,1
LF:5
LH:5
BRDA:102,0,0,10
BRDA:103,1,0,10
BRDA:104,2,0,10
BRDA:105,3,0,10
BRDA:105,3,1,0
BRDA:113,4,0,10
BRDA:113,4,1,0
BRDA:116,5,0,0
BRDA:116,5,1,10
BRDA:116,6,0,10
BRDA:116,6,1,10
BRDA:131,7,0,0
BRDA:131,7,1,10
BRDA:131,8,0,10
BRDA:131,8,1,10
BRDA:134,9,0,0
BRDA:134,9,1,0
BRF:17
BRH:11
end_of_record
TN:
SF:frontend/screens/Dashboard/DashboardComponents/WelcomeBar.js
FN:22,WelcomeBar
FNF:1
FNH:1
FNDA:10,WelcomeBar
DA:6,1
DA:23,10
DA:32,1
LF:3
LH:3
BRDA:17,0,0,1
BRDA:17,0,1,0
BRDA:26,1,0,10
BRDA:26,1,1,0
BRF:4
BRH:2
end_of_record
TN:
SF:frontend/screens/Dashboard/DashboardComponents/index.js
FNF:0
FNH:0
LF:0
LH:0
BRF:0
BRH:0
end_of_record
TN:
SF:frontend/screens/DataEntry/DataEntry.js
FN:19,DataEntry
FNF:1
FNH:0
FNDA:0,DataEntry
DA:5,0
DA:20,0
LF:2
LH:0
BRF:0
BRH:0
end_of_record
TN:
SF:frontend/screens/DataEntry/FoodEntry.js
FN:13,FoodEntry
FN:27,(anonymous_1)
FN:36,(anonymous_2)
FN:47,(anonymous_3)
FN:54,(anonymous_4)
FN:63,(anonymous_5)
FN:66,(anonymous_6)
FN:85,(anonymous_7)
FN:108,(anonymous_8)
FN:113,(anonymous_9)
FN:124,(anonymous_10)
FN:140,(anonymous_11)
FN:148,(anonymous_12)
FNF:13
FNH:0
FNDA:0,FoodEntry
FNDA:0,(anonymous_1)
FNDA:0,(anonymous_2)
FNDA:0,(anonymous_3)
FNDA:0,(anonymous_4)
FNDA:0,(anonymous_5)
FNDA:0,(anonymous_6)
FNDA:0,(anonymous_7)
FNDA:0,(anonymous_8)
FNDA:0,(anonymous_9)
FNDA:0,(anonymous_10)
FNDA:0,(anonymous_11)
FNDA:0,(anonymous_12)
DA:14,0
DA:15,0
DA:16,0
DA:17,0
DA:18,0
DA:19,0
DA:20,0
DA:21,0
DA:22,0
DA:27,0
DA:28,0
DA:29,0
DA:36,0
DA:37,0
DA:38,0
DA:40,0
DA:47,0
DA:48,0
DA:54,0
DA:55,0
DA:56,0
DA:63,0
DA:64,0
DA:67,0
DA:68,0
DA:76,0
DA:85,0
DA:108,0
DA:113,0
DA:125,0
DA:126,0
DA:127,0
DA:129,0
DA:134,0
DA:141,0
DA:142,0
DA:143,0
DA:149,0
DA:150,0
DA:151,0
DA:152,0
LF:41
LH:0
BRDA:28,0,0,0
BRDA:28,0,1,0
BRDA:37,1,0,0
BRDA:37,1,1,0
BRDA:98,2,0,0
BRDA:98,2,1,0
BRDA:98,2,2,0
BRDA:125,3,0,0
BRDA:125,3,1,0
BRDA:125,4,0,0
BRDA:125,4,1,0
BRDA:125,4,2,0
BRF:12
BRH:0
end_of_record
TN:
SF:frontend/screens/DataEntry/WaterEntry.js
FN:11,WaterEntry
FN:19,(anonymous_1)
FN:31,(anonymous_2)
FN:37,(anonymous_3)
FN:55,(anonymous_4)
FNF:5
FNH:0
FNDA:0,WaterEntry
FNDA:0,(anonymous_1)
FNDA:0,(anonymous_2)
FNDA:0,(anonymous_3)
FNDA:0,(anonymous_4)
DA:12,0
DA:13,0
DA:14,0
DA:19,0
DA:20,0
DA:21,0
DA:22,0
DA:24,0
DA:25,0
DA:32,0
DA:38,0
DA:46,0
DA:55,0
LF:13
LH:0
BRDA:20,0,0,0
BRDA:20,0,1,0
BRF:2
BRH:0
end_of_record
TN:
SF:frontend/screens/DataEntry/styles.js
FNF:0
FNH:0
DA:3,0
DA:6,0
LF:2
LH:0
BRF:0
BRH:0
end_of_record
TN:
SF:frontend/screens/DataEntry/DataEntryComponents/NewFoodModal.js
FN:16,(anonymous_0)
FN:26,(anonymous_1)
FN:59,(anonymous_2)
FNF:3
FNH:0
FNDA:0,(anonymous_0)
FNDA:0,(anonymous_1)
FNDA:0,(anonymous_2)
DA:16,0
DA:26,0
DA:27,0
DA:42,0
DA:48,0
DA:49,0
DA:50,0
DA:51,0
DA:52,0
DA:53,0
DA:54,0
DA:59,0
DA:60,0
DA:63,0
DA:107,0
LF:15
LH:0
BRF:0
BRH:0
end_of_record
TN:
SF:frontend/screens/DataEntry/DataEntryComponents/styles.js
FNF:0
FNH:0
DA:3,0
LF:1
LH:0
BRF:0
BRH:0
end_of_record
TN:
SF:frontend/screens/Groups/Groups.js
FN:11,Groups
FN:16,NewGroupButton
FN:18,(anonymous_2)
FN:24,JoinGroupButton
FN:26,(anonymous_4)
FN:33,(anonymous_5)
FN:35,(anonymous_6)
FN:50,(anonymous_7)
FN:58,(anonymous_8)
FN:60,(anonymous_9)
FN:73,(anonymous_10)
FN:77,(anonymous_11)
FNF:12
FNH:0
FNDA:0,Groups
FNDA:0,NewGroupButton
FNDA:0,(anonymous_2)
FNDA:0,JoinGroupButton
FNDA:0,(anonymous_4)
FNDA:0,(anonymous_5)
FNDA:0,(anonymous_6)
FNDA:0,(anonymous_7)
FNDA:0,(anonymous_8)
FNDA:0,(anonymous_9)
FNDA:0,(anonymous_10)
FNDA:0,(anonymous_11)
DA:12,0
DA:13,0
DA:14,0
DA:17,0
DA:18,0
DA:25,0
DA:26,0
DA:33,0
DA:35,0
DA:36,0
DA:37,0
DA:38,0
DA:40,0
DA:50,0
DA:59,0
DA:60,0
DA:73,0
DA:77,0
LF:18
LH:0
BRDA:33,0,0,0
BRDA:33,0,1,0
BRDA:55,1,0,0
BRDA:55,1,1,0
BRF:4
BRH:0
end_of_record
TN:
SF:frontend/screens/Groups/styles.js
FNF:0
FNH:0
DA:3,0
LF:1
LH:0
BRF:0
BRH:0
end_of_record
TN:
SF:frontend/screens/Groups/GroupMembers/GroupMembers.js
FN:10,ItemSeparator
FN:14,MemberItem
FN:25,(anonymous_2)
FN:27,GroupMembers
FN:32,(anonymous_4)
FN:33,(anonymous_5)
FN:47,(anonymous_6)
FNF:7
FNH:0
FNDA:0,ItemSeparator
FNDA:0,MemberItem
FNDA:0,(anonymous_2)
FNDA:0,GroupMembers
FNDA:0,(anonymous_4)
FNDA:0,(anonymous_5)
FNDA:0,(anonymous_6)
DA:8,0
DA:11,0
DA:15,0
DA:25,0
DA:28,0
DA:29,0
DA:30,0
DA:32,0
DA:33,0
DA:35,0
DA:37,0
DA:40,0
DA:43,0
DA:47,0
DA:57,0
DA:64,0
LF:16
LH:0
BRDA:18,0,0,0
BRDA:18,0,1,0
BRF:2
BRH:0
end_of_record
TN:
SF:frontend/screens/Groups/GroupMembers/styles.js
FNF:0
FNH:0
DA:3,0
LF:1
LH:0
BRF:0
BRH:0
end_of_record
TN:
SF:frontend/screens/Groups/GroupPage/GroupPage.js
FN:14,(anonymous_0)
FN:16,(anonymous_1)
FN:28,(anonymous_2)
FN:50,GroupPage
FN:59,(anonymous_4)
FN:60,(anonymous_5)
FN:83,(anonymous_6)
FN:90,(anonymous_7)
FN:98,(anonymous_8)
FN:100,(anonymous_9)
FN:103,(anonymous_10)
FN:111,(anonymous_11)
FN:112,(anonymous_12)
FN:137,(anonymous_13)
FN:140,(anonymous_14)
FN:147,(anonymous_15)
FNF:16
FNH:0
FNDA:0,(anonymous_0)
FNDA:0,(anonymous_1)
FNDA:0,(anonymous_2)
FNDA:0,GroupPage
FNDA:0,(anonymous_4)
FNDA:0,(anonymous_5)
FNDA:0,(anonymous_6)
FNDA:0,(anonymous_7)
FNDA:0,(anonymous_8)
FNDA:0,(anonymous_9)
FNDA:0,(anonymous_10)
FNDA:0,(anonymous_11)
FNDA:0,(anonymous_12)
FNDA:0,(anonymous_13)
FNDA:0,(anonymous_14)
FNDA:0,(anonymous_15)
DA:14,0
DA:15,0
DA:16,0
DA:28,0
DA:29,0
DA:51,0
DA:52,0
DA:53,0
DA:54,0
DA:55,0
DA:56,0
DA:58,0
DA:60,0
DA:61,0
DA:62,0
DA:63,0
DA:64,0
DA:66,0
DA:67,0
DA:70,0
DA:71,0
DA:73,0
DA:75,0
DA:78,0
DA:81,0
DA:83,0
DA:84,0
DA:85,0
DA:90,0
DA:91,0
DA:99,0
DA:100,0
DA:103,0
DA:111,0
DA:112,0
DA:118,0
DA:119,0
DA:126,0
DA:138,0
DA:140,0
DA:148,0
DA:161,0
DA:166,0
DA:172,0
LF:44
LH:0
BRDA:19,0,0,0
BRDA:19,0,1,0
BRDA:62,1,0,0
BRDA:62,1,1,0
BRDA:101,2,0,0
BRDA:101,2,1,0
BRDA:104,3,0,0
BRDA:104,3,1,0
BRDA:118,4,0,0
BRDA:118,4,1,0
BRDA:129,5,0,0
BRDA:129,5,1,0
BRDA:130,6,0,0
BRDA:130,6,1,0
BRF:14
BRH:0
end_of_record
TN:
SF:frontend/screens/Groups/GroupPage/styles.js
FNF:0
FNH:0
DA:3,0
LF:1
LH:0
BRF:0
BRH:0
end_of_record
TN:
SF:frontend/screens/Groups/GroupRecipes/GroupRecipes.js
FN:8,GroupRecipes
FN:14,(anonymous_1)
FN:18,(anonymous_2)
FN:19,(anonymous_3)
FN:25,(anonymous_4)
FN:40,(anonymous_5)
FN:69,(anonymous_6)
FN:70,(anonymous_7)
FNF:8
FNH:0
FNDA:0,GroupRecipes
FNDA:0,(anonymous_1)
FNDA:0,(anonymous_2)
FNDA:0,(anonymous_3)
FNDA:0,(anonymous_4)
FNDA:0,(anonymous_5)
FNDA:0,(anonymous_6)
FNDA:0,(anonymous_7)
DA:9,0
DA:10,0
DA:11,0
DA:12,0
DA:14,0
DA:15,0
DA:18,0
DA:19,0
DA:20,0
DA:24,0
DA:25,0
DA:31,0
DA:33,0
DA:37,0
DA:40,0
DA:41,0
DA:44,0
DA:69,0
DA:70,0
LF:19
LH:0
BRDA:24,0,0,0
BRDA:24,0,1,0
BRDA:41,1,0,0
BRDA:41,1,1,0
BRDA:66,2,0,0
BRDA:66,2,1,0
BRF:6
BRH:0
end_of_record
TN:
SF:frontend/screens/Groups/GroupRecipes/styles.js
FNF:0
FNH:0
DA:3,0
LF:1
LH:0
BRF:0
BRH:0
end_of_record
TN:
SF:frontend/screens/Groups/GroupSettings/GroupSettings.js
FN:17,GroupSettings
FN:26,(anonymous_1)
FN:28,(anonymous_2)
FN:37,(anonymous_3)
FN:44,(anonymous_4)
FN:54,(anonymous_5)
FN:55,fetchUserRole
FN:72,(anonymous_7)
FN:81,(anonymous_8)
FN:88,(anonymous_9)
FNF:10
FNH:0
FNDA:0,GroupSettings
FNDA:0,(anonymous_1)
FNDA:0,(anonymous_2)
FNDA:0,(anonymous_3)
FNDA:0,(anonymous_4)
FNDA:0,(anonymous_5)
FNDA:0,fetchUserRole
FNDA:0,(anonymous_7)
FNDA:0,(anonymous_8)
FNDA:0,(anonymous_9)
DA:12,0
DA:18,0
DA:19,0
DA:20,0
DA:21,0
DA:22,0
DA:23,0
DA:24,0
DA:26,0
DA:28,0
DA:29,0
DA:30,0
DA:31,0
DA:33,0
DA:37,0
DA:38,0
DA:39,0
DA:40,0
DA:44,0
DA:45,0
DA:46,0
DA:47,0
DA:48,0
DA:50,0
DA:54,0
DA:56,0
DA:57,0
DA:60,0
DA:63,0
DA:72,0
DA:81,0
DA:88,0
DA:104,0
LF:33
LH:0
BRDA:30,0,0,0
BRDA:30,0,1,0
BRDA:39,1,0,0
BRDA:39,1,1,0
BRDA:46,2,0,0
BRDA:46,2,1,0
BRDA:65,3,0,0
BRDA:65,3,1,0
BRDA:67,4,0,0
BRDA:67,4,1,0
BRDA:70,5,0,0
BRDA:70,5,1,0
BRDA:93,6,0,0
BRDA:93,6,1,0
BRF:14
BRH:0
end_of_record
TN:
SF:frontend/screens/Groups/GroupSettings/styles.js
FNF:0
FNH:0
DA:3,0
LF:1
LH:0
BRF:0
BRH:0
end_of_record
TN:
SF:frontend/screens/Groups/GroupSettings/Components/DeleteModal.js
FN:5,DeleteModal
FNF:1
FNH:0
FNDA:0,DeleteModal
DA:6,0
LF:1
LH:0
BRF:0
BRH:0
end_of_record
TN:
SF:frontend/screens/Groups/GroupSettings/Components/UpdateDescriptionModal.js
FN:5,UpdateDescriptionModal
FNF:1
FNH:0
FNDA:0,UpdateDescriptionModal
DA:6,0
LF:1
LH:0
BRF:0
BRH:0
end_of_record
TN:
SF:frontend/screens/Groups/JoinGroup/JoinGroup.js
FN:16,JoinGroup
FN:27,(anonymous_1)
FN:28,(anonymous_2)
FN:40,(anonymous_3)
FN:49,(anonymous_4)
FN:60,(anonymous_5)
FN:68,(anonymous_6)
FN:70,(anonymous_7)
FN:73,(anonymous_8)
FN:91,(anonymous_9)
FN:93,(anonymous_10)
FN:107,(anonymous_11)
FN:116,(anonymous_12)
FNF:13
FNH:0
FNDA:0,JoinGroup
FNDA:0,(anonymous_1)
FNDA:0,(anonymous_2)
FNDA:0,(anonymous_3)
FNDA:0,(anonymous_4)
FNDA:0,(anonymous_5)
FNDA:0,(anonymous_6)
FNDA:0,(anonymous_7)
FNDA:0,(anonymous_8)
FNDA:0,(anonymous_9)
FNDA:0,(anonymous_10)
FNDA:0,(anonymous_11)
FNDA:0,(anonymous_12)
DA:17,0
DA:18,0
DA:19,0
DA:20,0
DA:21,0
DA:26,0
DA:28,0
DA:29,0
DA:30,0
DA:33,0
DA:40,0
DA:41,0
DA:49,0
DA:50,0
DA:51,0
DA:52,0
DA:60,0
DA:61,0
DA:62,0
DA:63,0
DA:66,0
DA:67,0
DA:69,0
DA:70,0
DA:71,0
DA:74,0
DA:78,0
DA:92,0
DA:93,0
DA:108,0
DA:116,0
LF:31
LH:0
BRDA:61,0,0,0
BRDA:61,0,1,0
BRDA:113,1,0,0
BRDA:113,1,1,0
BRDA:115,2,0,0
BRDA:115,2,1,0
BRF:6
BRH:0
end_of_record
TN:
SF:frontend/screens/Groups/JoinGroup/styles.js
FNF:0
FNH:0
DA:3,0
LF:1
LH:0
BRF:0
BRH:0
end_of_record
TN:
SF:frontend/screens/Groups/NewGroup/NewGroup.js
FN:17,CustomCheckbox
FN:28,NewGroup
FN:37,(anonymous_2)
FN:45,(anonymous_3)
FN:66,(anonymous_4)
FN:80,(anonymous_5)
FN:89,(anonymous_6)
FN:107,getFileName
FN:133,(anonymous_8)
FN:138,(anonymous_9)
FNF:10
FNH:0
FNDA:0,CustomCheckbox
FNDA:0,NewGroup
FNDA:0,(anonymous_2)
FNDA:0,(anonymous_3)
FNDA:0,(anonymous_4)
FNDA:0,(anonymous_5)
FNDA:0,(anonymous_6)
FNDA:0,getFileName
FNDA:0,(anonymous_8)
FNDA:0,(anonymous_9)
DA:18,0
DA:29,0
DA:30,0
DA:31,0
DA:32,0
DA:34,0
DA:35,0
DA:37,0
DA:38,0
DA:44,0
DA:46,0
DA:47,0
DA:48,0
DA:50,0
DA:51,0
DA:52,0
DA:53,0
DA:54,0
DA:60,0
DA:61,0
DA:67,0
DA:71,0
DA:72,0
DA:74,0
DA:75,0
DA:77,0
DA:81,0
DA:85,0
DA:86,0
DA:87,0
DA:89,0
DA:90,0
DA:99,0
DA:100,0
DA:103,0
DA:109,0
DA:111,0
DA:114,0
DA:133,0
DA:138,0
DA:161,0
LF:41
LH:0
BRDA:21,0,0,0
BRDA:21,0,1,0
BRDA:41,1,0,0
BRDA:41,1,1,0
BRDA:42,2,0,0
BRDA:42,2,1,0
BRDA:46,3,0,0
BRDA:46,3,1,0
BRDA:46,4,0,0
BRDA:46,4,1,0
BRDA:50,5,0,0
BRDA:50,5,1,0
BRDA:99,6,0,0
BRDA:99,6,1,0
BRDA:144,7,0,0
BRDA:144,7,1,0
BRF:16
BRH:0
end_of_record
TN:
SF:frontend/screens/Groups/NewGroup/styles.js
FNF:0
FNH:0
DA:3,0
LF:1
LH:0
BRF:0
BRH:0
end_of_record
TN:
SF:frontend/screens/Groups/NewPost/NewPost.js
FN:9,NewPostPage
FN:17,(anonymous_1)
FN:47,(anonymous_2)
FN:54,(anonymous_3)
FNF:4
FNH:0
FNDA:0,NewPostPage
FNDA:0,(anonymous_1)
FNDA:0,(anonymous_2)
FNDA:0,(anonymous_3)
DA:10,0
DA:11,0
DA:12,0
DA:13,0
DA:14,0
DA:17,0
DA:18,0
DA:25,0
DA:26,0
DA:27,0
DA:29,0
DA:33,0
DA:47,0
DA:54,0
DA:83,0
LF:15
LH:0
BRDA:26,0,0,0
BRDA:26,0,1,0
BRDA:35,1,0,0
BRDA:35,1,1,0
BRDA:49,2,0,0
BRDA:49,2,1,0
BRDA:50,3,0,0
BRDA:50,3,1,0
BRDA:56,4,0,0
BRDA:56,4,1,0
BRDA:57,5,0,0
BRDA:57,5,1,0
BRDA:60,6,0,0
BRDA:60,6,1,0
BRF:14
BRH:0
end_of_record
TN:
SF:frontend/screens/Groups/NewPost/styles.js
FNF:0
FNH:0
DA:3,0
LF:1
LH:0
BRF:0
BRH:0
end_of_record
TN:
SF:frontend/screens/Groups/PendingRequests/PendingRequests.js
FN:8,PendingRequests
FN:13,(anonymous_1)
FN:14,(anonymous_2)
FN:22,(anonymous_3)
FN:28,(anonymous_4)
FN:41,(anonymous_5)
FN:46,(anonymous_6)
FN:53,(anonymous_7)
FN:62,(anonymous_8)
FNF:9
FNH:0
FNDA:0,PendingRequests
FNDA:0,(anonymous_1)
FNDA:0,(anonymous_2)
FNDA:0,(anonymous_3)
FNDA:0,(anonymous_4)
FNDA:0,(anonymous_5)
FNDA:0,(anonymous_6)
FNDA:0,(anonymous_7)
FNDA:0,(anonymous_8)
DA:9,0
DA:10,0
DA:11,0
DA:13,0
DA:14,0
DA:15,0
DA:16,0
DA:19,0
DA:22,0
DA:23,0
DA:24,0
DA:25,0
DA:28,0
DA:29,0
DA:30,0
DA:31,0
DA:34,0
DA:42,0
DA:46,0
DA:53,0
DA:62,0
LF:21
LH:0
BRDA:36,0,0,0
BRDA:36,0,1,0
BRF:2
BRH:0
end_of_record
TN:
SF:frontend/screens/Groups/PendingRequests/styles.js
FNF:0
FNH:0
DA:3,0
LF:1
LH:0
BRF:0
BRH:0
end_of_record
TN:
SF:frontend/screens/Landing/Landing.js
FN:9,Landing
FN:20,(anonymous_1)
FN:26,(anonymous_2)
FNF:3
FNH:3
FNDA:4,Landing
FNDA:1,(anonymous_1)
FNDA:1,(anonymous_2)
DA:10,4
DA:20,1
DA:26,1
DA:37,1
LF:4
LH:4
BRF:0
BRH:0
end_of_record
TN:
SF:frontend/screens/Landing/styles.js
FNF:0
FNH:0
DA:3,1
LF:1
LH:1
BRF:0
BRH:0
end_of_record
TN:
SF:frontend/screens/Login/Login.js
FN:10,Login
FN:14,(anonymous_1)
FN:24,(anonymous_2)
FN:35,(anonymous_3)
FN:48,(anonymous_4)
FNF:5
FNH:2
FNDA:7,Login
FNDA:2,(anonymous_1)
FNDA:0,(anonymous_2)
FNDA:0,(anonymous_3)
FNDA:0,(anonymous_4)
DA:11,7
DA:12,7
DA:14,7
DA:15,2
DA:16,2
DA:17,2
DA:20,0
DA:25,0
DA:26,0
DA:27,0
DA:32,0
DA:36,0
DA:37,0
DA:39,0
DA:44,7
DA:48,0
LF:16
LH:7
BRDA:15,0,0,2
BRDA:15,0,1,0
BRDA:15,1,0,2
BRDA:15,1,1,0
BRDA:25,2,0,0
BRDA:25,2,1,0
BRDA:36,3,0,0
BRDA:36,3,1,0
BRDA:36,4,0,0
BRDA:36,4,1,0
BRF:10
BRH:2
end_of_record
TN:
SF:frontend/screens/Login/styles.js
FNF:0
FNH:0
DA:3,1
LF:1
LH:1
BRF:0
BRH:0
end_of_record
TN:
SF:frontend/screens/Register/Register.js
FN:9,Register
FN:15,(anonymous_1)
FN:31,(anonymous_2)
FNF:3
FNH:2
FNDA:14,Register
FNDA:5,(anonymous_1)
FNDA:0,(anonymous_2)
DA:10,14
DA:11,14
DA:12,14
DA:13,14
DA:15,14
DA:16,5
DA:17,5
DA:18,5
DA:20,0
DA:21,0
DA:22,0
DA:24,0
DA:27,14
DA:31,0
LF:14
LH:9
BRDA:16,0,0,5
BRDA:16,0,1,0
BRDA:16,1,0,5
BRDA:16,1,1,0
BRDA:16,1,2,0
BRDA:16,1,3,0
BRDA:20,2,0,0
BRDA:20,2,1,0
BRF:8
BRH:2
end_of_record
TN:
SF:frontend/screens/Register/styles.js
FNF:0
FNH:0
DA:3,1
LF:1
LH:1
BRF:0
BRH:0
end_of_record
TN:
SF:frontend/screens/SecondaryReg/SecondaryReg.js
FN:10,RegisterDetails
FN:17,(anonymous_1)
FN:21,(anonymous_2)
FN:26,(anonymous_3)
FN:37,(anonymous_4)
FN:42,(anonymous_5)
FN:62,(anonymous_6)
FN:78,(anonymous_7)
FNF:8
FNH:0
FNDA:0,RegisterDetails
FNDA:0,(anonymous_1)
FNDA:0,(anonymous_2)
FNDA:0,(anonymous_3)
FNDA:0,(anonymous_4)
FNDA:0,(anonymous_5)
FNDA:0,(anonymous_6)
FNDA:0,(anonymous_7)
DA:11,0
DA:12,0
DA:13,0
DA:14,0
DA:15,0
DA:17,0
DA:18,0
DA:21,0
DA:22,0
DA:27,0
DA:28,0
DA:29,0
DA:34,0
DA:38,0
DA:42,0
DA:43,0
DA:44,0
DA:52,0
DA:54,0
DA:55,0
DA:57,0
DA:62,0
DA:63,0
DA:64,0
DA:65,0
DA:68,0
DA:69,0
DA:71,0
DA:72,0
DA:75,0
DA:78,0
DA:79,0
DA:80,0
DA:81,0
DA:85,0
LF:35
LH:0
BRDA:27,0,0,0
BRDA:27,0,1,0
BRDA:54,1,0,0
BRDA:54,1,1,0
BRDA:54,2,0,0
BRDA:54,2,1,0
BRDA:63,3,0,0
BRDA:63,3,1,0
BRDA:63,4,0,0
BRDA:63,4,1,0
BRDA:71,5,0,0
BRDA:71,5,1,0
BRDA:80,6,0,0
BRDA:80,6,1,0
BRDA:106,7,0,0
BRDA:106,7,1,0
BRF:16
BRH:0
end_of_record
TN:
SF:frontend/screens/SecondaryReg/styles.js
FNF:0
FNH:0
DA:3,0
LF:1
LH:0
BRF:0
BRH:0
end_of_record
TN:
SF:frontend/screens/Settings/Settings.js
FN:17,ItemSeparator
FN:21,SettingsItem
FN:32,SettingsFooter
FN:39,(anonymous_3)
FN:44,(anonymous_4)
FN:60,Settings
FNF:6
FNH:0
FNDA:0,ItemSeparator
FNDA:0,SettingsItem
FNDA:0,SettingsFooter
FNDA:0,(anonymous_3)
FNDA:0,(anonymous_4)
FNDA:0,Settings
DA:15,0
DA:18,0
DA:22,0
DA:33,0
DA:34,0
DA:39,0
DA:44,0
DA:61,0
DA:62,0
DA:63,0
DA:64,0
DA:79,0
DA:86,0
LF:13
LH:0
BRDA:63,0,0,0
BRDA:63,0,1,0
BRF:2
BRH:0
end_of_record
TN:
SF:frontend/screens/Settings/SettingsOptions.js
FN:11,(anonymous_0)
FN:14,(anonymous_1)
FN:18,(anonymous_2)
FN:22,(anonymous_3)
FN:26,(anonymous_4)
FN:30,(anonymous_5)
FNF:6
FNH:6
FNDA:1,(anonymous_0)
FNDA:1,(anonymous_1)
FNDA:1,(anonymous_2)
FNDA:1,(anonymous_3)
FNDA:1,(anonymous_4)
FNDA:1,(anonymous_5)
DA:11,1
DA:14,1
DA:18,1
DA:22,1
DA:26,1
DA:30,1
LF:6
LH:6
BRF:0
BRH:0
end_of_record
TN:
SF:frontend/screens/Settings/styles.js
FNF:0
FNH:0
DA:3,0
LF:1
LH:0
BRF:0
BRH:0
end_of_record
TN:
SF:frontend/screens/Settings/Subscreens/About.js
FN:75,About
FNF:1
FNH:1
FNDA:2,About
DA:4,1
DA:76,2
LF:2
LH:2
BRF:0
BRH:0
end_of_record
TN:
SF:frontend/screens/Settings/Subscreens/Account.js
FN:33,Account
FN:47,(anonymous_1)
FN:48,(anonymous_2)
FN:51,(anonymous_3)
FN:56,(anonymous_4)
FN:57,(anonymous_5)
FNF:6
FNH:0
FNDA:0,Account
FNDA:0,(anonymous_1)
FNDA:0,(anonymous_2)
FNDA:0,(anonymous_3)
FNDA:0,(anonymous_4)
FNDA:0,(anonymous_5)
DA:10,0
DA:34,0
DA:36,0
DA:43,0
DA:47,0
DA:49,0
DA:51,0
DA:56,0
DA:57,0
DA:65,0
LF:10
LH:0
BRF:0
BRH:0
end_of_record
TN:
SF:frontend/screens/Settings/Subscreens/EditPage.js
FN:50,EditPage
FN:62,(anonymous_1)
FN:77,(anonymous_2)
FNF:3
FNH:2
FNDA:3,EditPage
FNDA:0,(anonymous_1)
FNDA:1,(anonymous_2)
DA:8,1
DA:52,3
DA:55,3
DA:58,3
DA:60,3
DA:62,3
DA:63,0
DA:66,3
DA:77,1
DA:90,1
LF:10
LH:9
BRDA:58,0,0,3
BRDA:58,0,1,0
BRDA:58,1,0,3
BRDA:58,1,1,3
BRF:4
BRH:3
end_of_record
TN:
SF:frontend/screens/Settings/Subscreens/HelpAndSupport.js
FN:23,HelpAndSupport
FNF:1
FNH:1
FNDA:2,HelpAndSupport
DA:5,1
DA:24,2
LF:2
LH:2
BRF:0
BRH:0
end_of_record
TN:
SF:frontend/screens/Settings/Subscreens/LearnMore.js
FN:63,LearnMore
FNF:1
FNH:1
FNDA:2,LearnMore
DA:6,1
DA:65,2
LF:2
LH:2
BRF:0
BRH:0
end_of_record
TN:
SF:frontend/screens/Settings/Subscreens/Privacy.js
FN:17,Privacy
FNF:1
FNH:0
FNDA:0,Privacy
DA:7,0
DA:18,0
LF:2
LH:0
BRF:0
BRH:0
end_of_record
TN:
SF:frontend/screens/Settings/Subscreens/index.js
FNF:0
FNH:0
LF:0
LH:0
BRF:0
BRH:0
end_of_record
TN:
SF:frontend/screens/Settings/settingsComponents/LogoutButton.js
FN:34,LogoutButton
FN:37,(anonymous_1)
FN:45,(anonymous_2)
FNF:3
FNH:3
FNDA:3,LogoutButton
FNDA:1,(anonymous_1)
FNDA:1,(anonymous_2)
DA:10,1
DA:35,3
DA:37,3
DA:38,1
DA:45,3
DA:46,1
DA:53,3
DA:68,3
DA:79,1
LF:9
LH:9
BRF:0
BRH:0
end_of_record
TN:
SF:frontend/screens/Stats/Stats.js
FN:20,(anonymous_0)
FN:26,(anonymous_1)
FN:41,(anonymous_2)
FN:57,(anonymous_3)
FNF:4
FNH:4
FNDA:124,(anonymous_0)
FNDA:110,(anonymous_1)
FNDA:110,(anonymous_2)
FNDA:110,(anonymous_3)
DA:20,2
DA:21,124
DA:22,124
DA:23,122
DA:24,122
DA:26,122
DA:27,110
DA:28,110
DA:29,110
DA:30,1
DA:31,1
DA:32,1
DA:34,109
DA:36,0
DA:37,0
DA:41,122
DA:42,110
DA:43,110
DA:45,110
DA:50,0
DA:52,110
DA:56,122
DA:58,110
DA:59,110
DA:64,122
DA:65,106
DA:73,16
LF:27
LH:24
BRDA:29,0,0,1
BRDA:29,0,1,109
BRDA:64,1,0,106
BRDA:64,1,1,16
BRF:4
BRH:4
end_of_record
TN:
SF:frontend/screens/Stats/styles.js
FNF:0
FNH:0
DA:4,2
LF:1
LH:1
BRDA:7,0,0,0
BRDA:7,0,1,2
BRF:2
BRH:1
end_of_record
TN:
SF:frontend/screens/Stats/statsComponents/CircularProgress.js
FN:27,(anonymous_0)
FN:54,(anonymous_1)
FN:74,(anonymous_2)
FN:79,(anonymous_3)
FN:95,(anonymous_4)
FNF:5
FNH:5
FNDA:18,(anonymous_0)
FNDA:144,(anonymous_1)
FNDA:36,(anonymous_2)
FNDA:12,(anonymous_3)
FNDA:12,(anonymous_4)
DA:8,2
DA:27,2
DA:29,18
DA:40,18
DA:42,18
DA:53,18
DA:54,18
DA:55,144
DA:56,144
DA:62,18
DA:68,18
DA:74,18
DA:75,36
DA:76,36
DA:79,18
DA:80,12
DA:92,12
DA:95,18
DA:96,12
DA:99,18
DA:146,2
LF:21
LH:21
BRDA:53,0,0,18
BRDA:53,0,1,0
BRDA:53,1,0,18
BRDA:53,1,1,18
BRDA:55,2,0,144
BRDA:55,2,1,0
BRDA:75,3,0,0
BRDA:75,3,1,36
BRDA:76,4,0,12
BRDA:76,4,1,24
BRDA:81,5,0,12
BRDA:81,5,1,0
BRDA:84,6,0,12
BRDA:84,6,1,0
BRDA:87,7,0,12
BRDA:87,7,1,0
BRDA:103,8,0,0
BRDA:103,8,1,18
BRDA:114,9,0,0
BRDA:114,9,1,18
BRDA:125,10,0,0
BRDA:125,10,1,18
BRDA:138,11,0,0
BRDA:138,11,1,18
BRDA:139,12,0,0
BRDA:139,12,1,18
BRDA:140,13,0,0
BRDA:140,13,1,18
BRF:28
BRH:16
end_of_record
TN:
SF:frontend/screens/Stats/statsComponents/NutritionProgress.js
FN:72,(anonymous_0)
FN:78,(anonymous_1)
FN:84,(anonymous_2)
FN:86,(anonymous_3)
FN:135,(anonymous_4)
FN:149,(anonymous_5)
FN:155,(anonymous_6)
FN:173,(anonymous_7)
FN:185,(anonymous_8)
FNF:9
FNH:8
FNDA:60,(anonymous_0)
FNDA:0,(anonymous_1)
FNDA:60,(anonymous_2)
FNDA:60,(anonymous_3)
FNDA:12,(anonymous_4)
FNDA:96,(anonymous_5)
FNDA:96,(anonymous_6)
FNDA:96,(anonymous_7)
FNDA:60,(anonymous_8)
DA:6,2
DA:59,2
DA:72,2
DA:74,60
DA:75,60
DA:78,60
DA:79,0
DA:80,0
DA:84,60
DA:86,60
DA:87,60
DA:88,60
DA:91,0
DA:95,60
DA:97,60
DA:101,60
DA:109,60
DA:122,2
DA:129,2
DA:135,2
DA:136,12
DA:147,12
DA:149,12
DA:150,96
DA:151,96
DA:155,12
DA:156,96
DA:160,12
DA:172,12
DA:173,12
DA:174,96
DA:175,96
DA:181,12
DA:183,12
DA:187,60
DA:201,2
LF:36
LH:33
BRDA:12,0,0,0
BRDA:12,0,1,2
BRDA:32,1,0,0
BRDA:32,1,1,2
BRDA:87,2,0,60
BRDA:87,2,1,0
BRDA:97,3,0,60
BRDA:97,3,1,0
BRDA:97,4,0,60
BRDA:97,4,1,60
BRDA:97,4,2,60
BRDA:97,4,3,60
BRDA:97,4,4,60
BRDA:97,4,5,60
BRDA:113,5,0,60
BRDA:113,5,1,0
BRDA:150,6,0,96
BRDA:150,6,1,0
BRDA:150,7,0,96
BRDA:150,7,1,96
BRDA:172,8,0,12
BRDA:172,8,1,0
BRDA:172,9,0,12
BRDA:172,9,1,12
BRDA:174,10,0,96
BRDA:174,10,1,0
BRF:26
BRH:18
end_of_record
TN:
SF:frontend/screens/Stats/statsComponents/WelcomeBar.js
FN:5,(anonymous_0)
FNF:1
FNH:1
FNDA:12,(anonymous_0)
DA:5,2
DA:6,12
DA:12,2
LF:3
LH:3
BRF:0
BRH:0
end_of_record
TN:
SF:frontend/screens/Stats/statsComponents/index.js
FNF:0
FNH:0
LF:0
LH:0
BRF:0
BRH:0
end_of_record
TN:
SF:frontend/screens/UserProfile/UserProfile.js
FN:13,UserProfile
FN:20,(anonymous_1)
FN:21,(anonymous_2)
FN:29,(anonymous_3)
FN:31,(anonymous_4)
FN:40,(anonymous_5)
FN:49,(anonymous_6)
FN:67,(anonymous_7)
FN:71,(anonymous_8)
FN:75,(anonymous_9)
FN:79,(anonymous_10)
FN:95,(anonymous_11)
FN:105,(anonymous_12)
FNF:13
FNH:0
FNDA:0,UserProfile
FNDA:0,(anonymous_1)
FNDA:0,(anonymous_2)
FNDA:0,(anonymous_3)
FNDA:0,(anonymous_4)
FNDA:0,(anonymous_5)
FNDA:0,(anonymous_6)
FNDA:0,(anonymous_7)
FNDA:0,(anonymous_8)
FNDA:0,(anonymous_9)
FNDA:0,(anonymous_10)
FNDA:0,(anonymous_11)
FNDA:0,(anonymous_12)
DA:14,0
DA:15,0
DA:16,0
DA:17,0
DA:18,0
DA:20,0
DA:21,0
DA:22,0
DA:23,0
DA:26,0
DA:29,0
DA:30,0
DA:31,0
DA:32,0
DA:33,0
DA:36,0
DA:40,0
DA:41,0
DA:49,0
DA:50,0
DA:51,0
DA:57,0
DA:59,0
DA:60,0
DA:64,0
DA:67,0
DA:71,0
DA:75,0
DA:79,0
DA:83,0
DA:84,0
DA:85,0
DA:88,0
DA:95,0
DA:105,0
LF:35
LH:0
BRDA:30,0,0,0
BRDA:30,0,1,0
BRDA:30,1,0,0
BRDA:30,1,1,0
BRDA:54,2,0,0
BRDA:54,2,1,0
BRDA:84,3,0,0
BRDA:84,3,1,0
BRDA:84,4,0,0
BRDA:84,4,1,0
BRDA:91,5,0,0
BRDA:91,5,1,0
BRDA:100,6,0,0
BRDA:100,6,1,0
BRDA:100,6,2,0
BRF:15
BRH:0
end_of_record
TN:
SF:frontend/screens/UserProfile/styles.js
FNF:0
FNH:0
DA:13,0
DA:15,0
LF:2
LH:0
BRF:0
BRH:0
end_of_record
TN:
SF:frontend/screens/UserProfile/Subscreens/index.js
FNF:0
FNH:0
LF:0
LH:0
BRF:0
BRH:0
end_of_record
TN:
SF:frontend/screens/UserProfile/Subscreens/styles.js
FNF:0
FNH:0
DA:3,0
LF:1
LH:0
BRF:0
BRH:0
end_of_record
TN:
SF:frontend/screens/UserProfile/Subscreens/Awards/Awards.js
FN:85,(anonymous_0)
FN:88,(anonymous_1)
FN:94,(anonymous_2)
FN:104,(anonymous_3)
FN:106,(anonymous_4)
FN:118,(anonymous_5)
FNF:6
FNH:5
FNDA:3,(anonymous_0)
FNDA:3,(anonymous_1)
FNDA:0,(anonymous_2)
FNDA:21,(anonymous_3)
FNDA:42,(anonymous_4)
FNDA:21,(anonymous_5)
DA:8,1
DA:85,1
DA:86,3
DA:88,3
DA:89,3
DA:90,3
DA:93,3
DA:95,0
DA:96,0
DA:104,3
DA:106,42
DA:109,3
DA:119,21
DA:136,1
LF:14
LH:12
BRDA:122,0,0,0
BRDA:122,0,1,21
BRF:2
BRH:1
end_of_record
TN:
SF:frontend/screens/UserProfile/Subscreens/Awards/styles.js
FNF:0
FNH:0
LF:0
LH:0
BRF:0
BRH:0
end_of_record
TN:
SF:frontend/screens/UserProfile/Subscreens/Goals/Goals.js
FN:135,(anonymous_0)
FN:139,(anonymous_1)
FN:144,(anonymous_2)
FN:150,(anonymous_3)
FN:191,(anonymous_4)
FN:210,(anonymous_5)
FN:238,(anonymous_6)
FN:239,(anonymous_7)
FN:256,(anonymous_8)
FN:257,(anonymous_9)
FN:271,(anonymous_10)
FN:273,(anonymous_11)
FN:285,(anonymous_12)
FN:301,(anonymous_13)
FN:302,(anonymous_14)
FN:328,(anonymous_15)
FNF:16
FNH:11
FNDA:64,(anonymous_0)
FNDA:48,(anonymous_1)
FNDA:0,(anonymous_2)
FNDA:64,(anonymous_3)
FNDA:0,(anonymous_4)
FNDA:16,(anonymous_5)
FNDA:14,(anonymous_6)
FNDA:7,(anonymous_7)
FNDA:16,(anonymous_8)
FNDA:7,(anonymous_9)
FNDA:0,(anonymous_10)
FNDA:0,(anonymous_11)
FNDA:0,(anonymous_12)
FNDA:1,(anonymous_13)
FNDA:8,(anonymous_14)
FNDA:64,(anonymous_15)
DA:7,2
DA:135,2
DA:136,64
DA:137,64
DA:139,64
DA:140,48
DA:144,64
DA:145,0
DA:146,0
DA:147,0
DA:150,64
DA:151,64
DA:154,64
DA:191,0
DA:202,2
DA:210,2
DA:211,16
DA:212,16
DA:213,16
DA:216,16
DA:227,16
DA:238,16
DA:239,14
DA:240,7
DA:241,7
DA:242,4
DA:243,4
DA:245,3
DA:249,14
DA:250,7
DA:255,16
DA:257,16
DA:258,7
DA:259,7
DA:260,0
DA:264,16
DA:265,7
DA:271,16
DA:273,0
DA:275,0
DA:276,0
DA:277,0
DA:280,0
DA:281,0
DA:285,0
DA:287,0
DA:288,0
DA:289,0
DA:291,0
DA:293,0
DA:296,0
DA:301,16
DA:302,1
DA:303,8
DA:312,16
DA:329,64
LF:56
LH:38
BRDA:145,0,0,0
BRDA:145,0,1,0
BRDA:157,1,0,0
BRDA:157,1,1,64
BRDA:241,2,0,4
BRDA:241,2,1,3
BRDA:241,3,0,7
BRDA:241,3,1,7
BRDA:241,3,2,7
BRDA:249,4,0,7
BRDA:249,4,1,7
BRDA:259,5,0,0
BRDA:259,5,1,7
BRDA:259,6,0,7
BRDA:259,6,1,7
BRDA:264,7,0,7
BRDA:264,7,1,9
BRDA:275,8,0,0
BRDA:275,8,1,0
BRDA:287,9,0,0
BRDA:287,9,1,0
BRDA:315,10,0,16
BRDA:315,10,1,0
BRDA:316,11,0,16
BRDA:316,11,1,0
BRDA:319,12,0,16
BRDA:319,12,1,9
BRDA:319,12,2,3
BRDA:334,13,0,64
BRDA:334,13,1,0
BRF:30
BRH:19
end_of_record
TN:
SF:frontend/screens/UserProfile/Subscreens/Goals/styles.js
FNF:0
FNH:0
DA:3,0
LF:1
LH:0
BRF:0
BRH:0
end_of_record
TN:
SF:frontend/screens/UserProfile/Subscreens/Recipes/Recipes.js
FN:12,NewRecipeButton
FN:16,(anonymous_1)
FN:24,Recipes
FN:30,(anonymous_3)
FN:35,(anonymous_4)
FN:36,(anonymous_5)
FN:41,(anonymous_6)
FN:56,(anonymous_7)
FN:83,(anonymous_8)
FN:90,(anonymous_9)
FN:99,(anonymous_10)
FNF:11
FNH:0
FNDA:0,NewRecipeButton
FNDA:0,(anonymous_1)
FNDA:0,Recipes
FNDA:0,(anonymous_3)
FNDA:0,(anonymous_4)
FNDA:0,(anonymous_5)
FNDA:0,(anonymous_6)
FNDA:0,(anonymous_7)
FNDA:0,(anonymous_8)
FNDA:0,(anonymous_9)
FNDA:0,(anonymous_10)
DA:14,0
DA:16,0
DA:25,0
DA:26,0
DA:27,0
DA:28,0
DA:30,0
DA:31,0
DA:35,0
DA:36,0
DA:38,0
DA:41,0
DA:48,0
DA:51,0
DA:55,0
DA:57,0
DA:62,0
DA:83,0
DA:91,0
DA:99,0
LF:20
LH:0
BRDA:16,0,0,0
BRDA:16,0,1,0
BRDA:57,1,0,0
BRDA:57,1,1,0
BRDA:87,2,0,0
BRDA:87,2,1,0
BRF:6
BRH:0
end_of_record
TN:
SF:frontend/screens/UserProfile/Subscreens/Recipes/styles.js
FNF:0
FNH:0
DA:3,0
LF:1
LH:0
BRF:0
BRH:0
end_of_record
TN:
SF:frontend/screens/UserProfile/Subscreens/Recipes/NewRecipe/NewRecipe.js
FN:26,(anonymous_0)
FN:40,AddFoodButton
FN:45,(anonymous_2)
FN:53,AddImageButton
FN:58,(anonymous_4)
FN:66,getFileName
FN:72,(anonymous_6)
FN:86,(anonymous_7)
FN:91,(anonymous_8)
FN:102,(anonymous_9)
FN:116,(anonymous_10)
FN:124,(anonymous_11)
FN:131,(anonymous_12)
FN:136,(anonymous_13)
FN:137,(anonymous_14)
FN:140,(anonymous_15)
FN:163,(anonymous_16)
FN:169,(anonymous_17)
FN:246,(anonymous_18)
FN:254,(anonymous_19)
FN:270,(anonymous_20)
FN:275,(anonymous_21)
FN:286,(anonymous_22)
FN:327,(anonymous_23)
FN:328,(anonymous_24)
FN:343,(anonymous_25)
FNF:26
FNH:0
FNDA:0,(anonymous_0)
FNDA:0,AddFoodButton
FNDA:0,(anonymous_2)
FNDA:0,AddImageButton
FNDA:0,(anonymous_4)
FNDA:0,getFileName
FNDA:0,(anonymous_6)
FNDA:0,(anonymous_7)
FNDA:0,(anonymous_8)
FNDA:0,(anonymous_9)
FNDA:0,(anonymous_10)
FNDA:0,(anonymous_11)
FNDA:0,(anonymous_12)
FNDA:0,(anonymous_13)
FNDA:0,(anonymous_14)
FNDA:0,(anonymous_15)
FNDA:0,(anonymous_16)
FNDA:0,(anonymous_17)
FNDA:0,(anonymous_18)
FNDA:0,(anonymous_19)
FNDA:0,(anonymous_20)
FNDA:0,(anonymous_21)
FNDA:0,(anonymous_22)
FNDA:0,(anonymous_23)
FNDA:0,(anonymous_24)
FNDA:0,(anonymous_25)
DA:26,0
DA:27,0
DA:28,0
DA:29,0
DA:30,0
DA:31,0
DA:32,0
DA:33,0
DA:34,0
DA:35,0
DA:36,0
DA:37,0
DA:38,0
DA:41,0
DA:45,0
DA:54,0
DA:58,0
DA:67,0
DA:68,0
DA:69,0
DA:72,0
DA:73,0
DA:80,0
DA:81,0
DA:82,0
DA:86,0
DA:87,0
DA:88,0
DA:91,0
DA:92,0
DA:93,0
DA:94,0
DA:97,0
DA:98,0
DA:99,0
DA:102,0
DA:103,0
DA:107,0
DA:108,0
DA:109,0
DA:110,0
DA:112,0
DA:116,0
DA:117,0
DA:124,0
DA:131,0
DA:132,0
DA:133,0
DA:136,0
DA:137,0
DA:140,0
DA:141,0
DA:142,0
DA:147,0
DA:149,0
DA:150,0
DA:158,0
DA:163,0
DA:164,0
DA:165,0
DA:169,0
DA:170,0
DA:171,0
DA:172,0
DA:174,0
DA:175,0
DA:181,0
DA:182,0
DA:189,0
DA:190,0
DA:191,0
DA:193,0
DA:195,0
DA:196,0
DA:197,0
DA:198,0
DA:199,0
DA:205,0
DA:217,0
DA:218,0
DA:219,0
DA:220,0
DA:221,0
DA:223,0
DA:224,0
DA:228,0
DA:246,0
DA:254,0
DA:271,0
DA:272,0
DA:275,0
DA:286,0
DA:327,0
DA:329,0
DA:343,0
LF:95
LH:0
BRDA:45,0,0,0
BRDA:45,0,1,0
BRDA:58,1,0,0
BRDA:58,1,1,0
BRDA:80,2,0,0
BRDA:80,2,1,0
BRDA:80,3,0,0
BRDA:80,3,1,0
BRDA:92,4,0,0
BRDA:92,4,1,0
BRDA:97,5,0,0
BRDA:97,5,1,0
BRDA:102,6,0,0
BRDA:102,6,1,0
BRDA:121,7,0,0
BRDA:121,7,1,0
BRDA:164,8,0,0
BRDA:164,8,1,0
BRDA:170,9,0,0
BRDA:170,9,1,0
BRDA:195,10,0,0
BRDA:195,10,1,0
BRDA:291,11,0,0
BRDA:291,11,1,0
BRDA:291,11,2,0
BRDA:323,12,0,0
BRDA:323,12,1,0
BRDA:364,13,0,0
BRDA:364,13,1,0
BRF:29
BRH:0
end_of_record
TN:
SF:frontend/screens/UserProfile/Subscreens/Recipes/NewRecipe/styles.js
FNF:0
FNH:0
DA:3,0
DA:5,0
LF:2
LH:0
BRF:0
BRH:0
end_of_record
TN:
SF:frontend/screens/UserProfile/Subscreens/Recipes/recipeComponents/RecipeModal.js
FN:8,(anonymous_0)
FN:10,getFileName
FN:20,(anonymous_2)
FN:38,(anonymous_3)
FN:94,(anonymous_4)
FN:105,(anonymous_5)
FNF:6
FNH:0
FNDA:0,(anonymous_0)
FNDA:0,getFileName
FNDA:0,(anonymous_2)
FNDA:0,(anonymous_3)
FNDA:0,(anonymous_4)
FNDA:0,(anonymous_5)
DA:8,0
DA:12,0
DA:14,0
DA:17,0
DA:18,0
DA:19,0
DA:20,0
DA:21,0
DA:30,0
DA:31,0
DA:34,0
DA:38,0
DA:39,0
DA:40,0
DA:41,0
DA:44,0
DA:45,0
DA:51,0
DA:52,0
DA:54,0
DA:56,0
DA:57,0
DA:58,0
DA:59,0
DA:60,0
DA:66,0
DA:74,0
DA:75,0
DA:76,0
DA:78,0
DA:79,0
DA:84,0
DA:105,0
DA:147,0
LF:34
LH:0
BRDA:30,0,0,0
BRDA:30,0,1,0
BRDA:39,1,0,0
BRDA:39,1,1,0
BRDA:56,2,0,0
BRDA:56,2,1,0
BRDA:123,3,0,0
BRDA:123,3,1,0
BRF:8
BRH:0
end_of_record
TN:
SF:frontend/screens/UserProfile/Subscreens/Reminders/Reminders.js
FN:20,Reminders
FN:35,(anonymous_1)
FN:36,(anonymous_2)
FN:43,(anonymous_3)
FN:61,(anonymous_4)
FN:62,(anonymous_5)
FN:74,(anonymous_6)
FN:75,(anonymous_7)
FN:86,(anonymous_8)
FN:93,(anonymous_9)
FN:104,(anonymous_10)
FN:105,(anonymous_11)
FN:109,(anonymous_12)
FN:110,(anonymous_13)
FN:118,(anonymous_14)
FN:131,(anonymous_15)
FN:140,(anonymous_16)
FN:153,(anonymous_17)
FN:158,(anonymous_18)
FN:161,(anonymous_19)
FN:180,(anonymous_20)
FN:192,(anonymous_21)
FN:214,(anonymous_22)
FN:222,(anonymous_23)
FN:229,(anonymous_24)
FN:239,(anonymous_25)
FN:240,(anonymous_26)
FN:247,(anonymous_27)
FNF:28
FNH:0
FNDA:0,Reminders
FNDA:0,(anonymous_1)
FNDA:0,(anonymous_2)
FNDA:0,(anonymous_3)
FNDA:0,(anonymous_4)
FNDA:0,(anonymous_5)
FNDA:0,(anonymous_6)
FNDA:0,(anonymous_7)
FNDA:0,(anonymous_8)
FNDA:0,(anonymous_9)
FNDA:0,(anonymous_10)
FNDA:0,(anonymous_11)
FNDA:0,(anonymous_12)
FNDA:0,(anonymous_13)
FNDA:0,(anonymous_14)
FNDA:0,(anonymous_15)
FNDA:0,(anonymous_16)
FNDA:0,(anonymous_17)
FNDA:0,(anonymous_18)
FNDA:0,(anonymous_19)
FNDA:0,(anonymous_20)
FNDA:0,(anonymous_21)
FNDA:0,(anonymous_22)
FNDA:0,(anonymous_23)
FNDA:0,(anonymous_24)
FNDA:0,(anonymous_25)
FNDA:0,(anonymous_26)
FNDA:0,(anonymous_27)
DA:12,0
DA:21,0
DA:22,0
DA:23,0
DA:30,0
DA:31,0
DA:32,0
DA:35,0
DA:36,0
DA:37,0
DA:39,0
DA:43,0
DA:44,0
DA:46,0
DA:53,0
DA:55,0
DA:56,0
DA:61,0
DA:62,0
DA:63,0
DA:64,0
DA:65,0
DA:71,0
DA:74,0
DA:75,0
DA:76,0
DA:77,0
DA:83,0
DA:86,0
DA:87,0
DA:88,0
DA:89,0
DA:92,0
DA:93,0
DA:96,0
DA:97,0
DA:98,0
DA:101,0
DA:104,0
DA:105,0
DA:106,0
DA:109,0
DA:110,0
DA:111,0
DA:112,0
DA:113,0
DA:114,0
DA:118,0
DA:119,0
DA:120,0
DA:121,0
DA:123,0
DA:125,0
DA:126,0
DA:127,0
DA:128,0
DA:131,0
DA:132,0
DA:133,0
DA:134,0
DA:137,0
DA:141,0
DA:153,0
DA:158,0
DA:161,0
DA:180,0
DA:192,0
DA:214,0
DA:223,0
DA:229,0
DA:239,0
DA:241,0
DA:248,0
LF:73
LH:0
BRDA:37,0,0,0
BRDA:37,0,1,0
BRDA:55,1,0,0
BRDA:55,1,1,0
BRDA:65,2,0,0
BRDA:65,2,1,0
BRDA:87,3,0,0
BRDA:87,3,1,0
BRDA:87,4,0,0
BRDA:87,4,1,0
BRDA:92,5,0,0
BRDA:92,5,1,0
BRDA:93,6,0,0
BRDA:93,6,1,0
BRDA:111,7,0,0
BRDA:111,7,1,0
BRDA:119,8,0,0
BRDA:119,8,1,0
BRDA:120,9,0,0
BRDA:120,9,1,0
BRDA:127,10,0,0
BRDA:127,10,1,0
BRDA:127,11,0,0
BRDA:127,11,1,0
BRDA:127,12,0,0
BRDA:127,12,1,0
BRDA:156,13,0,0
BRDA:156,13,1,0
BRDA:183,14,0,0
BRDA:183,14,1,0
BRDA:185,15,0,0
BRDA:185,15,1,0
BRDA:200,16,0,0
BRDA:200,16,1,0
BRDA:200,16,2,0
BRDA:201,17,0,0
BRDA:201,17,1,0
BRDA:205,18,0,0
BRDA:205,18,1,0
BRDA:205,19,0,0
BRDA:205,19,1,0
BRDA:209,20,0,0
BRDA:209,20,1,0
BRDA:227,21,0,0
BRDA:227,21,1,0
BRDA:231,22,0,0
BRDA:231,22,1,0
BRDA:241,23,0,0
BRDA:241,23,1,0
BRDA:248,24,0,0
BRDA:248,24,1,0
BRF:51
BRH:0
end_of_record
TN:
SF:frontend/screens/UserProfile/Subscreens/Reminders/styles.js
FNF:0
FNH:0
DA:3,0
DA:6,0
LF:2
LH:0
BRF:0
BRH:0
end_of_record
TN:
SF:frontend/services/AwardsService.js
FN:11,(anonymous_0)
FN:22,(anonymous_1)
FN:34,(anonymous_2)
FN:47,(anonymous_3)
FN:58,(anonymous_4)
FN:69,(anonymous_5)
FN:80,(anonymous_6)
FNF:7
FNH:7
FNDA:1,(anonymous_0)
FNDA:1,(anonymous_1)
FNDA:1,(anonymous_2)
FNDA:1,(anonymous_3)
FNDA:1,(anonymous_4)
FNDA:1,(anonymous_5)
FNDA:1,(anonymous_6)
DA:11,1
DA:12,1
DA:13,1
DA:22,1
DA:23,1
DA:24,1
DA:34,1
DA:35,1
DA:36,1
DA:47,1
DA:48,1
DA:49,1
DA:58,1
DA:59,1
DA:60,1
DA:69,1
DA:70,1
DA:71,1
DA:80,1
DA:81,1
DA:82,1
LF:21
LH:21
BRF:0
BRH:0
end_of_record
TN:
SF:frontend/services/CommunityService.js
FN:5,createCommunity
FN:33,joinCommunity
FN:50,getCommunityDetails
FN:69,getUserRole
FN:84,getAllCommunities
FN:95,getUserCommunities
FN:106,deleteCommunity
FN:118,leaveCommunity
FN:130,updateCommunityDesc
FN:142,updateJoinPrivacy
FN:154,getCommunityImage
FN:169,makePost
FN:181,getCommunityPosts
FN:195,removeMember
FN:207,getCommunityMembers
FN:221,acceptRequest
FN:233,denyRequest
FN:245,getPendingRequests
FN:259,getCommunityRecipes
FNF:19
FNH:0
FNDA:0,createCommunity
FNDA:0,joinCommunity
FNDA:0,getCommunityDetails
FNDA:0,getUserRole
FNDA:0,getAllCommunities
FNDA:0,getUserCommunities
FNDA:0,deleteCommunity
FNDA:0,leaveCommunity
FNDA:0,updateCommunityDesc
FNDA:0,updateJoinPrivacy
FNDA:0,getCommunityImage
FNDA:0,makePost
FNDA:0,getCommunityPosts
FNDA:0,removeMember
FNDA:0,getCommunityMembers
FNDA:0,acceptRequest
FNDA:0,denyRequest
FNDA:0,getPendingRequests
FNDA:0,getCommunityRecipes
DA:6,0
DA:7,0
DA:8,0
DA:15,0
DA:16,0
DA:17,0
DA:20,0
DA:21,0
DA:23,0
DA:25,0
DA:26,0
DA:28,0
DA:29,0
DA:34,0
DA:35,0
DA:36,0
DA:43,0
DA:45,0
DA:46,0
DA:51,0
DA:52,0
DA:53,0
DA:62,0
DA:64,0
DA:65,0
DA:70,0
DA:71,0
DA:81,0
DA:85,0
DA:86,0
DA:92,0
DA:96,0
DA:97,0
DA:103,0
DA:107,0
DA:108,0
DA:115,0
DA:119,0
DA:120,0
DA:127,0
DA:131,0
DA:132,0
DA:139,0
DA:143,0
DA:144,0
DA:151,0
DA:155,0
DA:156,0
DA:166,0
DA:170,0
DA:171,0
DA:178,0
DA:182,0
DA:183,0
DA:192,0
DA:196,0
DA:197,0
DA:204,0
DA:208,0
DA:209,0
DA:218,0
DA:222,0
DA:223,0
DA:230,0
DA:234,0
DA:235,0
DA:242,0
DA:246,0
DA:247,0
DA:256,0
DA:260,0
DA:261,0
DA:262,0
DA:271,0
DA:273,0
DA:274,0
LF:76
LH:0
BRDA:15,0,0,0
BRDA:15,0,1,0
BRDA:21,1,0,0
BRDA:21,1,1,0
BRF:4
BRH:0
end_of_record
TN:
SF:frontend/services/FoodLogService.js
FN:5,(anonymous_0)
FN:10,(anonymous_1)
FN:15,(anonymous_2)
FN:20,(anonymous_3)
FN:25,(anonymous_4)
FN:36,(anonymous_5)
FN:44,(anonymous_6)
FN:49,(anonymous_7)
FN:54,(anonymous_8)
FN:59,(anonymous_9)
FN:64,(anonymous_10)
FN:69,(anonymous_11)
FN:74,(anonymous_12)
FN:79,(anonymous_13)
FN:84,(anonymous_14)
FN:89,(anonymous_15)
FN:94,(anonymous_16)
FNF:17
FNH:13
FNDA:1,(anonymous_0)
FNDA:1,(anonymous_1)
FNDA:2,(anonymous_2)
FNDA:2,(anonymous_3)
FNDA:2,(anonymous_4)
FNDA:1,(anonymous_5)
FNDA:2,(anonymous_6)
FNDA:1,(anonymous_7)
FNDA:1,(anonymous_8)
FNDA:1,(anonymous_9)
FNDA:1,(anonymous_10)
FNDA:1,(anonymous_11)
FNDA:1,(anonymous_12)
FNDA:0,(anonymous_13)
FNDA:0,(anonymous_14)
FNDA:0,(anonymous_15)
FNDA:0,(anonymous_16)
DA:5,1
DA:6,1
DA:7,1
DA:10,1
DA:11,1
DA:12,1
DA:15,1
DA:16,2
DA:17,2
DA:20,1
DA:21,2
DA:22,2
DA:25,1
DA:26,2
DA:27,2
DA:28,2
DA:29,1
DA:31,1
DA:32,1
DA:36,1
DA:37,1
DA:38,1
DA:44,1
DA:45,2
DA:46,2
DA:49,1
DA:50,1
DA:51,1
DA:54,1
DA:55,1
DA:56,1
DA:59,1
DA:60,1
DA:61,1
DA:64,1
DA:65,1
DA:66,1
DA:69,1
DA:70,1
DA:71,1
DA:74,1
DA:75,1
DA:76,1
DA:79,1
DA:80,0
DA:81,0
DA:84,1
DA:85,0
DA:86,0
DA:89,1
DA:90,0
DA:91,0
DA:94,1
DA:95,0
DA:96,0
DA:97,0
DA:98,0
LF:57
LH:47
BRF:0
BRH:0
end_of_record
TN:
SF:frontend/services/GoalsService.js
FN:10,(anonymous_0)
FN:25,(anonymous_1)
FN:40,(anonymous_2)
FN:55,(anonymous_3)
FN:71,(anonymous_4)
FN:92,(anonymous_5)
FN:107,(anonymous_6)
FN:132,(anonymous_7)
FNF:8
FNH:8
FNDA:2,(anonymous_0)
FNDA:2,(anonymous_1)
FNDA:2,(anonymous_2)
FNDA:2,(anonymous_3)
FNDA:2,(anonymous_4)
FNDA:2,(anonymous_5)
FNDA:1,(anonymous_6)
FNDA:1,(anonymous_7)
DA:10,1
DA:11,2
DA:12,2
DA:13,2
DA:15,1
DA:16,1
DA:25,1
DA:26,2
DA:27,2
DA:28,2
DA:30,1
DA:31,1
DA:40,1
DA:41,2
DA:42,2
DA:43,2
DA:45,1
DA:46,1
DA:55,1
DA:56,2
DA:57,2
DA:58,2
DA:60,1
DA:61,1
DA:71,1
DA:72,2
DA:73,2
DA:74,2
DA:78,2
DA:82,1
DA:83,1
DA:92,1
DA:93,2
DA:94,2
DA:95,2
DA:97,1
DA:98,1
DA:107,1
DA:108,1
DA:109,1
DA:110,1
DA:117,1
DA:121,1
DA:122,1
DA:132,1
DA:133,1
DA:134,1
DA:135,1
DA:137,1
DA:138,1
LF:50
LH:50
BRF:0
BRH:0
end_of_record
TN:
SF:frontend/services/ImageService 2.js
FN:6,(anonymous_0)
FN:15,(anonymous_1)
FN:28,(anonymous_2)
FNF:3
FNH:0
FNDA:0,(anonymous_0)
FNDA:0,(anonymous_1)
FNDA:0,(anonymous_2)
DA:6,0
DA:7,0
DA:8,0
DA:9,0
DA:10,0
DA:15,0
DA:16,0
DA:23,0
DA:24,0
DA:28,0
DA:29,0
DA:30,0
DA:31,0
DA:32,0
DA:33,0
DA:34,0
DA:35,0
DA:36,0
DA:37,0
DA:39,0
DA:45,0
DA:46,0
DA:48,0
LF:23
LH:0
BRDA:7,0,0,0
BRDA:7,0,1,0
BRDA:9,1,0,0
BRDA:9,1,1,0
BRDA:23,2,0,0
BRDA:23,2,1,0
BRF:6
BRH:0
end_of_record
TN:
SF:frontend/services/ImageService.js
FN:6,(anonymous_0)
FN:15,(anonymous_1)
FN:28,(anonymous_2)
FNF:3
FNH:0
FNDA:0,(anonymous_0)
FNDA:0,(anonymous_1)
FNDA:0,(anonymous_2)
DA:6,0
DA:7,0
DA:8,0
DA:9,0
DA:10,0
DA:15,0
DA:16,0
DA:23,0
DA:24,0
DA:28,0
DA:29,0
DA:30,0
DA:31,0
DA:32,0
DA:33,0
DA:34,0
DA:35,0
DA:36,0
DA:37,0
DA:39,0
DA:45,0
DA:47,0
LF:22
LH:0
BRDA:7,0,0,0
BRDA:7,0,1,0
BRDA:9,1,0,0
BRDA:9,1,1,0
BRDA:23,2,0,0
BRDA:23,2,1,0
BRF:6
BRH:0
end_of_record
TN:
SF:frontend/services/StatsService.js
FN:6,(anonymous_0)
FN:20,(anonymous_1)
FN:32,(anonymous_2)
FN:42,(anonymous_3)
FN:52,(anonymous_4)
FN:62,(anonymous_5)
FN:72,(anonymous_6)
FN:82,(anonymous_7)
FN:92,(anonymous_8)
FNF:9
FNH:9
FNDA:2,(anonymous_0)
FNDA:2,(anonymous_1)
FNDA:2,(anonymous_2)
FNDA:2,(anonymous_3)
FNDA:2,(anonymous_4)
FNDA:2,(anonymous_5)
FNDA:2,(anonymous_6)
FNDA:2,(anonymous_7)
FNDA:2,(anonymous_8)
DA:6,1
DA:7,2
DA:8,2
DA:9,2
DA:12,1
DA:14,1
DA:15,1
DA:20,1
DA:21,2
DA:22,2
DA:23,2
DA:27,1
DA:28,1
DA:32,1
DA:33,2
DA:34,2
DA:35,2
DA:37,1
DA:38,1
DA:42,1
DA:43,2
DA:44,2
DA:45,2
DA:47,1
DA:48,1
DA:52,1
DA:53,2
DA:54,2
DA:55,2
DA:57,1
DA:58,1
DA:62,1
DA:63,2
DA:64,2
DA:65,2
DA:67,1
DA:68,1
DA:72,1
DA:73,2
DA:74,2
DA:75,2
DA:77,1
DA:78,1
DA:82,1
DA:83,2
DA:84,2
DA:85,2
DA:87,1
DA:88,1
DA:92,1
DA:93,2
DA:94,2
DA:95,2
DA:97,1
DA:98,1
LF:55
LH:55
BRF:0
BRH:0
end_of_record
TN:
SF:frontend/services/UserService.js
FN:5,(anonymous_0)
FN:24,(anonymous_1)
FNF:2
FNH:2
FNDA:4,(anonymous_0)
FNDA:1,(anonymous_1)
DA:5,1
DA:6,4
DA:7,4
DA:12,1
DA:14,3
DA:15,1
DA:17,1
DA:19,3
DA:20,3
DA:24,1
DA:25,1
DA:26,1
DA:27,1
DA:32,1
DA:34,0
DA:35,0
LF:16
LH:14
BRDA:14,0,0,1
BRDA:14,0,1,2
BRDA:14,1,0,1
BRDA:14,1,1,1
BRF:4
BRH:4
end_of_record
TN:
SF:frontend/styles/NavbarStyles.js
FNF:0
FNH:0
LF:0
LH:0
BRF:0
BRH:0
end_of_record
TN:
SF:frontend/styles/global.js
FNF:0
FNH:0
DA:3,3
LF:1
LH:1
BRF:0
BRH:0
end_of_record
